
**** Build of configuration Release for project bootmgr ****

"C:\\ti\\ccsv6\\utils\\bin\\gmake" -k all 
'Building file: ../main.c'
'Invoking: ARM Compiler'
"C:/ti/ccsv6/tools/compiler/ti-cgt-arm_5.2.2/bin/armcl" -mv7M4 --code_state=16 --float_support=vfplib --abi=eabi -me -O3 --opt_for_speed=0 --include_path="C:/ti/ccsv6/tools/compiler/ti-cgt-arm_5.2.2/include" --include_path="C:/ti/CC3200SDK_1.1.0/cc3200-sdk/example/application_bootloader/ccs" --include_path="C:/ti/CC3200SDK_1.1.0/cc3200-sdk/example/application_bootloader/" --include_path="C:/ti/CC3200SDK_1.1.0/cc3200-sdk/driverlib" --include_path="C:/ti/CC3200SDK_1.1.0/cc3200-sdk/inc" --include_path="C:/ti/CC3200SDK_1.1.0/cc3200-sdk/simplelink/" --include_path="C:/ti/CC3200SDK_1.1.0/cc3200-sdk/simplelink/include/" --include_path="C:/ti/CC3200SDK_1.1.0/cc3200-sdk/simplelink_extlib/flc" -g --define=cc3200 --define=ccs --display_error_number --diag_warning=225 --diag_wrap=off --preproc_with_compile --preproc_dependency="main.pp"  "../main.c"
'Finished building: ../main.c'
' '
'Building file: ../startup_ccs.c'
'Invoking: ARM Compiler'
"C:/ti/ccsv6/tools/compiler/ti-cgt-arm_5.2.2/bin/armcl" -mv7M4 --code_state=16 --float_support=vfplib --abi=eabi -me -O3 --opt_for_speed=0 --include_path="C:/ti/ccsv6/tools/compiler/ti-cgt-arm_5.2.2/include" --include_path="C:/ti/CC3200SDK_1.1.0/cc3200-sdk/example/application_bootloader/ccs" --include_path="C:/ti/CC3200SDK_1.1.0/cc3200-sdk/example/application_bootloader/" --include_path="C:/ti/CC3200SDK_1.1.0/cc3200-sdk/driverlib" --include_path="C:/ti/CC3200SDK_1.1.0/cc3200-sdk/inc" --include_path="C:/ti/CC3200SDK_1.1.0/cc3200-sdk/simplelink/" --include_path="C:/ti/CC3200SDK_1.1.0/cc3200-sdk/simplelink/include/" --include_path="C:/ti/CC3200SDK_1.1.0/cc3200-sdk/simplelink_extlib/flc" -g --define=cc3200 --define=ccs --display_error_number --diag_warning=225 --diag_wrap=off --preproc_with_compile --preproc_dependency="startup_ccs.pp"  "../startup_ccs.c"
'Finished building: ../startup_ccs.c'
' '
'Building file: ../udma_if.c'
'Invoking: ARM Compiler'
"C:/ti/ccsv6/tools/compiler/ti-cgt-arm_5.2.2/bin/armcl" -mv7M4 --code_state=16 --float_support=vfplib --abi=eabi -me -O3 --opt_for_speed=0 --include_path="C:/ti/ccsv6/tools/compiler/ti-cgt-arm_5.2.2/include" --include_path="C:/ti/CC3200SDK_1.1.0/cc3200-sdk/example/application_bootloader/ccs" --include_path="C:/ti/CC3200SDK_1.1.0/cc3200-sdk/example/application_bootloader/" --include_path="C:/ti/CC3200SDK_1.1.0/cc3200-sdk/driverlib" --include_path="C:/ti/CC3200SDK_1.1.0/cc3200-sdk/inc" --include_path="C:/ti/CC3200SDK_1.1.0/cc3200-sdk/simplelink/" --include_path="C:/ti/CC3200SDK_1.1.0/cc3200-sdk/simplelink/include/" --include_path="C:/ti/CC3200SDK_1.1.0/cc3200-sdk/simplelink_extlib/flc" -g --define=cc3200 --define=ccs --display_error_number --diag_warning=225 --diag_wrap=off --preproc_with_compile --preproc_dependency="udma_if.pp"  "../udma_if.c"
'Finished building: ../udma_if.c'
' '
'Building target: bootmgr.out'
'Invoking: ARM Linker'
"C:/ti/ccsv6/tools/compiler/ti-cgt-arm_5.2.2/bin/armcl" -mv7M4 --code_state=16 --float_support=vfplib --abi=eabi -me -O3 --opt_for_speed=0 -g --define=cc3200 --define=ccs --display_error_number --diag_warning=225 --diag_wrap=off -z -m"bootmgr.map" --heap_size=0x0 --stack_size=0x280 -i"C:/ti/ccsv6/tools/compiler/ti-cgt-arm_5.2.2/lib" -i"C:/ti/ccsv6/tools/compiler/ti-cgt-arm_5.2.2/include" -i"C:/ti/CC3200SDK_1.1.0/cc3200-sdk/driverlib/ccs/Release" -i"C:/ti/CC3200SDK_1.1.0/cc3200-sdk/simplelink/ccs/NON_OS" --reread_libs --warn_sections --display_error_number --diag_wrap=off --xml_link_info="bootmgr_linkInfo.xml" --rom_model -o "bootmgr.out" "./main.obj" "./startup_ccs.obj" "./udma_if.obj" "../bootmgr.cmd"  -l"libc.a" -lsimplelink_opt.a -ldriverlib.a 
<Linking>
'Finished building target: bootmgr.out'
' '
"C:/ti/ccsv6/utils/tiobj2bin/tiobj2bin" "bootmgr.out" "bootmgr.bin" "C:/ti/ccsv6/tools/compiler/ti-cgt-arm_5.2.2/bin/armofd" "C:/ti/ccsv6/tools/compiler/ti-cgt-arm_5.2.2/bin/armhex" "C:/ti/ccsv6/utils/tiobj2bin/mkhex4bin"
"C:/ti/CC3200SDK_1.1.0/cc3200-sdk/example/application_bootloader/ccs/../../../example/application_bootloader/ccs/bootgen.exe" "C:/ti/CC3200SDK_1.1.0/cc3200-sdk/example/application_bootloader/ccs/../../../example/application_bootloader/relocator/ewarm/Release/Exe/relocator.bin"  "bootmgr.bin" "application_bootloader.bin"
' '

**** Build Finished ****
