
**** Build of configuration Debug for project common ****

"C:\\ti\\ccsv6\\utils\\bin\\gmake" -k all 
'Building file: ../network_if.c'
'Invoking: ARM Compiler'
"C:/ti/ccsv6/tools/compiler/ti-cgt-arm_5.2.2/bin/armcl" -mv7M4 --code_state=16 --float_support=vfplib --abi=eabi -me --include_path="C:/ti/ccsv6/tools/compiler/ti-cgt-arm_5.2.2/include" --include_path="C:/ti/CC3200SDK_1.1.0/cc3200-sdk/simplelink" --include_path="C:/ti/CC3200SDK_1.1.0/cc3200-sdk/driverlib" --include_path="C:/ti/CC3200SDK_1.1.0/cc3200-sdk/inc" -g --define=cc3200 --display_error_number --diag_warning=225 --diag_wrap=off --preproc_with_compile --preproc_dependency="network_if.pp"  "../network_if.c"
"../network_if.c", line 43: fatal error #1965: cannot open source file "simplelink.h"
1 catastrophic error detected in the compilation of "../network_if.c".
Compilation terminated.

>> Compilation failure
gmake: *** [network_if.obj] Error 1
'Building file: ../startup_ewarm.c'
'Invoking: ARM Compiler'
"C:/ti/ccsv6/tools/compiler/ti-cgt-arm_5.2.2/bin/armcl" -mv7M4 --code_state=16 --float_support=vfplib --abi=eabi -me --include_path="C:/ti/ccsv6/tools/compiler/ti-cgt-arm_5.2.2/include" --include_path="C:/ti/CC3200SDK_1.1.0/cc3200-sdk/simplelink" --include_path="C:/ti/CC3200SDK_1.1.0/cc3200-sdk/driverlib" --include_path="C:/ti/CC3200SDK_1.1.0/cc3200-sdk/inc" -g --define=cc3200 --display_error_number --diag_warning=225 --diag_wrap=off --preproc_with_compile --preproc_dependency="startup_ewarm.pp"  "../startup_ewarm.c"
"../startup_ewarm.c", line 75: error #7: unrecognized token
"../startup_ewarm.c", line 75: error #66: expected a ";"
"../startup_ewarm.c", line 84: warning #78-D: this declaration has no storage class or type specifier
"../startup_ewarm.c", line 84: error #66: expected a ";"
"../startup_ewarm.c", line 84: error #7: unrecognized token
"../startup_ewarm.c", line 176: warning #12-D: parsing restarts here after previous syntax error
"../startup_ewarm.c", line 205: warning #179-D: function "NmiSR" was declared but never referenced
"../startup_ewarm.c", line 223: warning #179-D: function "FaultISR" was declared but never referenced
"../startup_ewarm.c", line 261: warning #179-D: function "IntDefaultHandler" was declared but never referenced
"../startup_ewarm.c", line 243: warning #179-D: function "BusFaultHandler" was declared but never referenced

"../startup_ewarm.c", line 75: warning #179-D: variable "pulStack" was declared but never referenced
>> Compilation failure
4 errors detected in the compilation of "../startup_ewarm.c".
gmake: *** [startup_ewarm.obj] Error 1
'Building file: ../startup_gcc.c'
'Invoking: ARM Compiler'
"C:/ti/ccsv6/tools/compiler/ti-cgt-arm_5.2.2/bin/armcl" -mv7M4 --code_state=16 --float_support=vfplib --abi=eabi -me --include_path="C:/ti/ccsv6/tools/compiler/ti-cgt-arm_5.2.2/include" --include_path="C:/ti/CC3200SDK_1.1.0/cc3200-sdk/simplelink" --include_path="C:/ti/CC3200SDK_1.1.0/cc3200-sdk/driverlib" --include_path="C:/ti/CC3200SDK_1.1.0/cc3200-sdk/inc" -g --define=cc3200 --display_error_number --diag_warning=225 --diag_wrap=off --preproc_with_compile --preproc_dependency="startup_gcc.pp"  "../startup_gcc.c"
"C:\Users\KDLUZY~1\AppData\Local\Temp\0388810", ERROR!   at line 439: [E0200] Bad term in expression
	    ldr     r0, =_bss

"C:\Users\KDLUZY~1\AppData\Local\Temp\0388810", ERROR!   at line 439: [E0001] Illegal symbol
	    ldr     r0, =_bss

"C:\Users\KDLUZY~1\AppData\Local\Temp\0388810", ERROR!   at line 439: [E0003] Unexpected trailing operand(s)
	    ldr     r0, =_bss

"C:\Users\KDLUZY~1\AppData\Local\Temp\0388810", ERROR!   at line 440: [E0200] Bad term in expression
	    ldr     r1, =_ebss

"C:\Users\KDLUZY~1\AppData\Local\Temp\0388810", ERROR!   at line 440: [E0001] Illegal symbol
	    ldr     r1, =_ebss

"C:\Users\KDLUZY~1\AppData\Local\Temp\0388810", ERROR!   at line 440: [E0003] Unexpected trailing operand(s)
	    ldr     r1, =_ebss

"C:\Users\KDLUZY~1\AppData\Local\Temp\0388810", ERROR!   at line 442: [E0002] Illegal mnemonic specified
	    .thumb_func


Errors in Source - Assembler Aborted
7 Assembly Errors, No Assembly Warnings

>> Compilation failure
gmake: *** [startup_gcc.obj] Error 1
'Building file: ../udma_if.c'
'Invoking: ARM Compiler'
"C:/ti/ccsv6/tools/compiler/ti-cgt-arm_5.2.2/bin/armcl" -mv7M4 --code_state=16 --float_support=vfplib --abi=eabi -me --include_path="C:/ti/ccsv6/tools/compiler/ti-cgt-arm_5.2.2/include" --include_path="C:/ti/CC3200SDK_1.1.0/cc3200-sdk/simplelink" --include_path="C:/ti/CC3200SDK_1.1.0/cc3200-sdk/driverlib" --include_path="C:/ti/CC3200SDK_1.1.0/cc3200-sdk/inc" -g --define=cc3200 --display_error_number --diag_warning=225 --diag_wrap=off --preproc_with_compile --preproc_dependency="udma_if.pp"  "../udma_if.c"
"../udma_if.c", line 177: error #20: identifier "gpCtlTbl" is undefined
1 error detected in the compilation of "../udma_if.c".

>> Compilation failure
gmake: *** [udma_if.obj] Error 1
gmake: Target `all' not remade because of errors.

**** Build Finished ****
