
**** Clean-only build of configuration Debug for project freeModbusPort ****

"C:\\ti\\ccsv6\\utils\\bin\\gmake" -k clean 
cleaning ../src/sysbios ...
DEL /F  "freeModbusPort.out"  "configPkg\linker.cmd" "configPkg\compiler.opt"  "freeModbusPort.hex" 
Could Not Find C:\Users\kdluzynski\workspace_v6_1\freeModbusPort\Debug\freeModbusPort.out
Could Not Find C:\Users\kdluzynski\workspace_v6_1\freeModbusPort\Debug\freeModbusPort.hex
RMDIR /S/Q  "configPkg\" 
DEL /F "CC3200_LP.pp" "empty.pp" "empty_rom_pin_mux_config.pp" "port\portevent.pp" "port\portserial.pp" "port\porttimer.pp" 
DEL /F "CC3200_LP.obj" "empty.obj" "empty_rom_pin_mux_config.obj" "port\portevent.obj" "port\portserial.obj" "port\porttimer.obj" 
Could Not Find C:\Users\kdluzynski\workspace_v6_1\freeModbusPort\Debug\port\portevent.obj
'Finished clean'
' '

**** Build Finished ****

**** Build of configuration Debug for project freeModbusPort ****

"C:\\ti\\ccsv6\\utils\\bin\\gmake" -k all 
making ../src/sysbios/sysbios.aem4 ...
gmake[1]: Entering directory `C:/Users/kdluzynski/workspace_v6_1/freeModbusPort/src/sysbios'
clem4 C:/ti/tirtos_simplelink_2_13_01_09/products/bios_6_42_00_08/packages/ti/sysbios/BIOS.c ...
asmem4 C:/ti/tirtos_simplelink_2_13_01_09/products/bios_6_42_00_08/packages/ti/sysbios/family/arm/m3/Hwi_asm.sv7M ...
asmem4 C:/ti/tirtos_simplelink_2_13_01_09/products/bios_6_42_00_08/packages/ti/sysbios/family/arm/m3/Hwi_asm_switch.sv7M ...
asmem4 C:/ti/tirtos_simplelink_2_13_01_09/products/bios_6_42_00_08/packages/ti/sysbios/family/arm/m3/IntrinsicsSupport_asm.sv7M ...
asmem4 C:/ti/tirtos_simplelink_2_13_01_09/products/bios_6_42_00_08/packages/ti/sysbios/family/arm/m3/TaskSupport_asm.sv7M ...
arem4 BIOS.obj m3_Hwi_asm.obj m3_Hwi_asm_switch.obj m3_IntrinsicsSupport_asm.obj m3_TaskSupport_asm.obj ...
gmake[1]: Leaving directory `C:/Users/kdluzynski/workspace_v6_1/freeModbusPort/src/sysbios'
'Building file: ../empty.cfg'
'Invoking: XDCtools'
"C:/ti/xdctools_3_31_01_33_core/xs" --xdcpath="C:/ti/tirtos_simplelink_2_13_01_09/packages;C:/ti/tirtos_simplelink_2_13_01_09/products/bios_6_42_00_08/packages;C:/ti/tirtos_simplelink_2_13_01_09/products/uia_2_00_02_39/packages;C:/ti/ccsv6/ccs_base;" xdc.tools.configuro -o configPkg -t ti.targets.arm.elf.M4 -p ti.platforms.simplelink:CC3200 -r release -c "C:/ti/ccsv6/tools/compiler/ti-cgt-arm_5.2.2" --compileOptions "-mv7M4 --code_state=16 --float_support=vfplib --abi=eabi -me --include_path=\"C:/ti/ccsv6/tools/compiler/ti-cgt-arm_5.2.2/include\" --include_path=\"C:/ti/tirtos_simplelink_2_13_01_09/products/CC3200_driverlib_1.1.0\" --include_path=\"C:/ti/tirtos_simplelink_2_13_01_09/products/CC3200_driverlib_1.1.0/inc\" --include_path=\"C:/ti/tirtos_simplelink_2_13_01_09/products/CC3200_driverlib_1.1.0/driverlib\" -g --define=cc3200 --define=PART_CC3200 --define=ccs --define=CCWARE --display_error_number --diag_warning=225 --diag_warning=255 --diag_wrap=off --gen_func_subsections=on  " "../empty.cfg"
making package.mak (because of package.bld) ...
generating interfaces for package configPkg (because package/package.xdc.inc is older than package.xdc) ...
configuring empty.xem4 from package/cfg/empty_pem4.cfg ...
warning: ti.tirtos.TIRTOS: "C:/ti/tirtos_simplelink_2_13_01_09/packages/ti/tirtos/TIRTOS.xs", line 112: ti.tirtos.TIRTOS : The UART module is deprecated. Please set ti.tirtos.TIRTOS.useUART to true in the .cfg instead (via graphical tool or text editor).
generating custom ti.sysbios library makefile ... 
Starting build of library sources ...
making C:/Users/kdluzynski/workspace_v6_1/freeModbusPort/src/sysbios/sysbios.aem4 ...
gmake[1]: Entering directory `C:/Users/kdluzynski/workspace_v6_1/freeModbusPort/src/sysbios'
gmake[1]: Nothing to be done for `all'.
gmake[1]: Leaving directory `C:/Users/kdluzynski/workspace_v6_1/freeModbusPort/src/sysbios'
Build of libraries done.
clem4 package/cfg/empty_pem4.c ...
'Finished building: ../empty.cfg'
' '
'Building file: ../CC3200_LP.c'
'Invoking: ARM Compiler'
"C:/ti/ccsv6/tools/compiler/ti-cgt-arm_5.2.2/bin/armcl" -mv7M4 --code_state=16 --float_support=vfplib --abi=eabi -me --include_path="C:/ti/ccsv6/tools/compiler/ti-cgt-arm_5.2.2/include" --include_path="C:/ti/tirtos_simplelink_2_13_01_09/products/CC3200_driverlib_1.1.0" --include_path="C:/ti/tirtos_simplelink_2_13_01_09/products/CC3200_driverlib_1.1.0/inc" --include_path="C:/ti/tirtos_simplelink_2_13_01_09/products/CC3200_driverlib_1.1.0/driverlib" -g --define=cc3200 --define=PART_CC3200 --define=ccs --define=CCWARE --display_error_number --diag_warning=225 --diag_warning=255 --diag_wrap=off --gen_func_subsections=on --preproc_with_compile --preproc_dependency="CC3200_LP.pp" --cmd_file="./configPkg/compiler.opt"  "../CC3200_LP.c"
'Finished building: ../CC3200_LP.c'
' '
'Building file: ../empty.c'
'Invoking: ARM Compiler'
"C:/ti/ccsv6/tools/compiler/ti-cgt-arm_5.2.2/bin/armcl" -mv7M4 --code_state=16 --float_support=vfplib --abi=eabi -me --include_path="C:/ti/ccsv6/tools/compiler/ti-cgt-arm_5.2.2/include" --include_path="C:/ti/tirtos_simplelink_2_13_01_09/products/CC3200_driverlib_1.1.0" --include_path="C:/ti/tirtos_simplelink_2_13_01_09/products/CC3200_driverlib_1.1.0/inc" --include_path="C:/ti/tirtos_simplelink_2_13_01_09/products/CC3200_driverlib_1.1.0/driverlib" -g --define=cc3200 --define=PART_CC3200 --define=ccs --define=CCWARE --display_error_number --diag_warning=225 --diag_warning=255 --diag_wrap=off --gen_func_subsections=on --preproc_with_compile --preproc_dependency="empty.pp" --cmd_file="./configPkg/compiler.opt"  "../empty.c"
'Finished building: ../empty.c'
' '
'Building file: ../empty_rom_pin_mux_config.c'
'Invoking: ARM Compiler'
"C:/ti/ccsv6/tools/compiler/ti-cgt-arm_5.2.2/bin/armcl" -mv7M4 --code_state=16 --float_support=vfplib --abi=eabi -me --include_path="C:/ti/ccsv6/tools/compiler/ti-cgt-arm_5.2.2/include" --include_path="C:/ti/tirtos_simplelink_2_13_01_09/products/CC3200_driverlib_1.1.0" --include_path="C:/ti/tirtos_simplelink_2_13_01_09/products/CC3200_driverlib_1.1.0/inc" --include_path="C:/ti/tirtos_simplelink_2_13_01_09/products/CC3200_driverlib_1.1.0/driverlib" -g --define=cc3200 --define=PART_CC3200 --define=ccs --define=CCWARE --display_error_number --diag_warning=225 --diag_warning=255 --diag_wrap=off --gen_func_subsections=on --preproc_with_compile --preproc_dependency="empty_rom_pin_mux_config.pp" --cmd_file="./configPkg/compiler.opt"  "../empty_rom_pin_mux_config.c"
'Finished building: ../empty_rom_pin_mux_config.c'
' '
'Building target: freeModbusPort.out'
'Invoking: ARM Linker'
"C:/ti/ccsv6/tools/compiler/ti-cgt-arm_5.2.2/bin/armcl" -mv7M4 --code_state=16 --float_support=vfplib --abi=eabi -me -g --define=cc3200 --define=PART_CC3200 --define=ccs --define=CCWARE --display_error_number --diag_warning=225 --diag_warning=255 --diag_wrap=off --gen_func_subsections=on -z -m"freeModbusPort.map" --heap_size=0x0 --stack_size=0x512 -i"C:/ti/ccsv6/tools/compiler/ti-cgt-arm_5.2.2/lib" -i"C:/ti/ccsv6/tools/compiler/ti-cgt-arm_5.2.2/include" --reread_libs --warn_sections --display_error_number --diag_wrap=off --xml_link_info="freeModbusPort_linkInfo.xml" --rom_model -o "freeModbusPort.out" "./CC3200_LP.obj" "./empty.obj" "./empty_rom_pin_mux_config.obj" "../CC3200_LP.cmd" -l"./configPkg/linker.cmd"  -l"libc.a" -l"C:/ti/tirtos_simplelink_2_13_01_09/products/CC3200_driverlib_1.1.0/driverlib/ccs/Release/driverlib.a" 
<Linking>
'Finished building target: freeModbusPort.out'
' '

**** Build Finished ****
