
**** Build of configuration Release for project idle_profile ****

"C:\\ti\\ccsv6\\utils\\bin\\gmake" -k all 
'Building file: ../lp3p0_board.c'
'Invoking: ARM Compiler'
"C:/ti/ccsv6/tools/compiler/ti-cgt-arm_5.2.2/bin/armcl" -mv7M4 --code_state=16 --float_support=vfplib --abi=eabi -me --include_path="C:/ti/ccsv6/tools/compiler/ti-cgt-arm_5.2.2/include" --include_path="C:/ti/CC3200SDK_1.1.0/cc3200-sdk/inc" --include_path="C:/ti/CC3200SDK_1.1.0/cc3200-sdk/driverlib" --include_path="C:/ti/CC3200SDK_1.1.0/cc3200-sdk/simplelink/source" --include_path="C:/ti/CC3200SDK_1.1.0/cc3200-sdk/simplelink/include" --include_path="C:/ti/CC3200SDK_1.1.0/cc3200-sdk/oslib/" --include_path="C:/ti/CC3200SDK_1.1.0/cc3200-sdk/middleware/framework/pm/" --include_path="C:/ti/CC3200SDK_1.1.0/cc3200-sdk/middleware/framework/timer/" --include_path="C:/ti/CC3200SDK_1.1.0/cc3200-sdk/middleware/driver/" --include_path="C:/ti/CC3200SDK_1.1.0/cc3200-sdk/middleware/driver/hal/" --include_path="C:/ti/CC3200SDK_1.1.0/cc3200-sdk/middleware/soc/" --include_path="C:/ti/CC3200SDK_1.1.0/cc3200-sdk/" --include_path="C:/ti/CC3200SDK_1.1.0/cc3200-sdk/example/common/" --include_path="C:/ti/CC3200SDK_1.1.0/cc3200-sdk/simplelink/" -g --define=cc3200 --define=ccs --define=USE_FREERTOS --define=SL_PLATFORM_MULTI_THREADED --define=DEBUG_GPIO --display_error_number --diag_warning=225 --diag_wrap=off --printf_support=full --preproc_with_compile --preproc_dependency="lp3p0_board.pp"  "../lp3p0_board.c"
'Finished building: ../lp3p0_board.c'
' '
'Building file: ../lp3p0_plat_ops.c'
'Invoking: ARM Compiler'
"C:/ti/ccsv6/tools/compiler/ti-cgt-arm_5.2.2/bin/armcl" -mv7M4 --code_state=16 --float_support=vfplib --abi=eabi -me --include_path="C:/ti/ccsv6/tools/compiler/ti-cgt-arm_5.2.2/include" --include_path="C:/ti/CC3200SDK_1.1.0/cc3200-sdk/inc" --include_path="C:/ti/CC3200SDK_1.1.0/cc3200-sdk/driverlib" --include_path="C:/ti/CC3200SDK_1.1.0/cc3200-sdk/simplelink/source" --include_path="C:/ti/CC3200SDK_1.1.0/cc3200-sdk/simplelink/include" --include_path="C:/ti/CC3200SDK_1.1.0/cc3200-sdk/oslib/" --include_path="C:/ti/CC3200SDK_1.1.0/cc3200-sdk/middleware/framework/pm/" --include_path="C:/ti/CC3200SDK_1.1.0/cc3200-sdk/middleware/framework/timer/" --include_path="C:/ti/CC3200SDK_1.1.0/cc3200-sdk/middleware/driver/" --include_path="C:/ti/CC3200SDK_1.1.0/cc3200-sdk/middleware/driver/hal/" --include_path="C:/ti/CC3200SDK_1.1.0/cc3200-sdk/middleware/soc/" --include_path="C:/ti/CC3200SDK_1.1.0/cc3200-sdk/" --include_path="C:/ti/CC3200SDK_1.1.0/cc3200-sdk/example/common/" --include_path="C:/ti/CC3200SDK_1.1.0/cc3200-sdk/simplelink/" -g --define=cc3200 --define=ccs --define=USE_FREERTOS --define=SL_PLATFORM_MULTI_THREADED --define=DEBUG_GPIO --display_error_number --diag_warning=225 --diag_wrap=off --printf_support=full --preproc_with_compile --preproc_dependency="lp3p0_plat_ops.pp"  "../lp3p0_plat_ops.c"
'Finished building: ../lp3p0_plat_ops.c'
' '
'Building file: ../main.c'
'Invoking: ARM Compiler'
"C:/ti/ccsv6/tools/compiler/ti-cgt-arm_5.2.2/bin/armcl" -mv7M4 --code_state=16 --float_support=vfplib --abi=eabi -me --include_path="C:/ti/ccsv6/tools/compiler/ti-cgt-arm_5.2.2/include" --include_path="C:/ti/CC3200SDK_1.1.0/cc3200-sdk/inc" --include_path="C:/ti/CC3200SDK_1.1.0/cc3200-sdk/driverlib" --include_path="C:/ti/CC3200SDK_1.1.0/cc3200-sdk/simplelink/source" --include_path="C:/ti/CC3200SDK_1.1.0/cc3200-sdk/simplelink/include" --include_path="C:/ti/CC3200SDK_1.1.0/cc3200-sdk/oslib/" --include_path="C:/ti/CC3200SDK_1.1.0/cc3200-sdk/middleware/framework/pm/" --include_path="C:/ti/CC3200SDK_1.1.0/cc3200-sdk/middleware/framework/timer/" --include_path="C:/ti/CC3200SDK_1.1.0/cc3200-sdk/middleware/driver/" --include_path="C:/ti/CC3200SDK_1.1.0/cc3200-sdk/middleware/driver/hal/" --include_path="C:/ti/CC3200SDK_1.1.0/cc3200-sdk/middleware/soc/" --include_path="C:/ti/CC3200SDK_1.1.0/cc3200-sdk/" --include_path="C:/ti/CC3200SDK_1.1.0/cc3200-sdk/example/common/" --include_path="C:/ti/CC3200SDK_1.1.0/cc3200-sdk/simplelink/" -g --define=cc3200 --define=ccs --define=USE_FREERTOS --define=SL_PLATFORM_MULTI_THREADED --define=DEBUG_GPIO --display_error_number --diag_warning=225 --diag_wrap=off --printf_support=full --preproc_with_compile --preproc_dependency="main.pp"  "../main.c"
'Finished building: ../main.c'
' '
'Building file: ../pinmux.c'
'Invoking: ARM Compiler'
"C:/ti/ccsv6/tools/compiler/ti-cgt-arm_5.2.2/bin/armcl" -mv7M4 --code_state=16 --float_support=vfplib --abi=eabi -me --include_path="C:/ti/ccsv6/tools/compiler/ti-cgt-arm_5.2.2/include" --include_path="C:/ti/CC3200SDK_1.1.0/cc3200-sdk/inc" --include_path="C:/ti/CC3200SDK_1.1.0/cc3200-sdk/driverlib" --include_path="C:/ti/CC3200SDK_1.1.0/cc3200-sdk/simplelink/source" --include_path="C:/ti/CC3200SDK_1.1.0/cc3200-sdk/simplelink/include" --include_path="C:/ti/CC3200SDK_1.1.0/cc3200-sdk/oslib/" --include_path="C:/ti/CC3200SDK_1.1.0/cc3200-sdk/middleware/framework/pm/" --include_path="C:/ti/CC3200SDK_1.1.0/cc3200-sdk/middleware/framework/timer/" --include_path="C:/ti/CC3200SDK_1.1.0/cc3200-sdk/middleware/driver/" --include_path="C:/ti/CC3200SDK_1.1.0/cc3200-sdk/middleware/driver/hal/" --include_path="C:/ti/CC3200SDK_1.1.0/cc3200-sdk/middleware/soc/" --include_path="C:/ti/CC3200SDK_1.1.0/cc3200-sdk/" --include_path="C:/ti/CC3200SDK_1.1.0/cc3200-sdk/example/common/" --include_path="C:/ti/CC3200SDK_1.1.0/cc3200-sdk/simplelink/" -g --define=cc3200 --define=ccs --define=USE_FREERTOS --define=SL_PLATFORM_MULTI_THREADED --define=DEBUG_GPIO --display_error_number --diag_warning=225 --diag_wrap=off --printf_support=full --preproc_with_compile --preproc_dependency="pinmux.pp"  "../pinmux.c"
'Finished building: ../pinmux.c'
' '
'Building file: C:/ti/CC3200SDK_1.1.0/cc3200-sdk/example/common/startup_ccs.c'
'Invoking: ARM Compiler'
"C:/ti/ccsv6/tools/compiler/ti-cgt-arm_5.2.2/bin/armcl" -mv7M4 --code_state=16 --float_support=vfplib --abi=eabi -me --include_path="C:/ti/ccsv6/tools/compiler/ti-cgt-arm_5.2.2/include" --include_path="C:/ti/CC3200SDK_1.1.0/cc3200-sdk/inc" --include_path="C:/ti/CC3200SDK_1.1.0/cc3200-sdk/driverlib" --include_path="C:/ti/CC3200SDK_1.1.0/cc3200-sdk/simplelink/source" --include_path="C:/ti/CC3200SDK_1.1.0/cc3200-sdk/simplelink/include" --include_path="C:/ti/CC3200SDK_1.1.0/cc3200-sdk/oslib/" --include_path="C:/ti/CC3200SDK_1.1.0/cc3200-sdk/middleware/framework/pm/" --include_path="C:/ti/CC3200SDK_1.1.0/cc3200-sdk/middleware/framework/timer/" --include_path="C:/ti/CC3200SDK_1.1.0/cc3200-sdk/middleware/driver/" --include_path="C:/ti/CC3200SDK_1.1.0/cc3200-sdk/middleware/driver/hal/" --include_path="C:/ti/CC3200SDK_1.1.0/cc3200-sdk/middleware/soc/" --include_path="C:/ti/CC3200SDK_1.1.0/cc3200-sdk/" --include_path="C:/ti/CC3200SDK_1.1.0/cc3200-sdk/example/common/" --include_path="C:/ti/CC3200SDK_1.1.0/cc3200-sdk/simplelink/" -g --define=cc3200 --define=ccs --define=USE_FREERTOS --define=SL_PLATFORM_MULTI_THREADED --define=DEBUG_GPIO --display_error_number --diag_warning=225 --diag_wrap=off --printf_support=full --preproc_with_compile --preproc_dependency="startup_ccs.pp"  "C:/ti/CC3200SDK_1.1.0/cc3200-sdk/example/common/startup_ccs.c"
'Finished building: C:/ti/CC3200SDK_1.1.0/cc3200-sdk/example/common/startup_ccs.c'
' '
'Building file: C:/ti/CC3200SDK_1.1.0/cc3200-sdk/example/common/utils_if.c'
'Invoking: ARM Compiler'
"C:/ti/ccsv6/tools/compiler/ti-cgt-arm_5.2.2/bin/armcl" -mv7M4 --code_state=16 --float_support=vfplib --abi=eabi -me --include_path="C:/ti/ccsv6/tools/compiler/ti-cgt-arm_5.2.2/include" --include_path="C:/ti/CC3200SDK_1.1.0/cc3200-sdk/inc" --include_path="C:/ti/CC3200SDK_1.1.0/cc3200-sdk/driverlib" --include_path="C:/ti/CC3200SDK_1.1.0/cc3200-sdk/simplelink/source" --include_path="C:/ti/CC3200SDK_1.1.0/cc3200-sdk/simplelink/include" --include_path="C:/ti/CC3200SDK_1.1.0/cc3200-sdk/oslib/" --include_path="C:/ti/CC3200SDK_1.1.0/cc3200-sdk/middleware/framework/pm/" --include_path="C:/ti/CC3200SDK_1.1.0/cc3200-sdk/middleware/framework/timer/" --include_path="C:/ti/CC3200SDK_1.1.0/cc3200-sdk/middleware/driver/" --include_path="C:/ti/CC3200SDK_1.1.0/cc3200-sdk/middleware/driver/hal/" --include_path="C:/ti/CC3200SDK_1.1.0/cc3200-sdk/middleware/soc/" --include_path="C:/ti/CC3200SDK_1.1.0/cc3200-sdk/" --include_path="C:/ti/CC3200SDK_1.1.0/cc3200-sdk/example/common/" --include_path="C:/ti/CC3200SDK_1.1.0/cc3200-sdk/simplelink/" -g --define=cc3200 --define=ccs --define=USE_FREERTOS --define=SL_PLATFORM_MULTI_THREADED --define=DEBUG_GPIO --display_error_number --diag_warning=225 --diag_wrap=off --printf_support=full --preproc_with_compile --preproc_dependency="utils_if.pp"  "C:/ti/CC3200SDK_1.1.0/cc3200-sdk/example/common/utils_if.c"
'Finished building: C:/ti/CC3200SDK_1.1.0/cc3200-sdk/example/common/utils_if.c'
' '
'Building file: C:/ti/CC3200SDK_1.1.0/cc3200-sdk/example/common/wdt_if.c'
'Invoking: ARM Compiler'
"C:/ti/ccsv6/tools/compiler/ti-cgt-arm_5.2.2/bin/armcl" -mv7M4 --code_state=16 --float_support=vfplib --abi=eabi -me --include_path="C:/ti/ccsv6/tools/compiler/ti-cgt-arm_5.2.2/include" --include_path="C:/ti/CC3200SDK_1.1.0/cc3200-sdk/inc" --include_path="C:/ti/CC3200SDK_1.1.0/cc3200-sdk/driverlib" --include_path="C:/ti/CC3200SDK_1.1.0/cc3200-sdk/simplelink/source" --include_path="C:/ti/CC3200SDK_1.1.0/cc3200-sdk/simplelink/include" --include_path="C:/ti/CC3200SDK_1.1.0/cc3200-sdk/oslib/" --include_path="C:/ti/CC3200SDK_1.1.0/cc3200-sdk/middleware/framework/pm/" --include_path="C:/ti/CC3200SDK_1.1.0/cc3200-sdk/middleware/framework/timer/" --include_path="C:/ti/CC3200SDK_1.1.0/cc3200-sdk/middleware/driver/" --include_path="C:/ti/CC3200SDK_1.1.0/cc3200-sdk/middleware/driver/hal/" --include_path="C:/ti/CC3200SDK_1.1.0/cc3200-sdk/middleware/soc/" --include_path="C:/ti/CC3200SDK_1.1.0/cc3200-sdk/" --include_path="C:/ti/CC3200SDK_1.1.0/cc3200-sdk/example/common/" --include_path="C:/ti/CC3200SDK_1.1.0/cc3200-sdk/simplelink/" -g --define=cc3200 --define=ccs --define=USE_FREERTOS --define=SL_PLATFORM_MULTI_THREADED --define=DEBUG_GPIO --display_error_number --diag_warning=225 --diag_wrap=off --printf_support=full --preproc_with_compile --preproc_dependency="wdt_if.pp"  "C:/ti/CC3200SDK_1.1.0/cc3200-sdk/example/common/wdt_if.c"
'Finished building: C:/ti/CC3200SDK_1.1.0/cc3200-sdk/example/common/wdt_if.c'
' '
'Building target: idle_profile.out'
'Invoking: ARM Linker'
"C:/ti/ccsv6/tools/compiler/ti-cgt-arm_5.2.2/bin/armcl" -mv7M4 --code_state=16 --float_support=vfplib --abi=eabi -me -g --define=cc3200 --define=ccs --define=USE_FREERTOS --define=SL_PLATFORM_MULTI_THREADED --define=DEBUG_GPIO --display_error_number --diag_warning=225 --diag_wrap=off --printf_support=full -z -m"idle_profile.map" --heap_size=0x8000 --stack_size=0x4000 -i"C:/ti/ccsv6/tools/compiler/ti-cgt-arm_5.2.2/lib" -i"C:/ti/CC3200SDK_1.1.0/cc3200-sdk/driverlib/ccs/Release/" -i"C:/ti/CC3200SDK_1.1.0/cc3200-sdk/simplelink/ccs/PM_Framework/" -i"C:/ti/CC3200SDK_1.1.0/cc3200-sdk/middleware/ccs/Release/" -i"C:/ti/CC3200SDK_1.1.0/cc3200-sdk/oslib/ccs/free_rtos/" -i"C:/ti/ccsv6/tools/compiler/ti-cgt-arm_5.2.2/include" --reread_libs --warn_sections --display_error_number --diag_wrap=off --xml_link_info="idle_profile_linkInfo.xml" --rom_model -o "idle_profile.out" "./lp3p0_board.obj" "./lp3p0_plat_ops.obj" "./main.obj" "./pinmux.obj" "./startup_ccs.obj" "./utils_if.obj" "./wdt_if.obj" "../cc3200v1p32.cmd"  -l"libc.a" -ldriverlib.a -lsimplelink.a -lmiddleware.a -lfree_rtos.a 
<Linking>
'Finished building target: idle_profile.out'
' '
"C:/ti/ccsv6/utils/tiobj2bin/tiobj2bin" "idle_profile.out" "idle_profile.bin" "C:/ti/ccsv6/tools/compiler/ti-cgt-arm_5.2.2/bin/armofd" "C:/ti/ccsv6/tools/compiler/ti-cgt-arm_5.2.2/bin/armhex" "C:/ti/ccsv6/utils/tiobj2bin/mkhex4bin"
' '

**** Build Finished ****
