
**** Build of configuration Release for project libEmail ****

"C:\\ti\\ccsv6\\utils\\bin\\gmake" -k all 
'Building file: C:/ti/CC3200SDK_1.1.0/cc3200-sdk/netapps/smtp/client/base64.c'
'Invoking: ARM Compiler'
"C:/ti/ccsv6/tools/compiler/ti-cgt-arm_5.2.2/bin/armcl" -mv7M4 --code_state=16 --float_support=vfplib --abi=eabi -me --include_path="C:/ti/ccsv6/tools/compiler/ti-cgt-arm_5.2.2/include" --include_path="C:/ti/CC3200SDK_1.1.0/cc3200-sdk/simplelink" --include_path="C:/ti/CC3200SDK_1.1.0/cc3200-sdk/simplelink/include" --include_path="C:/ti/CC3200SDK_1.1.0/cc3200-sdk/simplelink/source" -g --define=cc3200 --display_error_number --diag_warning=225 --diag_wrap=off --preproc_with_compile --preproc_dependency="base64.pp"  "C:/ti/CC3200SDK_1.1.0/cc3200-sdk/netapps/smtp/client/base64.c"
'Finished building: C:/ti/CC3200SDK_1.1.0/cc3200-sdk/netapps/smtp/client/base64.c'
' '
'Building file: C:/ti/CC3200SDK_1.1.0/cc3200-sdk/netapps/smtp/client/email.c'
'Invoking: ARM Compiler'
"C:/ti/ccsv6/tools/compiler/ti-cgt-arm_5.2.2/bin/armcl" -mv7M4 --code_state=16 --float_support=vfplib --abi=eabi -me --include_path="C:/ti/ccsv6/tools/compiler/ti-cgt-arm_5.2.2/include" --include_path="C:/ti/CC3200SDK_1.1.0/cc3200-sdk/simplelink" --include_path="C:/ti/CC3200SDK_1.1.0/cc3200-sdk/simplelink/include" --include_path="C:/ti/CC3200SDK_1.1.0/cc3200-sdk/simplelink/source" -g --define=cc3200 --display_error_number --diag_warning=225 --diag_wrap=off --preproc_with_compile --preproc_dependency="email.pp"  "C:/ti/CC3200SDK_1.1.0/cc3200-sdk/netapps/smtp/client/email.c"
'Finished building: C:/ti/CC3200SDK_1.1.0/cc3200-sdk/netapps/smtp/client/email.c'
' '
'Building target: libEmail.a'
'Invoking: ARM Archiver'
"C:/ti/ccsv6/tools/compiler/ti-cgt-arm_5.2.2/bin/armar" r "libEmail.a" "./base64.obj" "./email.obj"  
  ==>  new archive 'libEmail.a'
  ==>  building archive 'libEmail.a'
'Finished building target: libEmail.a'
' '

**** Build Finished ****
