
**** Build of configuration Release for project libXmpp ****

"C:\\ti\\ccsv6\\utils\\bin\\gmake" -k all 
'Building file: C:/ti/CC3200SDK_1.1.0/cc3200-sdk/netapps/xmpp/client/base64.c'
'Invoking: ARM Compiler'
"C:/ti/ccsv6/tools/compiler/ti-cgt-arm_5.2.2/bin/armcl" -mv7M4 --code_state=16 --abi=eabi -me --include_path="C:/ti/ccsv6/tools/compiler/ti-cgt-arm_5.2.2/include" --include_path="C:/ti/CC3200SDK_1.1.0/cc3200-sdk/simplelink" --include_path="C:/ti/CC3200SDK_1.1.0/cc3200-sdk/simplelink/include" --include_path="C:/ti/CC3200SDK_1.1.0/cc3200-sdk/simplelink/source" -g --gcc --define=cc3200 --define=NOTERM --display_error_number --diag_warning=225 --diag_wrap=off --preproc_with_compile --preproc_dependency="base64.pp"  "C:/ti/CC3200SDK_1.1.0/cc3200-sdk/netapps/xmpp/client/base64.c"
'Finished building: C:/ti/CC3200SDK_1.1.0/cc3200-sdk/netapps/xmpp/client/base64.c'
' '
'Building file: C:/ti/CC3200SDK_1.1.0/cc3200-sdk/netapps/xmpp/client/xmpp.c'
'Invoking: ARM Compiler'
"C:/ti/ccsv6/tools/compiler/ti-cgt-arm_5.2.2/bin/armcl" -mv7M4 --code_state=16 --abi=eabi -me --include_path="C:/ti/ccsv6/tools/compiler/ti-cgt-arm_5.2.2/include" --include_path="C:/ti/CC3200SDK_1.1.0/cc3200-sdk/simplelink" --include_path="C:/ti/CC3200SDK_1.1.0/cc3200-sdk/simplelink/include" --include_path="C:/ti/CC3200SDK_1.1.0/cc3200-sdk/simplelink/source" -g --gcc --define=cc3200 --define=NOTERM --display_error_number --diag_warning=225 --diag_wrap=off --preproc_with_compile --preproc_dependency="xmpp.pp"  "C:/ti/CC3200SDK_1.1.0/cc3200-sdk/netapps/xmpp/client/xmpp.c"
'Finished building: C:/ti/CC3200SDK_1.1.0/cc3200-sdk/netapps/xmpp/client/xmpp.c'
' '
'Building target: libXmpp.a'
'Invoking: ARM Archiver'
"C:/ti/ccsv6/tools/compiler/ti-cgt-arm_5.2.2/bin/armar" r "libXmpp.a" "./base64.obj" "./xmpp.obj"  
  ==>  new archive 'libXmpp.a'
  ==>  building archive 'libXmpp.a'
'Finished building target: libXmpp.a'
' '

**** Build Finished ****
