
**** Build of configuration Release for project middleware ****

"C:\\ti\\ccsv6\\utils\\bin\\gmake" -k all 
'Building file: C:/ti/CC3200SDK_1.1.0/cc3200-sdk/middleware/soc/cc_io_park.c'
'Invoking: ARM Compiler'
"C:/ti/ccsv6/tools/compiler/ti-cgt-arm_5.2.2/bin/armcl" -mv7M4 --code_state=16 --abi=eabi -me --include_path="C:/ti/ccsv6/tools/compiler/ti-cgt-arm_5.2.2/include" --include_path="C:/ti/CC3200SDK_1.1.0/cc3200-sdk/middleware/driver/hal/" --include_path="C:/ti/CC3200SDK_1.1.0/cc3200-sdk/middleware/framework/pm/" --include_path="C:/ti/CC3200SDK_1.1.0/cc3200-sdk/middleware/framework/timer/" --include_path="C:/ti/CC3200SDK_1.1.0/cc3200-sdk/middleware/soc/" --include_path="C:/ti/CC3200SDK_1.1.0/cc3200-sdk/driverlib/" --include_path="C:/ti/CC3200SDK_1.1.0/cc3200-sdk/oslib/" --include_path="C:/ti/CC3200SDK_1.1.0/cc3200-sdk/inc/" -g --define=cc3200 --define=ccs --display_error_number --diag_warning=225 --diag_wrap=off --gen_func_subsections=on --printf_support=full --preproc_with_compile --preproc_dependency="cc_io_park.pp"  "C:/ti/CC3200SDK_1.1.0/cc3200-sdk/middleware/soc/cc_io_park.c"
'Finished building: C:/ti/CC3200SDK_1.1.0/cc3200-sdk/middleware/soc/cc_io_park.c'
' '
'Building file: C:/ti/CC3200SDK_1.1.0/cc3200-sdk/middleware/framework/pm/cc_pm.c'
'Invoking: ARM Compiler'
"C:/ti/ccsv6/tools/compiler/ti-cgt-arm_5.2.2/bin/armcl" -mv7M4 --code_state=16 --abi=eabi -me --include_path="C:/ti/ccsv6/tools/compiler/ti-cgt-arm_5.2.2/include" --include_path="C:/ti/CC3200SDK_1.1.0/cc3200-sdk/middleware/driver/hal/" --include_path="C:/ti/CC3200SDK_1.1.0/cc3200-sdk/middleware/framework/pm/" --include_path="C:/ti/CC3200SDK_1.1.0/cc3200-sdk/middleware/framework/timer/" --include_path="C:/ti/CC3200SDK_1.1.0/cc3200-sdk/middleware/soc/" --include_path="C:/ti/CC3200SDK_1.1.0/cc3200-sdk/driverlib/" --include_path="C:/ti/CC3200SDK_1.1.0/cc3200-sdk/oslib/" --include_path="C:/ti/CC3200SDK_1.1.0/cc3200-sdk/inc/" -g --define=cc3200 --define=ccs --display_error_number --diag_warning=225 --diag_wrap=off --gen_func_subsections=on --printf_support=full --preproc_with_compile --preproc_dependency="cc_pm.pp"  "C:/ti/CC3200SDK_1.1.0/cc3200-sdk/middleware/framework/pm/cc_pm.c"
'Finished building: C:/ti/CC3200SDK_1.1.0/cc3200-sdk/middleware/framework/pm/cc_pm.c'
' '
'Building file: C:/ti/CC3200SDK_1.1.0/cc3200-sdk/middleware/soc/cc_pm_ops.c'
'Invoking: ARM Compiler'
"C:/ti/ccsv6/tools/compiler/ti-cgt-arm_5.2.2/bin/armcl" -mv7M4 --code_state=16 --abi=eabi -me --include_path="C:/ti/ccsv6/tools/compiler/ti-cgt-arm_5.2.2/include" --include_path="C:/ti/CC3200SDK_1.1.0/cc3200-sdk/middleware/driver/hal/" --include_path="C:/ti/CC3200SDK_1.1.0/cc3200-sdk/middleware/framework/pm/" --include_path="C:/ti/CC3200SDK_1.1.0/cc3200-sdk/middleware/framework/timer/" --include_path="C:/ti/CC3200SDK_1.1.0/cc3200-sdk/middleware/soc/" --include_path="C:/ti/CC3200SDK_1.1.0/cc3200-sdk/driverlib/" --include_path="C:/ti/CC3200SDK_1.1.0/cc3200-sdk/oslib/" --include_path="C:/ti/CC3200SDK_1.1.0/cc3200-sdk/inc/" -g --define=cc3200 --define=ccs --display_error_number --diag_warning=225 --diag_wrap=off --gen_func_subsections=on --printf_support=full --preproc_with_compile --preproc_dependency="cc_pm_ops.pp"  "C:/ti/CC3200SDK_1.1.0/cc3200-sdk/middleware/soc/cc_pm_ops.c"
'Finished building: C:/ti/CC3200SDK_1.1.0/cc3200-sdk/middleware/soc/cc_pm_ops.c'
' '
'Building file: C:/ti/CC3200SDK_1.1.0/cc3200-sdk/middleware/framework/timer/cc_timer.c'
'Invoking: ARM Compiler'
"C:/ti/ccsv6/tools/compiler/ti-cgt-arm_5.2.2/bin/armcl" -mv7M4 --code_state=16 --abi=eabi -me --include_path="C:/ti/ccsv6/tools/compiler/ti-cgt-arm_5.2.2/include" --include_path="C:/ti/CC3200SDK_1.1.0/cc3200-sdk/middleware/driver/hal/" --include_path="C:/ti/CC3200SDK_1.1.0/cc3200-sdk/middleware/framework/pm/" --include_path="C:/ti/CC3200SDK_1.1.0/cc3200-sdk/middleware/framework/timer/" --include_path="C:/ti/CC3200SDK_1.1.0/cc3200-sdk/middleware/soc/" --include_path="C:/ti/CC3200SDK_1.1.0/cc3200-sdk/driverlib/" --include_path="C:/ti/CC3200SDK_1.1.0/cc3200-sdk/oslib/" --include_path="C:/ti/CC3200SDK_1.1.0/cc3200-sdk/inc/" -g --define=cc3200 --define=ccs --display_error_number --diag_warning=225 --diag_wrap=off --gen_func_subsections=on --printf_support=full --preproc_with_compile --preproc_dependency="cc_timer.pp"  "C:/ti/CC3200SDK_1.1.0/cc3200-sdk/middleware/framework/timer/cc_timer.c"
'Finished building: C:/ti/CC3200SDK_1.1.0/cc3200-sdk/middleware/framework/timer/cc_timer.c'
' '
'Building file: C:/ti/CC3200SDK_1.1.0/cc3200-sdk/middleware/driver/hal/dma_hal.c'
'Invoking: ARM Compiler'
"C:/ti/ccsv6/tools/compiler/ti-cgt-arm_5.2.2/bin/armcl" -mv7M4 --code_state=16 --abi=eabi -me --include_path="C:/ti/ccsv6/tools/compiler/ti-cgt-arm_5.2.2/include" --include_path="C:/ti/CC3200SDK_1.1.0/cc3200-sdk/middleware/driver/hal/" --include_path="C:/ti/CC3200SDK_1.1.0/cc3200-sdk/middleware/framework/pm/" --include_path="C:/ti/CC3200SDK_1.1.0/cc3200-sdk/middleware/framework/timer/" --include_path="C:/ti/CC3200SDK_1.1.0/cc3200-sdk/middleware/soc/" --include_path="C:/ti/CC3200SDK_1.1.0/cc3200-sdk/driverlib/" --include_path="C:/ti/CC3200SDK_1.1.0/cc3200-sdk/oslib/" --include_path="C:/ti/CC3200SDK_1.1.0/cc3200-sdk/inc/" -g --define=cc3200 --define=ccs --display_error_number --diag_warning=225 --diag_wrap=off --gen_func_subsections=on --printf_support=full --preproc_with_compile --preproc_dependency="dma_hal.pp"  "C:/ti/CC3200SDK_1.1.0/cc3200-sdk/middleware/driver/hal/dma_hal.c"
'Finished building: C:/ti/CC3200SDK_1.1.0/cc3200-sdk/middleware/driver/hal/dma_hal.c'
' '
'Building file: C:/ti/CC3200SDK_1.1.0/cc3200-sdk/middleware/driver/hal/gpio_hal.c'
'Invoking: ARM Compiler'
"C:/ti/ccsv6/tools/compiler/ti-cgt-arm_5.2.2/bin/armcl" -mv7M4 --code_state=16 --abi=eabi -me --include_path="C:/ti/ccsv6/tools/compiler/ti-cgt-arm_5.2.2/include" --include_path="C:/ti/CC3200SDK_1.1.0/cc3200-sdk/middleware/driver/hal/" --include_path="C:/ti/CC3200SDK_1.1.0/cc3200-sdk/middleware/framework/pm/" --include_path="C:/ti/CC3200SDK_1.1.0/cc3200-sdk/middleware/framework/timer/" --include_path="C:/ti/CC3200SDK_1.1.0/cc3200-sdk/middleware/soc/" --include_path="C:/ti/CC3200SDK_1.1.0/cc3200-sdk/driverlib/" --include_path="C:/ti/CC3200SDK_1.1.0/cc3200-sdk/oslib/" --include_path="C:/ti/CC3200SDK_1.1.0/cc3200-sdk/inc/" -g --define=cc3200 --define=ccs --display_error_number --diag_warning=225 --diag_wrap=off --gen_func_subsections=on --printf_support=full --preproc_with_compile --preproc_dependency="gpio_hal.pp"  "C:/ti/CC3200SDK_1.1.0/cc3200-sdk/middleware/driver/hal/gpio_hal.c"
'Finished building: C:/ti/CC3200SDK_1.1.0/cc3200-sdk/middleware/driver/hal/gpio_hal.c'
' '
'Building file: C:/ti/CC3200SDK_1.1.0/cc3200-sdk/middleware/driver/hal/hw_timer32.c'
'Invoking: ARM Compiler'
"C:/ti/ccsv6/tools/compiler/ti-cgt-arm_5.2.2/bin/armcl" -mv7M4 --code_state=16 --abi=eabi -me --include_path="C:/ti/ccsv6/tools/compiler/ti-cgt-arm_5.2.2/include" --include_path="C:/ti/CC3200SDK_1.1.0/cc3200-sdk/middleware/driver/hal/" --include_path="C:/ti/CC3200SDK_1.1.0/cc3200-sdk/middleware/framework/pm/" --include_path="C:/ti/CC3200SDK_1.1.0/cc3200-sdk/middleware/framework/timer/" --include_path="C:/ti/CC3200SDK_1.1.0/cc3200-sdk/middleware/soc/" --include_path="C:/ti/CC3200SDK_1.1.0/cc3200-sdk/driverlib/" --include_path="C:/ti/CC3200SDK_1.1.0/cc3200-sdk/oslib/" --include_path="C:/ti/CC3200SDK_1.1.0/cc3200-sdk/inc/" -g --define=cc3200 --define=ccs --display_error_number --diag_warning=225 --diag_wrap=off --gen_func_subsections=on --printf_support=full --preproc_with_compile --preproc_dependency="hw_timer32.pp"  "C:/ti/CC3200SDK_1.1.0/cc3200-sdk/middleware/driver/hal/hw_timer32.c"
'Finished building: C:/ti/CC3200SDK_1.1.0/cc3200-sdk/middleware/driver/hal/hw_timer32.c'
' '
'Building file: C:/ti/CC3200SDK_1.1.0/cc3200-sdk/middleware/driver/hal/interrupt_hal.c'
'Invoking: ARM Compiler'
"C:/ti/ccsv6/tools/compiler/ti-cgt-arm_5.2.2/bin/armcl" -mv7M4 --code_state=16 --abi=eabi -me --include_path="C:/ti/ccsv6/tools/compiler/ti-cgt-arm_5.2.2/include" --include_path="C:/ti/CC3200SDK_1.1.0/cc3200-sdk/middleware/driver/hal/" --include_path="C:/ti/CC3200SDK_1.1.0/cc3200-sdk/middleware/framework/pm/" --include_path="C:/ti/CC3200SDK_1.1.0/cc3200-sdk/middleware/framework/timer/" --include_path="C:/ti/CC3200SDK_1.1.0/cc3200-sdk/middleware/soc/" --include_path="C:/ti/CC3200SDK_1.1.0/cc3200-sdk/driverlib/" --include_path="C:/ti/CC3200SDK_1.1.0/cc3200-sdk/oslib/" --include_path="C:/ti/CC3200SDK_1.1.0/cc3200-sdk/inc/" -g --define=cc3200 --define=ccs --display_error_number --diag_warning=225 --diag_wrap=off --gen_func_subsections=on --printf_support=full --preproc_with_compile --preproc_dependency="interrupt_hal.pp"  "C:/ti/CC3200SDK_1.1.0/cc3200-sdk/middleware/driver/hal/interrupt_hal.c"
'Finished building: C:/ti/CC3200SDK_1.1.0/cc3200-sdk/middleware/driver/hal/interrupt_hal.c'
' '
'Building file: C:/ti/CC3200SDK_1.1.0/cc3200-sdk/middleware/driver/hal/rtc_hal.c'
'Invoking: ARM Compiler'
"C:/ti/ccsv6/tools/compiler/ti-cgt-arm_5.2.2/bin/armcl" -mv7M4 --code_state=16 --abi=eabi -me --include_path="C:/ti/ccsv6/tools/compiler/ti-cgt-arm_5.2.2/include" --include_path="C:/ti/CC3200SDK_1.1.0/cc3200-sdk/middleware/driver/hal/" --include_path="C:/ti/CC3200SDK_1.1.0/cc3200-sdk/middleware/framework/pm/" --include_path="C:/ti/CC3200SDK_1.1.0/cc3200-sdk/middleware/framework/timer/" --include_path="C:/ti/CC3200SDK_1.1.0/cc3200-sdk/middleware/soc/" --include_path="C:/ti/CC3200SDK_1.1.0/cc3200-sdk/driverlib/" --include_path="C:/ti/CC3200SDK_1.1.0/cc3200-sdk/oslib/" --include_path="C:/ti/CC3200SDK_1.1.0/cc3200-sdk/inc/" -g --define=cc3200 --define=ccs --display_error_number --diag_warning=225 --diag_wrap=off --gen_func_subsections=on --printf_support=full --preproc_with_compile --preproc_dependency="rtc_hal.pp"  "C:/ti/CC3200SDK_1.1.0/cc3200-sdk/middleware/driver/hal/rtc_hal.c"
'Finished building: C:/ti/CC3200SDK_1.1.0/cc3200-sdk/middleware/driver/hal/rtc_hal.c'
' '
'Building file: C:/ti/CC3200SDK_1.1.0/cc3200-sdk/middleware/driver/spi_drv.c'
'Invoking: ARM Compiler'
"C:/ti/ccsv6/tools/compiler/ti-cgt-arm_5.2.2/bin/armcl" -mv7M4 --code_state=16 --abi=eabi -me --include_path="C:/ti/ccsv6/tools/compiler/ti-cgt-arm_5.2.2/include" --include_path="C:/ti/CC3200SDK_1.1.0/cc3200-sdk/middleware/driver/hal/" --include_path="C:/ti/CC3200SDK_1.1.0/cc3200-sdk/middleware/framework/pm/" --include_path="C:/ti/CC3200SDK_1.1.0/cc3200-sdk/middleware/framework/timer/" --include_path="C:/ti/CC3200SDK_1.1.0/cc3200-sdk/middleware/soc/" --include_path="C:/ti/CC3200SDK_1.1.0/cc3200-sdk/driverlib/" --include_path="C:/ti/CC3200SDK_1.1.0/cc3200-sdk/oslib/" --include_path="C:/ti/CC3200SDK_1.1.0/cc3200-sdk/inc/" -g --define=cc3200 --define=ccs --display_error_number --diag_warning=225 --diag_wrap=off --gen_func_subsections=on --printf_support=full --preproc_with_compile --preproc_dependency="spi_drv.pp"  "C:/ti/CC3200SDK_1.1.0/cc3200-sdk/middleware/driver/spi_drv.c"
'Finished building: C:/ti/CC3200SDK_1.1.0/cc3200-sdk/middleware/driver/spi_drv.c'
' '
'Building file: C:/ti/CC3200SDK_1.1.0/cc3200-sdk/middleware/driver/hal/spi_hal.c'
'Invoking: ARM Compiler'
"C:/ti/ccsv6/tools/compiler/ti-cgt-arm_5.2.2/bin/armcl" -mv7M4 --code_state=16 --abi=eabi -me --include_path="C:/ti/ccsv6/tools/compiler/ti-cgt-arm_5.2.2/include" --include_path="C:/ti/CC3200SDK_1.1.0/cc3200-sdk/middleware/driver/hal/" --include_path="C:/ti/CC3200SDK_1.1.0/cc3200-sdk/middleware/framework/pm/" --include_path="C:/ti/CC3200SDK_1.1.0/cc3200-sdk/middleware/framework/timer/" --include_path="C:/ti/CC3200SDK_1.1.0/cc3200-sdk/middleware/soc/" --include_path="C:/ti/CC3200SDK_1.1.0/cc3200-sdk/driverlib/" --include_path="C:/ti/CC3200SDK_1.1.0/cc3200-sdk/oslib/" --include_path="C:/ti/CC3200SDK_1.1.0/cc3200-sdk/inc/" -g --define=cc3200 --define=ccs --display_error_number --diag_warning=225 --diag_wrap=off --gen_func_subsections=on --printf_support=full --preproc_with_compile --preproc_dependency="spi_hal.pp"  "C:/ti/CC3200SDK_1.1.0/cc3200-sdk/middleware/driver/hal/spi_hal.c"
'Finished building: C:/ti/CC3200SDK_1.1.0/cc3200-sdk/middleware/driver/hal/spi_hal.c'
' '
'Building file: C:/ti/CC3200SDK_1.1.0/cc3200-sdk/middleware/driver/uart_drv.c'
'Invoking: ARM Compiler'
"C:/ti/ccsv6/tools/compiler/ti-cgt-arm_5.2.2/bin/armcl" -mv7M4 --code_state=16 --abi=eabi -me --include_path="C:/ti/ccsv6/tools/compiler/ti-cgt-arm_5.2.2/include" --include_path="C:/ti/CC3200SDK_1.1.0/cc3200-sdk/middleware/driver/hal/" --include_path="C:/ti/CC3200SDK_1.1.0/cc3200-sdk/middleware/framework/pm/" --include_path="C:/ti/CC3200SDK_1.1.0/cc3200-sdk/middleware/framework/timer/" --include_path="C:/ti/CC3200SDK_1.1.0/cc3200-sdk/middleware/soc/" --include_path="C:/ti/CC3200SDK_1.1.0/cc3200-sdk/driverlib/" --include_path="C:/ti/CC3200SDK_1.1.0/cc3200-sdk/oslib/" --include_path="C:/ti/CC3200SDK_1.1.0/cc3200-sdk/inc/" -g --define=cc3200 --define=ccs --display_error_number --diag_warning=225 --diag_wrap=off --gen_func_subsections=on --printf_support=full --preproc_with_compile --preproc_dependency="uart_drv.pp"  "C:/ti/CC3200SDK_1.1.0/cc3200-sdk/middleware/driver/uart_drv.c"
'Finished building: C:/ti/CC3200SDK_1.1.0/cc3200-sdk/middleware/driver/uart_drv.c'
' '
'Building file: C:/ti/CC3200SDK_1.1.0/cc3200-sdk/middleware/driver/hal/uart_hal.c'
'Invoking: ARM Compiler'
"C:/ti/ccsv6/tools/compiler/ti-cgt-arm_5.2.2/bin/armcl" -mv7M4 --code_state=16 --abi=eabi -me --include_path="C:/ti/ccsv6/tools/compiler/ti-cgt-arm_5.2.2/include" --include_path="C:/ti/CC3200SDK_1.1.0/cc3200-sdk/middleware/driver/hal/" --include_path="C:/ti/CC3200SDK_1.1.0/cc3200-sdk/middleware/framework/pm/" --include_path="C:/ti/CC3200SDK_1.1.0/cc3200-sdk/middleware/framework/timer/" --include_path="C:/ti/CC3200SDK_1.1.0/cc3200-sdk/middleware/soc/" --include_path="C:/ti/CC3200SDK_1.1.0/cc3200-sdk/driverlib/" --include_path="C:/ti/CC3200SDK_1.1.0/cc3200-sdk/oslib/" --include_path="C:/ti/CC3200SDK_1.1.0/cc3200-sdk/inc/" -g --define=cc3200 --define=ccs --display_error_number --diag_warning=225 --diag_wrap=off --gen_func_subsections=on --printf_support=full --preproc_with_compile --preproc_dependency="uart_hal.pp"  "C:/ti/CC3200SDK_1.1.0/cc3200-sdk/middleware/driver/hal/uart_hal.c"
'Finished building: C:/ti/CC3200SDK_1.1.0/cc3200-sdk/middleware/driver/hal/uart_hal.c'
' '
'Building file: C:/ti/CC3200SDK_1.1.0/cc3200-sdk/middleware/driver/hal/util64.c'
'Invoking: ARM Compiler'
"C:/ti/ccsv6/tools/compiler/ti-cgt-arm_5.2.2/bin/armcl" -mv7M4 --code_state=16 --abi=eabi -me --include_path="C:/ti/ccsv6/tools/compiler/ti-cgt-arm_5.2.2/include" --include_path="C:/ti/CC3200SDK_1.1.0/cc3200-sdk/middleware/driver/hal/" --include_path="C:/ti/CC3200SDK_1.1.0/cc3200-sdk/middleware/framework/pm/" --include_path="C:/ti/CC3200SDK_1.1.0/cc3200-sdk/middleware/framework/timer/" --include_path="C:/ti/CC3200SDK_1.1.0/cc3200-sdk/middleware/soc/" --include_path="C:/ti/CC3200SDK_1.1.0/cc3200-sdk/driverlib/" --include_path="C:/ti/CC3200SDK_1.1.0/cc3200-sdk/oslib/" --include_path="C:/ti/CC3200SDK_1.1.0/cc3200-sdk/inc/" -g --define=cc3200 --define=ccs --display_error_number --diag_warning=225 --diag_wrap=off --gen_func_subsections=on --printf_support=full --preproc_with_compile --preproc_dependency="util64.pp"  "C:/ti/CC3200SDK_1.1.0/cc3200-sdk/middleware/driver/hal/util64.c"
'Finished building: C:/ti/CC3200SDK_1.1.0/cc3200-sdk/middleware/driver/hal/util64.c'
' '
'Building target: middleware.a'
'Invoking: ARM Archiver'
"C:/ti/ccsv6/tools/compiler/ti-cgt-arm_5.2.2/bin/armar" r "middleware.a" "./cc_io_park.obj" "./cc_pm.obj" "./cc_pm_ops.obj" "./cc_timer.obj" "./dma_hal.obj" "./gpio_hal.obj" "./hw_timer32.obj" "./interrupt_hal.obj" "./rtc_hal.obj" "./spi_drv.obj" "./spi_hal.obj" "./uart_drv.obj" "./uart_hal.obj" "./util64.obj"  
  ==>  new archive 'middleware.a'
  ==>  building archive 'middleware.a'
'Finished building target: middleware.a'
' '

**** Build Finished ****
