
**** Build of configuration Release for project mqtt_server ****

"C:\\ti\\ccsv6\\utils\\bin\\gmake" -k all 
'Building file: C:/ti/CC3200SDK_1.1.0/cc3200-sdk/example/common/button_if.c'
'Invoking: ARM Compiler'
"C:/ti/ccsv6/tools/compiler/ti-cgt-arm_5.2.2/bin/armcl" -mv7M4 --float_support=fpalib --abi=eabi -me --include_path="C:/ti/ccsv6/tools/compiler/ti-cgt-arm_5.2.2/include" --include_path="C:/ti/CC3200SDK_1.1.0/cc3200-sdk/example/mqtt_server/" --include_path="C:/ti/CC3200SDK_1.1.0/cc3200-sdk/inc" --include_path="C:/ti/CC3200SDK_1.1.0/cc3200-sdk/simplelink/" --include_path="C:/ti/CC3200SDK_1.1.0/cc3200-sdk/simplelink/include/" --include_path="C:/ti/CC3200SDK_1.1.0/cc3200-sdk/simplelink/source/" --include_path="C:/ti/CC3200SDK_1.1.0/cc3200-sdk/driverlib/" --include_path="C:/ti/CC3200SDK_1.1.0/cc3200-sdk/example/common/" --include_path="C:/ti/CC3200SDK_1.1.0/cc3200-sdk/oslib/" --include_path="C:/ti/CC3200SDK_1.1.0/cc3200-sdk/third_party/FreeRTOS/source/include/" --include_path="C:/ti/CC3200SDK_1.1.0/cc3200-sdk/third_party/FreeRTOS/source/" --include_path="C:/ti/CC3200SDK_1.1.0/cc3200-sdk/third_party/FreeRTOS/source/portable/CCS/ARM_CM3" --include_path="C:/ti/CC3200SDK_1.1.0/cc3200-sdk/netapps/mqtt/common/" --include_path="C:/ti/CC3200SDK_1.1.0/cc3200-sdk/netapps/mqtt/server/" --include_path="C:/ti/CC3200SDK_1.1.0/cc3200-sdk/netapps/mqtt/client/" --include_path="C:/ti/CC3200SDK_1.1.0/cc3200-sdk/netapps/mqtt/include/" -g --gcc --define=ccs --define=cc3200 --define=USE_FREERTOS --define=SL_PLATFORM_MULTI_THREADED --display_error_number --diag_warning=225 --diag_wrap=off --preproc_with_compile --preproc_dependency="button_if.pp"  "C:/ti/CC3200SDK_1.1.0/cc3200-sdk/example/common/button_if.c"
'Finished building: C:/ti/CC3200SDK_1.1.0/cc3200-sdk/example/common/button_if.c'
' '
'Building file: C:/ti/CC3200SDK_1.1.0/cc3200-sdk/example/common/gpio_if.c'
'Invoking: ARM Compiler'
"C:/ti/ccsv6/tools/compiler/ti-cgt-arm_5.2.2/bin/armcl" -mv7M4 --float_support=fpalib --abi=eabi -me --include_path="C:/ti/ccsv6/tools/compiler/ti-cgt-arm_5.2.2/include" --include_path="C:/ti/CC3200SDK_1.1.0/cc3200-sdk/example/mqtt_server/" --include_path="C:/ti/CC3200SDK_1.1.0/cc3200-sdk/inc" --include_path="C:/ti/CC3200SDK_1.1.0/cc3200-sdk/simplelink/" --include_path="C:/ti/CC3200SDK_1.1.0/cc3200-sdk/simplelink/include/" --include_path="C:/ti/CC3200SDK_1.1.0/cc3200-sdk/simplelink/source/" --include_path="C:/ti/CC3200SDK_1.1.0/cc3200-sdk/driverlib/" --include_path="C:/ti/CC3200SDK_1.1.0/cc3200-sdk/example/common/" --include_path="C:/ti/CC3200SDK_1.1.0/cc3200-sdk/oslib/" --include_path="C:/ti/CC3200SDK_1.1.0/cc3200-sdk/third_party/FreeRTOS/source/include/" --include_path="C:/ti/CC3200SDK_1.1.0/cc3200-sdk/third_party/FreeRTOS/source/" --include_path="C:/ti/CC3200SDK_1.1.0/cc3200-sdk/third_party/FreeRTOS/source/portable/CCS/ARM_CM3" --include_path="C:/ti/CC3200SDK_1.1.0/cc3200-sdk/netapps/mqtt/common/" --include_path="C:/ti/CC3200SDK_1.1.0/cc3200-sdk/netapps/mqtt/server/" --include_path="C:/ti/CC3200SDK_1.1.0/cc3200-sdk/netapps/mqtt/client/" --include_path="C:/ti/CC3200SDK_1.1.0/cc3200-sdk/netapps/mqtt/include/" -g --gcc --define=ccs --define=cc3200 --define=USE_FREERTOS --define=SL_PLATFORM_MULTI_THREADED --display_error_number --diag_warning=225 --diag_wrap=off --preproc_with_compile --preproc_dependency="gpio_if.pp"  "C:/ti/CC3200SDK_1.1.0/cc3200-sdk/example/common/gpio_if.c"
'Finished building: C:/ti/CC3200SDK_1.1.0/cc3200-sdk/example/common/gpio_if.c'
' '
'Building file: ../main.c'
'Invoking: ARM Compiler'
"C:/ti/ccsv6/tools/compiler/ti-cgt-arm_5.2.2/bin/armcl" -mv7M4 --float_support=fpalib --abi=eabi -me --include_path="C:/ti/ccsv6/tools/compiler/ti-cgt-arm_5.2.2/include" --include_path="C:/ti/CC3200SDK_1.1.0/cc3200-sdk/example/mqtt_server/" --include_path="C:/ti/CC3200SDK_1.1.0/cc3200-sdk/inc" --include_path="C:/ti/CC3200SDK_1.1.0/cc3200-sdk/simplelink/" --include_path="C:/ti/CC3200SDK_1.1.0/cc3200-sdk/simplelink/include/" --include_path="C:/ti/CC3200SDK_1.1.0/cc3200-sdk/simplelink/source/" --include_path="C:/ti/CC3200SDK_1.1.0/cc3200-sdk/driverlib/" --include_path="C:/ti/CC3200SDK_1.1.0/cc3200-sdk/example/common/" --include_path="C:/ti/CC3200SDK_1.1.0/cc3200-sdk/oslib/" --include_path="C:/ti/CC3200SDK_1.1.0/cc3200-sdk/third_party/FreeRTOS/source/include/" --include_path="C:/ti/CC3200SDK_1.1.0/cc3200-sdk/third_party/FreeRTOS/source/" --include_path="C:/ti/CC3200SDK_1.1.0/cc3200-sdk/third_party/FreeRTOS/source/portable/CCS/ARM_CM3" --include_path="C:/ti/CC3200SDK_1.1.0/cc3200-sdk/netapps/mqtt/common/" --include_path="C:/ti/CC3200SDK_1.1.0/cc3200-sdk/netapps/mqtt/server/" --include_path="C:/ti/CC3200SDK_1.1.0/cc3200-sdk/netapps/mqtt/client/" --include_path="C:/ti/CC3200SDK_1.1.0/cc3200-sdk/netapps/mqtt/include/" -g --gcc --define=ccs --define=cc3200 --define=USE_FREERTOS --define=SL_PLATFORM_MULTI_THREADED --display_error_number --diag_warning=225 --diag_wrap=off --preproc_with_compile --preproc_dependency="main.pp"  "../main.c"
'Finished building: ../main.c'
' '
'Building file: C:/ti/CC3200SDK_1.1.0/cc3200-sdk/example/common/network_if.c'
'Invoking: ARM Compiler'
"C:/ti/ccsv6/tools/compiler/ti-cgt-arm_5.2.2/bin/armcl" -mv7M4 --float_support=fpalib --abi=eabi -me --include_path="C:/ti/ccsv6/tools/compiler/ti-cgt-arm_5.2.2/include" --include_path="C:/ti/CC3200SDK_1.1.0/cc3200-sdk/example/mqtt_server/" --include_path="C:/ti/CC3200SDK_1.1.0/cc3200-sdk/inc" --include_path="C:/ti/CC3200SDK_1.1.0/cc3200-sdk/simplelink/" --include_path="C:/ti/CC3200SDK_1.1.0/cc3200-sdk/simplelink/include/" --include_path="C:/ti/CC3200SDK_1.1.0/cc3200-sdk/simplelink/source/" --include_path="C:/ti/CC3200SDK_1.1.0/cc3200-sdk/driverlib/" --include_path="C:/ti/CC3200SDK_1.1.0/cc3200-sdk/example/common/" --include_path="C:/ti/CC3200SDK_1.1.0/cc3200-sdk/oslib/" --include_path="C:/ti/CC3200SDK_1.1.0/cc3200-sdk/third_party/FreeRTOS/source/include/" --include_path="C:/ti/CC3200SDK_1.1.0/cc3200-sdk/third_party/FreeRTOS/source/" --include_path="C:/ti/CC3200SDK_1.1.0/cc3200-sdk/third_party/FreeRTOS/source/portable/CCS/ARM_CM3" --include_path="C:/ti/CC3200SDK_1.1.0/cc3200-sdk/netapps/mqtt/common/" --include_path="C:/ti/CC3200SDK_1.1.0/cc3200-sdk/netapps/mqtt/server/" --include_path="C:/ti/CC3200SDK_1.1.0/cc3200-sdk/netapps/mqtt/client/" --include_path="C:/ti/CC3200SDK_1.1.0/cc3200-sdk/netapps/mqtt/include/" -g --gcc --define=ccs --define=cc3200 --define=USE_FREERTOS --define=SL_PLATFORM_MULTI_THREADED --display_error_number --diag_warning=225 --diag_wrap=off --preproc_with_compile --preproc_dependency="network_if.pp"  "C:/ti/CC3200SDK_1.1.0/cc3200-sdk/example/common/network_if.c"
'Finished building: C:/ti/CC3200SDK_1.1.0/cc3200-sdk/example/common/network_if.c'
' '
'Building file: ../pinmux.c'
'Invoking: ARM Compiler'
"C:/ti/ccsv6/tools/compiler/ti-cgt-arm_5.2.2/bin/armcl" -mv7M4 --float_support=fpalib --abi=eabi -me --include_path="C:/ti/ccsv6/tools/compiler/ti-cgt-arm_5.2.2/include" --include_path="C:/ti/CC3200SDK_1.1.0/cc3200-sdk/example/mqtt_server/" --include_path="C:/ti/CC3200SDK_1.1.0/cc3200-sdk/inc" --include_path="C:/ti/CC3200SDK_1.1.0/cc3200-sdk/simplelink/" --include_path="C:/ti/CC3200SDK_1.1.0/cc3200-sdk/simplelink/include/" --include_path="C:/ti/CC3200SDK_1.1.0/cc3200-sdk/simplelink/source/" --include_path="C:/ti/CC3200SDK_1.1.0/cc3200-sdk/driverlib/" --include_path="C:/ti/CC3200SDK_1.1.0/cc3200-sdk/example/common/" --include_path="C:/ti/CC3200SDK_1.1.0/cc3200-sdk/oslib/" --include_path="C:/ti/CC3200SDK_1.1.0/cc3200-sdk/third_party/FreeRTOS/source/include/" --include_path="C:/ti/CC3200SDK_1.1.0/cc3200-sdk/third_party/FreeRTOS/source/" --include_path="C:/ti/CC3200SDK_1.1.0/cc3200-sdk/third_party/FreeRTOS/source/portable/CCS/ARM_CM3" --include_path="C:/ti/CC3200SDK_1.1.0/cc3200-sdk/netapps/mqtt/common/" --include_path="C:/ti/CC3200SDK_1.1.0/cc3200-sdk/netapps/mqtt/server/" --include_path="C:/ti/CC3200SDK_1.1.0/cc3200-sdk/netapps/mqtt/client/" --include_path="C:/ti/CC3200SDK_1.1.0/cc3200-sdk/netapps/mqtt/include/" -g --gcc --define=ccs --define=cc3200 --define=USE_FREERTOS --define=SL_PLATFORM_MULTI_THREADED --display_error_number --diag_warning=225 --diag_wrap=off --preproc_with_compile --preproc_dependency="pinmux.pp"  "../pinmux.c"
'Finished building: ../pinmux.c'
' '
'Building file: ../server_client_cbs.c'
'Invoking: ARM Compiler'
"C:/ti/ccsv6/tools/compiler/ti-cgt-arm_5.2.2/bin/armcl" -mv7M4 --float_support=fpalib --abi=eabi -me --include_path="C:/ti/ccsv6/tools/compiler/ti-cgt-arm_5.2.2/include" --include_path="C:/ti/CC3200SDK_1.1.0/cc3200-sdk/example/mqtt_server/" --include_path="C:/ti/CC3200SDK_1.1.0/cc3200-sdk/inc" --include_path="C:/ti/CC3200SDK_1.1.0/cc3200-sdk/simplelink/" --include_path="C:/ti/CC3200SDK_1.1.0/cc3200-sdk/simplelink/include/" --include_path="C:/ti/CC3200SDK_1.1.0/cc3200-sdk/simplelink/source/" --include_path="C:/ti/CC3200SDK_1.1.0/cc3200-sdk/driverlib/" --include_path="C:/ti/CC3200SDK_1.1.0/cc3200-sdk/example/common/" --include_path="C:/ti/CC3200SDK_1.1.0/cc3200-sdk/oslib/" --include_path="C:/ti/CC3200SDK_1.1.0/cc3200-sdk/third_party/FreeRTOS/source/include/" --include_path="C:/ti/CC3200SDK_1.1.0/cc3200-sdk/third_party/FreeRTOS/source/" --include_path="C:/ti/CC3200SDK_1.1.0/cc3200-sdk/third_party/FreeRTOS/source/portable/CCS/ARM_CM3" --include_path="C:/ti/CC3200SDK_1.1.0/cc3200-sdk/netapps/mqtt/common/" --include_path="C:/ti/CC3200SDK_1.1.0/cc3200-sdk/netapps/mqtt/server/" --include_path="C:/ti/CC3200SDK_1.1.0/cc3200-sdk/netapps/mqtt/client/" --include_path="C:/ti/CC3200SDK_1.1.0/cc3200-sdk/netapps/mqtt/include/" -g --gcc --define=ccs --define=cc3200 --define=USE_FREERTOS --define=SL_PLATFORM_MULTI_THREADED --display_error_number --diag_warning=225 --diag_wrap=off --preproc_with_compile --preproc_dependency="server_client_cbs.pp"  "../server_client_cbs.c"
'Finished building: ../server_client_cbs.c'
' '
'Building file: C:/ti/CC3200SDK_1.1.0/cc3200-sdk/example/common/startup_ccs.c'
'Invoking: ARM Compiler'
"C:/ti/ccsv6/tools/compiler/ti-cgt-arm_5.2.2/bin/armcl" -mv7M4 --float_support=fpalib --abi=eabi -me --include_path="C:/ti/ccsv6/tools/compiler/ti-cgt-arm_5.2.2/include" --include_path="C:/ti/CC3200SDK_1.1.0/cc3200-sdk/example/mqtt_server/" --include_path="C:/ti/CC3200SDK_1.1.0/cc3200-sdk/inc" --include_path="C:/ti/CC3200SDK_1.1.0/cc3200-sdk/simplelink/" --include_path="C:/ti/CC3200SDK_1.1.0/cc3200-sdk/simplelink/include/" --include_path="C:/ti/CC3200SDK_1.1.0/cc3200-sdk/simplelink/source/" --include_path="C:/ti/CC3200SDK_1.1.0/cc3200-sdk/driverlib/" --include_path="C:/ti/CC3200SDK_1.1.0/cc3200-sdk/example/common/" --include_path="C:/ti/CC3200SDK_1.1.0/cc3200-sdk/oslib/" --include_path="C:/ti/CC3200SDK_1.1.0/cc3200-sdk/third_party/FreeRTOS/source/include/" --include_path="C:/ti/CC3200SDK_1.1.0/cc3200-sdk/third_party/FreeRTOS/source/" --include_path="C:/ti/CC3200SDK_1.1.0/cc3200-sdk/third_party/FreeRTOS/source/portable/CCS/ARM_CM3" --include_path="C:/ti/CC3200SDK_1.1.0/cc3200-sdk/netapps/mqtt/common/" --include_path="C:/ti/CC3200SDK_1.1.0/cc3200-sdk/netapps/mqtt/server/" --include_path="C:/ti/CC3200SDK_1.1.0/cc3200-sdk/netapps/mqtt/client/" --include_path="C:/ti/CC3200SDK_1.1.0/cc3200-sdk/netapps/mqtt/include/" -g --gcc --define=ccs --define=cc3200 --define=USE_FREERTOS --define=SL_PLATFORM_MULTI_THREADED --display_error_number --diag_warning=225 --diag_wrap=off --preproc_with_compile --preproc_dependency="startup_ccs.pp"  "C:/ti/CC3200SDK_1.1.0/cc3200-sdk/example/common/startup_ccs.c"
'Finished building: C:/ti/CC3200SDK_1.1.0/cc3200-sdk/example/common/startup_ccs.c'
' '
'Building file: C:/ti/CC3200SDK_1.1.0/cc3200-sdk/example/common/timer_if.c'
'Invoking: ARM Compiler'
"C:/ti/ccsv6/tools/compiler/ti-cgt-arm_5.2.2/bin/armcl" -mv7M4 --float_support=fpalib --abi=eabi -me --include_path="C:/ti/ccsv6/tools/compiler/ti-cgt-arm_5.2.2/include" --include_path="C:/ti/CC3200SDK_1.1.0/cc3200-sdk/example/mqtt_server/" --include_path="C:/ti/CC3200SDK_1.1.0/cc3200-sdk/inc" --include_path="C:/ti/CC3200SDK_1.1.0/cc3200-sdk/simplelink/" --include_path="C:/ti/CC3200SDK_1.1.0/cc3200-sdk/simplelink/include/" --include_path="C:/ti/CC3200SDK_1.1.0/cc3200-sdk/simplelink/source/" --include_path="C:/ti/CC3200SDK_1.1.0/cc3200-sdk/driverlib/" --include_path="C:/ti/CC3200SDK_1.1.0/cc3200-sdk/example/common/" --include_path="C:/ti/CC3200SDK_1.1.0/cc3200-sdk/oslib/" --include_path="C:/ti/CC3200SDK_1.1.0/cc3200-sdk/third_party/FreeRTOS/source/include/" --include_path="C:/ti/CC3200SDK_1.1.0/cc3200-sdk/third_party/FreeRTOS/source/" --include_path="C:/ti/CC3200SDK_1.1.0/cc3200-sdk/third_party/FreeRTOS/source/portable/CCS/ARM_CM3" --include_path="C:/ti/CC3200SDK_1.1.0/cc3200-sdk/netapps/mqtt/common/" --include_path="C:/ti/CC3200SDK_1.1.0/cc3200-sdk/netapps/mqtt/server/" --include_path="C:/ti/CC3200SDK_1.1.0/cc3200-sdk/netapps/mqtt/client/" --include_path="C:/ti/CC3200SDK_1.1.0/cc3200-sdk/netapps/mqtt/include/" -g --gcc --define=ccs --define=cc3200 --define=USE_FREERTOS --define=SL_PLATFORM_MULTI_THREADED --display_error_number --diag_warning=225 --diag_wrap=off --preproc_with_compile --preproc_dependency="timer_if.pp"  "C:/ti/CC3200SDK_1.1.0/cc3200-sdk/example/common/timer_if.c"
'Finished building: C:/ti/CC3200SDK_1.1.0/cc3200-sdk/example/common/timer_if.c'
' '
'Building file: C:/ti/CC3200SDK_1.1.0/cc3200-sdk/example/common/uart_if.c'
'Invoking: ARM Compiler'
"C:/ti/ccsv6/tools/compiler/ti-cgt-arm_5.2.2/bin/armcl" -mv7M4 --float_support=fpalib --abi=eabi -me --include_path="C:/ti/ccsv6/tools/compiler/ti-cgt-arm_5.2.2/include" --include_path="C:/ti/CC3200SDK_1.1.0/cc3200-sdk/example/mqtt_server/" --include_path="C:/ti/CC3200SDK_1.1.0/cc3200-sdk/inc" --include_path="C:/ti/CC3200SDK_1.1.0/cc3200-sdk/simplelink/" --include_path="C:/ti/CC3200SDK_1.1.0/cc3200-sdk/simplelink/include/" --include_path="C:/ti/CC3200SDK_1.1.0/cc3200-sdk/simplelink/source/" --include_path="C:/ti/CC3200SDK_1.1.0/cc3200-sdk/driverlib/" --include_path="C:/ti/CC3200SDK_1.1.0/cc3200-sdk/example/common/" --include_path="C:/ti/CC3200SDK_1.1.0/cc3200-sdk/oslib/" --include_path="C:/ti/CC3200SDK_1.1.0/cc3200-sdk/third_party/FreeRTOS/source/include/" --include_path="C:/ti/CC3200SDK_1.1.0/cc3200-sdk/third_party/FreeRTOS/source/" --include_path="C:/ti/CC3200SDK_1.1.0/cc3200-sdk/third_party/FreeRTOS/source/portable/CCS/ARM_CM3" --include_path="C:/ti/CC3200SDK_1.1.0/cc3200-sdk/netapps/mqtt/common/" --include_path="C:/ti/CC3200SDK_1.1.0/cc3200-sdk/netapps/mqtt/server/" --include_path="C:/ti/CC3200SDK_1.1.0/cc3200-sdk/netapps/mqtt/client/" --include_path="C:/ti/CC3200SDK_1.1.0/cc3200-sdk/netapps/mqtt/include/" -g --gcc --define=ccs --define=cc3200 --define=USE_FREERTOS --define=SL_PLATFORM_MULTI_THREADED --display_error_number --diag_warning=225 --diag_wrap=off --preproc_with_compile --preproc_dependency="uart_if.pp"  "C:/ti/CC3200SDK_1.1.0/cc3200-sdk/example/common/uart_if.c"
'Finished building: C:/ti/CC3200SDK_1.1.0/cc3200-sdk/example/common/uart_if.c'
' '
'Building target: C:/ti/CC3200SDK_1.1.0/cc3200-sdk/example/mqtt_server/ccs/Release/mqtt_server.out'
'Invoking: ARM Linker'
"C:/ti/ccsv6/tools/compiler/ti-cgt-arm_5.2.2/bin/armcl" -mv7M4 --float_support=fpalib --abi=eabi -me -g --gcc --define=ccs --define=cc3200 --define=USE_FREERTOS --define=SL_PLATFORM_MULTI_THREADED --display_error_number --diag_warning=225 --diag_wrap=off -z -m"C:/ti/CC3200SDK_1.1.0/cc3200-sdk/example/mqtt_server/ccs/Release/mqtt_server.map" --heap_size=0x8000 --stack_size=0x1000 -i"C:/ti/ccsv6/tools/compiler/ti-cgt-arm_5.2.2/lib" -i"C:/ti/CC3200SDK_1.1.0/cc3200-sdk/driverlib/ccs/Release" -i"C:/ti/CC3200SDK_1.1.0/cc3200-sdk/simplelink/ccs/OS" -i"C:/ti/CC3200SDK_1.1.0/cc3200-sdk/netapps/mqtt/ccs/client_server/" -i"C:/ti/CC3200SDK_1.1.0/cc3200-sdk/oslib/ccs/free_rtos" -i"C:/ti/ccsv6/tools/compiler/ti-cgt-arm_5.2.2/include" --reread_libs --warn_sections --display_error_number --diag_wrap=off --xml_link_info="mqtt_server_linkInfo.xml" --rom_model -o "C:/ti/CC3200SDK_1.1.0/cc3200-sdk/example/mqtt_server/ccs/Release/mqtt_server.out" "./button_if.obj" "./gpio_if.obj" "./main.obj" "./network_if.obj" "./pinmux.obj" "./server_client_cbs.obj" "./startup_ccs.obj" "./timer_if.obj" "./uart_if.obj" "../cc3200v1p32.cmd"  -l"libc.a" -lmqtt.a -lfree_rtos.a -lsimplelink.a -ldriverlib.a 
<Linking>
'Finished building target: C:/ti/CC3200SDK_1.1.0/cc3200-sdk/example/mqtt_server/ccs/Release/mqtt_server.out'
' '
"C:/ti/ccsv6/utils/tiobj2bin/tiobj2bin" "C:/ti/CC3200SDK_1.1.0/cc3200-sdk/example/mqtt_server/ccs/Release/mqtt_server.out" "C:/ti/CC3200SDK_1.1.0/cc3200-sdk/example/mqtt_server/ccs/Release/mqtt_server.bin" "C:/ti/ccsv6/tools/compiler/ti-cgt-arm_5.2.2/bin/armofd" "C:/ti/ccsv6/tools/compiler/ti-cgt-arm_5.2.2/bin/armhex" "C:/ti/ccsv6/utils/tiobj2bin/mkhex4bin"
' '

**** Build Finished ****
