
**** Build of configuration client for project mqtt ****

"C:\\ti\\ccsv6\\utils\\bin\\gmake" -k all 
'Building file: C:/ti/CC3200SDK_1.1.0/cc3200-sdk/netapps/mqtt/platform/cc31xx_sl_net.c'
'Invoking: ARM Compiler'
"C:/ti/ccsv6/tools/compiler/ti-cgt-arm_5.2.2/bin/armcl" -mv7M4 --code_state=16 --abi=eabi -me -Ooff --include_path="C:/ti/ccsv6/tools/compiler/ti-cgt-arm_5.2.2/include" --include_path="C:/ti/CC3200SDK_1.1.0/cc3200-sdk/netapps/mqtt/client/" --include_path="C:/ti/CC3200SDK_1.1.0/cc3200-sdk/netapps/mqtt/include/" --include_path="C:/ti/CC3200SDK_1.1.0/cc3200-sdk/netapps/mqtt/common/" --include_path="C:/ti/CC3200SDK_1.1.0/cc3200-sdk/netapps/mqtt/platform/" --include_path="C:/ti/CC3200SDK_1.1.0/cc3200-sdk/simplelink/" --include_path="C:/ti/CC3200SDK_1.1.0/cc3200-sdk/simplelink/source/" --include_path="C:/ti/CC3200SDK_1.1.0/cc3200-sdk/simplelink/include/" --include_path="C:/ti/CC3200SDK_1.1.0/cc3200-sdk/oslib/" --include_path="C:/ti/CC3200SDK_1.1.0/cc3200-sdk/driverlib/" --include_path="C:/ti/CC3200SDK_1.1.0/cc3200-sdk/inc/" --include_path="C:/ti/CC3200SDK_1.1.0/cc3200-sdk/third_party/FreeRTOS/source/include/" --include_path="C:/ti/CC3200SDK_1.1.0/cc3200-sdk/third_party/FreeRTOS/source/" --include_path="C:/ti/CC3200SDK_1.1.0/cc3200-sdk/third_party/FreeRTOS/source/portable/IAR/ARM_CM4" --gcc --define=cc3200 --define=ccs --define=USE_FREERTOS --define=SL_PLATFORM_MULTI_THREADED --display_error_number --diag_warning=225 --diag_wrap=off --preproc_with_compile --preproc_dependency="cc31xx_sl_net.pp"  "C:/ti/CC3200SDK_1.1.0/cc3200-sdk/netapps/mqtt/platform/cc31xx_sl_net.c"
'Finished building: C:/ti/CC3200SDK_1.1.0/cc3200-sdk/netapps/mqtt/platform/cc31xx_sl_net.c'
' '
'Building file: C:/ti/CC3200SDK_1.1.0/cc3200-sdk/netapps/mqtt/platform/cc3200_platform.c'
'Invoking: ARM Compiler'
"C:/ti/ccsv6/tools/compiler/ti-cgt-arm_5.2.2/bin/armcl" -mv7M4 --code_state=16 --abi=eabi -me -Ooff --include_path="C:/ti/ccsv6/tools/compiler/ti-cgt-arm_5.2.2/include" --include_path="C:/ti/CC3200SDK_1.1.0/cc3200-sdk/netapps/mqtt/client/" --include_path="C:/ti/CC3200SDK_1.1.0/cc3200-sdk/netapps/mqtt/include/" --include_path="C:/ti/CC3200SDK_1.1.0/cc3200-sdk/netapps/mqtt/common/" --include_path="C:/ti/CC3200SDK_1.1.0/cc3200-sdk/netapps/mqtt/platform/" --include_path="C:/ti/CC3200SDK_1.1.0/cc3200-sdk/simplelink/" --include_path="C:/ti/CC3200SDK_1.1.0/cc3200-sdk/simplelink/source/" --include_path="C:/ti/CC3200SDK_1.1.0/cc3200-sdk/simplelink/include/" --include_path="C:/ti/CC3200SDK_1.1.0/cc3200-sdk/oslib/" --include_path="C:/ti/CC3200SDK_1.1.0/cc3200-sdk/driverlib/" --include_path="C:/ti/CC3200SDK_1.1.0/cc3200-sdk/inc/" --include_path="C:/ti/CC3200SDK_1.1.0/cc3200-sdk/third_party/FreeRTOS/source/include/" --include_path="C:/ti/CC3200SDK_1.1.0/cc3200-sdk/third_party/FreeRTOS/source/" --include_path="C:/ti/CC3200SDK_1.1.0/cc3200-sdk/third_party/FreeRTOS/source/portable/IAR/ARM_CM4" --gcc --define=cc3200 --define=ccs --define=USE_FREERTOS --define=SL_PLATFORM_MULTI_THREADED --display_error_number --diag_warning=225 --diag_wrap=off --preproc_with_compile --preproc_dependency="cc3200_platform.pp"  "C:/ti/CC3200SDK_1.1.0/cc3200-sdk/netapps/mqtt/platform/cc3200_platform.c"
'Finished building: C:/ti/CC3200SDK_1.1.0/cc3200-sdk/netapps/mqtt/platform/cc3200_platform.c'
' '
'Building file: C:/ti/CC3200SDK_1.1.0/cc3200-sdk/netapps/mqtt/client/mqtt_client.c'
'Invoking: ARM Compiler'
"C:/ti/ccsv6/tools/compiler/ti-cgt-arm_5.2.2/bin/armcl" -mv7M4 --code_state=16 --abi=eabi -me -Ooff --include_path="C:/ti/ccsv6/tools/compiler/ti-cgt-arm_5.2.2/include" --include_path="C:/ti/CC3200SDK_1.1.0/cc3200-sdk/netapps/mqtt/client/" --include_path="C:/ti/CC3200SDK_1.1.0/cc3200-sdk/netapps/mqtt/include/" --include_path="C:/ti/CC3200SDK_1.1.0/cc3200-sdk/netapps/mqtt/common/" --include_path="C:/ti/CC3200SDK_1.1.0/cc3200-sdk/netapps/mqtt/platform/" --include_path="C:/ti/CC3200SDK_1.1.0/cc3200-sdk/simplelink/" --include_path="C:/ti/CC3200SDK_1.1.0/cc3200-sdk/simplelink/source/" --include_path="C:/ti/CC3200SDK_1.1.0/cc3200-sdk/simplelink/include/" --include_path="C:/ti/CC3200SDK_1.1.0/cc3200-sdk/oslib/" --include_path="C:/ti/CC3200SDK_1.1.0/cc3200-sdk/driverlib/" --include_path="C:/ti/CC3200SDK_1.1.0/cc3200-sdk/inc/" --include_path="C:/ti/CC3200SDK_1.1.0/cc3200-sdk/third_party/FreeRTOS/source/include/" --include_path="C:/ti/CC3200SDK_1.1.0/cc3200-sdk/third_party/FreeRTOS/source/" --include_path="C:/ti/CC3200SDK_1.1.0/cc3200-sdk/third_party/FreeRTOS/source/portable/IAR/ARM_CM4" --gcc --define=cc3200 --define=ccs --define=USE_FREERTOS --define=SL_PLATFORM_MULTI_THREADED --display_error_number --diag_warning=225 --diag_wrap=off --preproc_with_compile --preproc_dependency="mqtt_client.pp"  "C:/ti/CC3200SDK_1.1.0/cc3200-sdk/netapps/mqtt/client/mqtt_client.c"
'Finished building: C:/ti/CC3200SDK_1.1.0/cc3200-sdk/netapps/mqtt/client/mqtt_client.c'
' '
'Building file: C:/ti/CC3200SDK_1.1.0/cc3200-sdk/netapps/mqtt/common/mqtt_common.c'
'Invoking: ARM Compiler'
"C:/ti/ccsv6/tools/compiler/ti-cgt-arm_5.2.2/bin/armcl" -mv7M4 --code_state=16 --abi=eabi -me -Ooff --include_path="C:/ti/ccsv6/tools/compiler/ti-cgt-arm_5.2.2/include" --include_path="C:/ti/CC3200SDK_1.1.0/cc3200-sdk/netapps/mqtt/client/" --include_path="C:/ti/CC3200SDK_1.1.0/cc3200-sdk/netapps/mqtt/include/" --include_path="C:/ti/CC3200SDK_1.1.0/cc3200-sdk/netapps/mqtt/common/" --include_path="C:/ti/CC3200SDK_1.1.0/cc3200-sdk/netapps/mqtt/platform/" --include_path="C:/ti/CC3200SDK_1.1.0/cc3200-sdk/simplelink/" --include_path="C:/ti/CC3200SDK_1.1.0/cc3200-sdk/simplelink/source/" --include_path="C:/ti/CC3200SDK_1.1.0/cc3200-sdk/simplelink/include/" --include_path="C:/ti/CC3200SDK_1.1.0/cc3200-sdk/oslib/" --include_path="C:/ti/CC3200SDK_1.1.0/cc3200-sdk/driverlib/" --include_path="C:/ti/CC3200SDK_1.1.0/cc3200-sdk/inc/" --include_path="C:/ti/CC3200SDK_1.1.0/cc3200-sdk/third_party/FreeRTOS/source/include/" --include_path="C:/ti/CC3200SDK_1.1.0/cc3200-sdk/third_party/FreeRTOS/source/" --include_path="C:/ti/CC3200SDK_1.1.0/cc3200-sdk/third_party/FreeRTOS/source/portable/IAR/ARM_CM4" --gcc --define=cc3200 --define=ccs --define=USE_FREERTOS --define=SL_PLATFORM_MULTI_THREADED --display_error_number --diag_warning=225 --diag_wrap=off --preproc_with_compile --preproc_dependency="mqtt_common.pp"  "C:/ti/CC3200SDK_1.1.0/cc3200-sdk/netapps/mqtt/common/mqtt_common.c"
'Finished building: C:/ti/CC3200SDK_1.1.0/cc3200-sdk/netapps/mqtt/common/mqtt_common.c'
' '
'Building file: C:/ti/CC3200SDK_1.1.0/cc3200-sdk/netapps/mqtt/sl/sl_mqtt_client.c'
'Invoking: ARM Compiler'
"C:/ti/ccsv6/tools/compiler/ti-cgt-arm_5.2.2/bin/armcl" -mv7M4 --code_state=16 --abi=eabi -me -Ooff --include_path="C:/ti/ccsv6/tools/compiler/ti-cgt-arm_5.2.2/include" --include_path="C:/ti/CC3200SDK_1.1.0/cc3200-sdk/netapps/mqtt/client/" --include_path="C:/ti/CC3200SDK_1.1.0/cc3200-sdk/netapps/mqtt/include/" --include_path="C:/ti/CC3200SDK_1.1.0/cc3200-sdk/netapps/mqtt/common/" --include_path="C:/ti/CC3200SDK_1.1.0/cc3200-sdk/netapps/mqtt/platform/" --include_path="C:/ti/CC3200SDK_1.1.0/cc3200-sdk/simplelink/" --include_path="C:/ti/CC3200SDK_1.1.0/cc3200-sdk/simplelink/source/" --include_path="C:/ti/CC3200SDK_1.1.0/cc3200-sdk/simplelink/include/" --include_path="C:/ti/CC3200SDK_1.1.0/cc3200-sdk/oslib/" --include_path="C:/ti/CC3200SDK_1.1.0/cc3200-sdk/driverlib/" --include_path="C:/ti/CC3200SDK_1.1.0/cc3200-sdk/inc/" --include_path="C:/ti/CC3200SDK_1.1.0/cc3200-sdk/third_party/FreeRTOS/source/include/" --include_path="C:/ti/CC3200SDK_1.1.0/cc3200-sdk/third_party/FreeRTOS/source/" --include_path="C:/ti/CC3200SDK_1.1.0/cc3200-sdk/third_party/FreeRTOS/source/portable/IAR/ARM_CM4" --gcc --define=cc3200 --define=ccs --define=USE_FREERTOS --define=SL_PLATFORM_MULTI_THREADED --display_error_number --diag_warning=225 --diag_wrap=off --preproc_with_compile --preproc_dependency="sl_mqtt_client.pp"  "C:/ti/CC3200SDK_1.1.0/cc3200-sdk/netapps/mqtt/sl/sl_mqtt_client.c"
'Finished building: C:/ti/CC3200SDK_1.1.0/cc3200-sdk/netapps/mqtt/sl/sl_mqtt_client.c'
' '
'Building target: mqtt.a'
'Invoking: ARM Archiver'
"C:/ti/ccsv6/tools/compiler/ti-cgt-arm_5.2.2/bin/armar" r "mqtt.a" "./cc31xx_sl_net.obj" "./cc3200_platform.obj" "./mqtt_client.obj" "./mqtt_common.obj" "./sl_mqtt_client.obj"   
  ==>  new archive 'mqtt.a'
  ==>  building archive 'mqtt.a'
'Finished building target: mqtt.a'
' '

**** Build Finished ****
