
**** Build of configuration Release for project oob ****

"C:\\ti\\ccsv6\\utils\\bin\\gmake" -k all 
'Building file: ../bma222drv.c'
'Invoking: ARM Compiler'
"C:/ti/ccsv6/tools/compiler/ti-cgt-arm_5.2.2/bin/armcl" -mv7M4 --code_state=16 --float_support=vfplib --abi=eabi -me --include_path="C:/ti/ccsv6/tools/compiler/ti-cgt-arm_5.2.2/include" --include_path="C:/ti/CC3200SDK_1.1.0/cc3200-sdk/example/common" --include_path="C:/ti/CC3200SDK_1.1.0/cc3200-sdk/inc" --include_path="C:/ti/CC3200SDK_1.1.0/cc3200-sdk/simplelink/" --include_path="C:/ti/CC3200SDK_1.1.0/cc3200-sdk/simplelink/include" --include_path="C:/ti/CC3200SDK_1.1.0/cc3200-sdk/simplelink/source" --include_path="C:/ti/CC3200SDK_1.1.0/cc3200-sdk/driverlib/" --include_path="C:/ti/CC3200SDK_1.1.0/cc3200-sdk/oslib/" --include_path="C:/ti/CC3200SDK_1.1.0/cc3200-sdk/third_party/FreeRTOS/" --include_path="C:/ti/CC3200SDK_1.1.0/cc3200-sdk/third_party/FreeRTOS/source/" --include_path="C:/ti/CC3200SDK_1.1.0/cc3200-sdk/third_party/FreeRTOS/source/include" --include_path="C:/ti/CC3200SDK_1.1.0/cc3200-sdk/third_party/FreeRTOS/source/portable/CCS/ARM_CM3" -g --gcc --define=ccs --define=SL_PLATFORM_MULTI_THREADED --define=USE_FREERTOS --define=cc3200 --display_error_number --diag_warning=225 --diag_wrap=off --preproc_with_compile --preproc_dependency="bma222drv.pp"  "../bma222drv.c"
'Finished building: ../bma222drv.c'
' '
'Building file: ../device_status.c'
'Invoking: ARM Compiler'
"C:/ti/ccsv6/tools/compiler/ti-cgt-arm_5.2.2/bin/armcl" -mv7M4 --code_state=16 --float_support=vfplib --abi=eabi -me --include_path="C:/ti/ccsv6/tools/compiler/ti-cgt-arm_5.2.2/include" --include_path="C:/ti/CC3200SDK_1.1.0/cc3200-sdk/example/common" --include_path="C:/ti/CC3200SDK_1.1.0/cc3200-sdk/inc" --include_path="C:/ti/CC3200SDK_1.1.0/cc3200-sdk/simplelink/" --include_path="C:/ti/CC3200SDK_1.1.0/cc3200-sdk/simplelink/include" --include_path="C:/ti/CC3200SDK_1.1.0/cc3200-sdk/simplelink/source" --include_path="C:/ti/CC3200SDK_1.1.0/cc3200-sdk/driverlib/" --include_path="C:/ti/CC3200SDK_1.1.0/cc3200-sdk/oslib/" --include_path="C:/ti/CC3200SDK_1.1.0/cc3200-sdk/third_party/FreeRTOS/" --include_path="C:/ti/CC3200SDK_1.1.0/cc3200-sdk/third_party/FreeRTOS/source/" --include_path="C:/ti/CC3200SDK_1.1.0/cc3200-sdk/third_party/FreeRTOS/source/include" --include_path="C:/ti/CC3200SDK_1.1.0/cc3200-sdk/third_party/FreeRTOS/source/portable/CCS/ARM_CM3" -g --gcc --define=ccs --define=SL_PLATFORM_MULTI_THREADED --define=USE_FREERTOS --define=cc3200 --display_error_number --diag_warning=225 --diag_wrap=off --preproc_with_compile --preproc_dependency="device_status.pp"  "../device_status.c"
'Finished building: ../device_status.c'
' '
'Building file: C:/ti/CC3200SDK_1.1.0/cc3200-sdk/example/common/gpio_if.c'
'Invoking: ARM Compiler'
"C:/ti/ccsv6/tools/compiler/ti-cgt-arm_5.2.2/bin/armcl" -mv7M4 --code_state=16 --float_support=vfplib --abi=eabi -me --include_path="C:/ti/ccsv6/tools/compiler/ti-cgt-arm_5.2.2/include" --include_path="C:/ti/CC3200SDK_1.1.0/cc3200-sdk/example/common" --include_path="C:/ti/CC3200SDK_1.1.0/cc3200-sdk/inc" --include_path="C:/ti/CC3200SDK_1.1.0/cc3200-sdk/simplelink/" --include_path="C:/ti/CC3200SDK_1.1.0/cc3200-sdk/simplelink/include" --include_path="C:/ti/CC3200SDK_1.1.0/cc3200-sdk/simplelink/source" --include_path="C:/ti/CC3200SDK_1.1.0/cc3200-sdk/driverlib/" --include_path="C:/ti/CC3200SDK_1.1.0/cc3200-sdk/oslib/" --include_path="C:/ti/CC3200SDK_1.1.0/cc3200-sdk/third_party/FreeRTOS/" --include_path="C:/ti/CC3200SDK_1.1.0/cc3200-sdk/third_party/FreeRTOS/source/" --include_path="C:/ti/CC3200SDK_1.1.0/cc3200-sdk/third_party/FreeRTOS/source/include" --include_path="C:/ti/CC3200SDK_1.1.0/cc3200-sdk/third_party/FreeRTOS/source/portable/CCS/ARM_CM3" -g --gcc --define=ccs --define=SL_PLATFORM_MULTI_THREADED --define=USE_FREERTOS --define=cc3200 --display_error_number --diag_warning=225 --diag_wrap=off --preproc_with_compile --preproc_dependency="gpio_if.pp"  "C:/ti/CC3200SDK_1.1.0/cc3200-sdk/example/common/gpio_if.c"
'Finished building: C:/ti/CC3200SDK_1.1.0/cc3200-sdk/example/common/gpio_if.c'
' '
'Building file: C:/ti/CC3200SDK_1.1.0/cc3200-sdk/example/common/i2c_if.c'
'Invoking: ARM Compiler'
"C:/ti/ccsv6/tools/compiler/ti-cgt-arm_5.2.2/bin/armcl" -mv7M4 --code_state=16 --float_support=vfplib --abi=eabi -me --include_path="C:/ti/ccsv6/tools/compiler/ti-cgt-arm_5.2.2/include" --include_path="C:/ti/CC3200SDK_1.1.0/cc3200-sdk/example/common" --include_path="C:/ti/CC3200SDK_1.1.0/cc3200-sdk/inc" --include_path="C:/ti/CC3200SDK_1.1.0/cc3200-sdk/simplelink/" --include_path="C:/ti/CC3200SDK_1.1.0/cc3200-sdk/simplelink/include" --include_path="C:/ti/CC3200SDK_1.1.0/cc3200-sdk/simplelink/source" --include_path="C:/ti/CC3200SDK_1.1.0/cc3200-sdk/driverlib/" --include_path="C:/ti/CC3200SDK_1.1.0/cc3200-sdk/oslib/" --include_path="C:/ti/CC3200SDK_1.1.0/cc3200-sdk/third_party/FreeRTOS/" --include_path="C:/ti/CC3200SDK_1.1.0/cc3200-sdk/third_party/FreeRTOS/source/" --include_path="C:/ti/CC3200SDK_1.1.0/cc3200-sdk/third_party/FreeRTOS/source/include" --include_path="C:/ti/CC3200SDK_1.1.0/cc3200-sdk/third_party/FreeRTOS/source/portable/CCS/ARM_CM3" -g --gcc --define=ccs --define=SL_PLATFORM_MULTI_THREADED --define=USE_FREERTOS --define=cc3200 --display_error_number --diag_warning=225 --diag_wrap=off --preproc_with_compile --preproc_dependency="i2c_if.pp"  "C:/ti/CC3200SDK_1.1.0/cc3200-sdk/example/common/i2c_if.c"
'Finished building: C:/ti/CC3200SDK_1.1.0/cc3200-sdk/example/common/i2c_if.c'
' '
'Building file: ../main.c'
'Invoking: ARM Compiler'
"C:/ti/ccsv6/tools/compiler/ti-cgt-arm_5.2.2/bin/armcl" -mv7M4 --code_state=16 --float_support=vfplib --abi=eabi -me --include_path="C:/ti/ccsv6/tools/compiler/ti-cgt-arm_5.2.2/include" --include_path="C:/ti/CC3200SDK_1.1.0/cc3200-sdk/example/common" --include_path="C:/ti/CC3200SDK_1.1.0/cc3200-sdk/inc" --include_path="C:/ti/CC3200SDK_1.1.0/cc3200-sdk/simplelink/" --include_path="C:/ti/CC3200SDK_1.1.0/cc3200-sdk/simplelink/include" --include_path="C:/ti/CC3200SDK_1.1.0/cc3200-sdk/simplelink/source" --include_path="C:/ti/CC3200SDK_1.1.0/cc3200-sdk/driverlib/" --include_path="C:/ti/CC3200SDK_1.1.0/cc3200-sdk/oslib/" --include_path="C:/ti/CC3200SDK_1.1.0/cc3200-sdk/third_party/FreeRTOS/" --include_path="C:/ti/CC3200SDK_1.1.0/cc3200-sdk/third_party/FreeRTOS/source/" --include_path="C:/ti/CC3200SDK_1.1.0/cc3200-sdk/third_party/FreeRTOS/source/include" --include_path="C:/ti/CC3200SDK_1.1.0/cc3200-sdk/third_party/FreeRTOS/source/portable/CCS/ARM_CM3" -g --gcc --define=ccs --define=SL_PLATFORM_MULTI_THREADED --define=USE_FREERTOS --define=cc3200 --display_error_number --diag_warning=225 --diag_wrap=off --preproc_with_compile --preproc_dependency="main.pp"  "../main.c"
'Finished building: ../main.c'
' '
'Building file: ../pinmux.c'
'Invoking: ARM Compiler'
"C:/ti/ccsv6/tools/compiler/ti-cgt-arm_5.2.2/bin/armcl" -mv7M4 --code_state=16 --float_support=vfplib --abi=eabi -me --include_path="C:/ti/ccsv6/tools/compiler/ti-cgt-arm_5.2.2/include" --include_path="C:/ti/CC3200SDK_1.1.0/cc3200-sdk/example/common" --include_path="C:/ti/CC3200SDK_1.1.0/cc3200-sdk/inc" --include_path="C:/ti/CC3200SDK_1.1.0/cc3200-sdk/simplelink/" --include_path="C:/ti/CC3200SDK_1.1.0/cc3200-sdk/simplelink/include" --include_path="C:/ti/CC3200SDK_1.1.0/cc3200-sdk/simplelink/source" --include_path="C:/ti/CC3200SDK_1.1.0/cc3200-sdk/driverlib/" --include_path="C:/ti/CC3200SDK_1.1.0/cc3200-sdk/oslib/" --include_path="C:/ti/CC3200SDK_1.1.0/cc3200-sdk/third_party/FreeRTOS/" --include_path="C:/ti/CC3200SDK_1.1.0/cc3200-sdk/third_party/FreeRTOS/source/" --include_path="C:/ti/CC3200SDK_1.1.0/cc3200-sdk/third_party/FreeRTOS/source/include" --include_path="C:/ti/CC3200SDK_1.1.0/cc3200-sdk/third_party/FreeRTOS/source/portable/CCS/ARM_CM3" -g --gcc --define=ccs --define=SL_PLATFORM_MULTI_THREADED --define=USE_FREERTOS --define=cc3200 --display_error_number --diag_warning=225 --diag_wrap=off --preproc_with_compile --preproc_dependency="pinmux.pp"  "../pinmux.c"
'Finished building: ../pinmux.c'
' '
'Building file: ../smartconfig.c'
'Invoking: ARM Compiler'
"C:/ti/ccsv6/tools/compiler/ti-cgt-arm_5.2.2/bin/armcl" -mv7M4 --code_state=16 --float_support=vfplib --abi=eabi -me --include_path="C:/ti/ccsv6/tools/compiler/ti-cgt-arm_5.2.2/include" --include_path="C:/ti/CC3200SDK_1.1.0/cc3200-sdk/example/common" --include_path="C:/ti/CC3200SDK_1.1.0/cc3200-sdk/inc" --include_path="C:/ti/CC3200SDK_1.1.0/cc3200-sdk/simplelink/" --include_path="C:/ti/CC3200SDK_1.1.0/cc3200-sdk/simplelink/include" --include_path="C:/ti/CC3200SDK_1.1.0/cc3200-sdk/simplelink/source" --include_path="C:/ti/CC3200SDK_1.1.0/cc3200-sdk/driverlib/" --include_path="C:/ti/CC3200SDK_1.1.0/cc3200-sdk/oslib/" --include_path="C:/ti/CC3200SDK_1.1.0/cc3200-sdk/third_party/FreeRTOS/" --include_path="C:/ti/CC3200SDK_1.1.0/cc3200-sdk/third_party/FreeRTOS/source/" --include_path="C:/ti/CC3200SDK_1.1.0/cc3200-sdk/third_party/FreeRTOS/source/include" --include_path="C:/ti/CC3200SDK_1.1.0/cc3200-sdk/third_party/FreeRTOS/source/portable/CCS/ARM_CM3" -g --gcc --define=ccs --define=SL_PLATFORM_MULTI_THREADED --define=USE_FREERTOS --define=cc3200 --display_error_number --diag_warning=225 --diag_wrap=off --preproc_with_compile --preproc_dependency="smartconfig.pp"  "../smartconfig.c"
'Finished building: ../smartconfig.c'
' '
'Building file: C:/ti/CC3200SDK_1.1.0/cc3200-sdk/example/common/startup_ccs.c'
'Invoking: ARM Compiler'
"C:/ti/ccsv6/tools/compiler/ti-cgt-arm_5.2.2/bin/armcl" -mv7M4 --code_state=16 --float_support=vfplib --abi=eabi -me --include_path="C:/ti/ccsv6/tools/compiler/ti-cgt-arm_5.2.2/include" --include_path="C:/ti/CC3200SDK_1.1.0/cc3200-sdk/example/common" --include_path="C:/ti/CC3200SDK_1.1.0/cc3200-sdk/inc" --include_path="C:/ti/CC3200SDK_1.1.0/cc3200-sdk/simplelink/" --include_path="C:/ti/CC3200SDK_1.1.0/cc3200-sdk/simplelink/include" --include_path="C:/ti/CC3200SDK_1.1.0/cc3200-sdk/simplelink/source" --include_path="C:/ti/CC3200SDK_1.1.0/cc3200-sdk/driverlib/" --include_path="C:/ti/CC3200SDK_1.1.0/cc3200-sdk/oslib/" --include_path="C:/ti/CC3200SDK_1.1.0/cc3200-sdk/third_party/FreeRTOS/" --include_path="C:/ti/CC3200SDK_1.1.0/cc3200-sdk/third_party/FreeRTOS/source/" --include_path="C:/ti/CC3200SDK_1.1.0/cc3200-sdk/third_party/FreeRTOS/source/include" --include_path="C:/ti/CC3200SDK_1.1.0/cc3200-sdk/third_party/FreeRTOS/source/portable/CCS/ARM_CM3" -g --gcc --define=ccs --define=SL_PLATFORM_MULTI_THREADED --define=USE_FREERTOS --define=cc3200 --display_error_number --diag_warning=225 --diag_wrap=off --preproc_with_compile --preproc_dependency="startup_ccs.pp"  "C:/ti/CC3200SDK_1.1.0/cc3200-sdk/example/common/startup_ccs.c"
'Finished building: C:/ti/CC3200SDK_1.1.0/cc3200-sdk/example/common/startup_ccs.c'
' '
'Building file: ../tmp006drv.c'
'Invoking: ARM Compiler'
"C:/ti/ccsv6/tools/compiler/ti-cgt-arm_5.2.2/bin/armcl" -mv7M4 --code_state=16 --float_support=vfplib --abi=eabi -me --include_path="C:/ti/ccsv6/tools/compiler/ti-cgt-arm_5.2.2/include" --include_path="C:/ti/CC3200SDK_1.1.0/cc3200-sdk/example/common" --include_path="C:/ti/CC3200SDK_1.1.0/cc3200-sdk/inc" --include_path="C:/ti/CC3200SDK_1.1.0/cc3200-sdk/simplelink/" --include_path="C:/ti/CC3200SDK_1.1.0/cc3200-sdk/simplelink/include" --include_path="C:/ti/CC3200SDK_1.1.0/cc3200-sdk/simplelink/source" --include_path="C:/ti/CC3200SDK_1.1.0/cc3200-sdk/driverlib/" --include_path="C:/ti/CC3200SDK_1.1.0/cc3200-sdk/oslib/" --include_path="C:/ti/CC3200SDK_1.1.0/cc3200-sdk/third_party/FreeRTOS/" --include_path="C:/ti/CC3200SDK_1.1.0/cc3200-sdk/third_party/FreeRTOS/source/" --include_path="C:/ti/CC3200SDK_1.1.0/cc3200-sdk/third_party/FreeRTOS/source/include" --include_path="C:/ti/CC3200SDK_1.1.0/cc3200-sdk/third_party/FreeRTOS/source/portable/CCS/ARM_CM3" -g --gcc --define=ccs --define=SL_PLATFORM_MULTI_THREADED --define=USE_FREERTOS --define=cc3200 --display_error_number --diag_warning=225 --diag_wrap=off --preproc_with_compile --preproc_dependency="tmp006drv.pp"  "../tmp006drv.c"
'Finished building: ../tmp006drv.c'
' '
'Building file: C:/ti/CC3200SDK_1.1.0/cc3200-sdk/example/common/uart_if.c'
'Invoking: ARM Compiler'
"C:/ti/ccsv6/tools/compiler/ti-cgt-arm_5.2.2/bin/armcl" -mv7M4 --code_state=16 --float_support=vfplib --abi=eabi -me --include_path="C:/ti/ccsv6/tools/compiler/ti-cgt-arm_5.2.2/include" --include_path="C:/ti/CC3200SDK_1.1.0/cc3200-sdk/example/common" --include_path="C:/ti/CC3200SDK_1.1.0/cc3200-sdk/inc" --include_path="C:/ti/CC3200SDK_1.1.0/cc3200-sdk/simplelink/" --include_path="C:/ti/CC3200SDK_1.1.0/cc3200-sdk/simplelink/include" --include_path="C:/ti/CC3200SDK_1.1.0/cc3200-sdk/simplelink/source" --include_path="C:/ti/CC3200SDK_1.1.0/cc3200-sdk/driverlib/" --include_path="C:/ti/CC3200SDK_1.1.0/cc3200-sdk/oslib/" --include_path="C:/ti/CC3200SDK_1.1.0/cc3200-sdk/third_party/FreeRTOS/" --include_path="C:/ti/CC3200SDK_1.1.0/cc3200-sdk/third_party/FreeRTOS/source/" --include_path="C:/ti/CC3200SDK_1.1.0/cc3200-sdk/third_party/FreeRTOS/source/include" --include_path="C:/ti/CC3200SDK_1.1.0/cc3200-sdk/third_party/FreeRTOS/source/portable/CCS/ARM_CM3" -g --gcc --define=ccs --define=SL_PLATFORM_MULTI_THREADED --define=USE_FREERTOS --define=cc3200 --display_error_number --diag_warning=225 --diag_wrap=off --preproc_with_compile --preproc_dependency="uart_if.pp"  "C:/ti/CC3200SDK_1.1.0/cc3200-sdk/example/common/uart_if.c"
'Finished building: C:/ti/CC3200SDK_1.1.0/cc3200-sdk/example/common/uart_if.c'
' '
'Building target: oob.out'
'Invoking: ARM Linker'
"C:/ti/ccsv6/tools/compiler/ti-cgt-arm_5.2.2/bin/armcl" -mv7M4 --code_state=16 --float_support=vfplib --abi=eabi -me -g --gcc --define=ccs --define=SL_PLATFORM_MULTI_THREADED --define=USE_FREERTOS --define=cc3200 --display_error_number --diag_warning=225 --diag_wrap=off -z -m"oob.map" --heap_size=0x2000 --stack_size=0x1000 -i"C:/ti/ccsv6/tools/compiler/ti-cgt-arm_5.2.2/lib" -i"C:/ti/ccsv6/tools/compiler/ti-cgt-arm_5.2.2/include" -i"C:/ti/CC3200SDK_1.1.0/cc3200-sdk/driverlib/ccs/Release" -i"C:/ti/CC3200SDK_1.1.0/cc3200-sdk/simplelink/ccs/OS" -i"C:/ti/CC3200SDK_1.1.0/cc3200-sdk/oslib/ccs/free_rtos" --reread_libs --warn_sections --display_error_number --diag_wrap=off --xml_link_info="oob_linkInfo.xml" --rom_model -o "oob.out" "./bma222drv.obj" "./device_status.obj" "./gpio_if.obj" "./i2c_if.obj" "./main.obj" "./pinmux.obj" "./smartconfig.obj" "./startup_ccs.obj" "./tmp006drv.obj" "./uart_if.obj" "../cc3200v1p32.cmd"  -l"libc.a" -ldriverlib.a -lsimplelink.a -lfree_rtos.a 
<Linking>
'Finished building target: oob.out'
' '
'convert to bin files'
"C:/ti/ccsv6/utils/tiobj2bin/tiobj2bin" "oob.out" "oob.bin" "C:/ti/ccsv6/tools/compiler/ti-cgt-arm_5.2.2/bin/armofd" "C:/ti/ccsv6/tools/compiler/ti-cgt-arm_5.2.2/bin/armhex" "C:/ti/ccsv6/utils/tiobj2bin/mkhex4bin"
' '

**** Build Finished ****
