
**** Build of configuration Release for project ota ****

"C:\\ti\\ccsv6\\utils\\bin\\gmake" -k all 
'Building file: C:/ti/CC3200SDK_1.1.0/cc3200-sdk/simplelink_extlib/ota/CdnClient.c'
'Invoking: ARM Compiler'
"C:/ti/ccsv6/tools/compiler/ti-cgt-arm_5.2.2/bin/armcl" -mv7M4 --code_state=16 --abi=eabi -me -O2 --include_path="C:/ti/ccsv6/tools/compiler/ti-cgt-arm_5.2.2/include" --include_path="C:/ti/CC3200SDK_1.1.0/cc3200-sdk/simplelink_extlib/ota" --include_path="C:/ti/CC3200SDK_1.1.0/cc3200-sdk/driverlib" --include_path="C:/ti/CC3200SDK_1.1.0/cc3200-sdk/inc" --include_path="C:/ti/CC3200SDK_1.1.0/cc3200-sdk/simplelink_extlib/include/" --include_path="C:/ti/CC3200SDK_1.1.0/cc3200-sdk/oslib/" --include_path="C:/ti/CC3200SDK_1.1.0/cc3200-sdk/simplelink/" --include_path="C:/ti/CC3200SDK_1.1.0/cc3200-sdk/simplelink/include/" --include_path="C:/ti/CC3200SDK_1.1.0/cc3200-sdk/simplelink/source/" --gcc --define=cc3200 --display_error_number --diag_warning=225 --diag_wrap=off --preproc_with_compile --preproc_dependency="CdnClient.pp"  "C:/ti/CC3200SDK_1.1.0/cc3200-sdk/simplelink_extlib/ota/CdnClient.c"
'Finished building: C:/ti/CC3200SDK_1.1.0/cc3200-sdk/simplelink_extlib/ota/CdnClient.c'
' '
'Building file: C:/ti/CC3200SDK_1.1.0/cc3200-sdk/simplelink_extlib/ota/LogClient.c'
'Invoking: ARM Compiler'
"C:/ti/ccsv6/tools/compiler/ti-cgt-arm_5.2.2/bin/armcl" -mv7M4 --code_state=16 --abi=eabi -me -O2 --include_path="C:/ti/ccsv6/tools/compiler/ti-cgt-arm_5.2.2/include" --include_path="C:/ti/CC3200SDK_1.1.0/cc3200-sdk/simplelink_extlib/ota" --include_path="C:/ti/CC3200SDK_1.1.0/cc3200-sdk/driverlib" --include_path="C:/ti/CC3200SDK_1.1.0/cc3200-sdk/inc" --include_path="C:/ti/CC3200SDK_1.1.0/cc3200-sdk/simplelink_extlib/include/" --include_path="C:/ti/CC3200SDK_1.1.0/cc3200-sdk/oslib/" --include_path="C:/ti/CC3200SDK_1.1.0/cc3200-sdk/simplelink/" --include_path="C:/ti/CC3200SDK_1.1.0/cc3200-sdk/simplelink/include/" --include_path="C:/ti/CC3200SDK_1.1.0/cc3200-sdk/simplelink/source/" --gcc --define=cc3200 --display_error_number --diag_warning=225 --diag_wrap=off --preproc_with_compile --preproc_dependency="LogClient.pp"  "C:/ti/CC3200SDK_1.1.0/cc3200-sdk/simplelink_extlib/ota/LogClient.c"
'Finished building: C:/ti/CC3200SDK_1.1.0/cc3200-sdk/simplelink_extlib/ota/LogClient.c'
' '
'Building file: C:/ti/CC3200SDK_1.1.0/cc3200-sdk/simplelink_extlib/ota/OtaApp.c'
'Invoking: ARM Compiler'
"C:/ti/ccsv6/tools/compiler/ti-cgt-arm_5.2.2/bin/armcl" -mv7M4 --code_state=16 --abi=eabi -me -O2 --include_path="C:/ti/ccsv6/tools/compiler/ti-cgt-arm_5.2.2/include" --include_path="C:/ti/CC3200SDK_1.1.0/cc3200-sdk/simplelink_extlib/ota" --include_path="C:/ti/CC3200SDK_1.1.0/cc3200-sdk/driverlib" --include_path="C:/ti/CC3200SDK_1.1.0/cc3200-sdk/inc" --include_path="C:/ti/CC3200SDK_1.1.0/cc3200-sdk/simplelink_extlib/include/" --include_path="C:/ti/CC3200SDK_1.1.0/cc3200-sdk/oslib/" --include_path="C:/ti/CC3200SDK_1.1.0/cc3200-sdk/simplelink/" --include_path="C:/ti/CC3200SDK_1.1.0/cc3200-sdk/simplelink/include/" --include_path="C:/ti/CC3200SDK_1.1.0/cc3200-sdk/simplelink/source/" --gcc --define=cc3200 --display_error_number --diag_warning=225 --diag_wrap=off --preproc_with_compile --preproc_dependency="OtaApp.pp"  "C:/ti/CC3200SDK_1.1.0/cc3200-sdk/simplelink_extlib/ota/OtaApp.c"
'Finished building: C:/ti/CC3200SDK_1.1.0/cc3200-sdk/simplelink_extlib/ota/OtaApp.c'
' '
'Building file: C:/ti/CC3200SDK_1.1.0/cc3200-sdk/simplelink_extlib/ota/OtaClient.c'
'Invoking: ARM Compiler'
"C:/ti/ccsv6/tools/compiler/ti-cgt-arm_5.2.2/bin/armcl" -mv7M4 --code_state=16 --abi=eabi -me -O2 --include_path="C:/ti/ccsv6/tools/compiler/ti-cgt-arm_5.2.2/include" --include_path="C:/ti/CC3200SDK_1.1.0/cc3200-sdk/simplelink_extlib/ota" --include_path="C:/ti/CC3200SDK_1.1.0/cc3200-sdk/driverlib" --include_path="C:/ti/CC3200SDK_1.1.0/cc3200-sdk/inc" --include_path="C:/ti/CC3200SDK_1.1.0/cc3200-sdk/simplelink_extlib/include/" --include_path="C:/ti/CC3200SDK_1.1.0/cc3200-sdk/oslib/" --include_path="C:/ti/CC3200SDK_1.1.0/cc3200-sdk/simplelink/" --include_path="C:/ti/CC3200SDK_1.1.0/cc3200-sdk/simplelink/include/" --include_path="C:/ti/CC3200SDK_1.1.0/cc3200-sdk/simplelink/source/" --gcc --define=cc3200 --display_error_number --diag_warning=225 --diag_wrap=off --preproc_with_compile --preproc_dependency="OtaClient.pp"  "C:/ti/CC3200SDK_1.1.0/cc3200-sdk/simplelink_extlib/ota/OtaClient.c"
'Finished building: C:/ti/CC3200SDK_1.1.0/cc3200-sdk/simplelink_extlib/ota/OtaClient.c'
' '
'Building file: C:/ti/CC3200SDK_1.1.0/cc3200-sdk/simplelink_extlib/ota/OtaHttp.c'
'Invoking: ARM Compiler'
"C:/ti/ccsv6/tools/compiler/ti-cgt-arm_5.2.2/bin/armcl" -mv7M4 --code_state=16 --abi=eabi -me -O2 --include_path="C:/ti/ccsv6/tools/compiler/ti-cgt-arm_5.2.2/include" --include_path="C:/ti/CC3200SDK_1.1.0/cc3200-sdk/simplelink_extlib/ota" --include_path="C:/ti/CC3200SDK_1.1.0/cc3200-sdk/driverlib" --include_path="C:/ti/CC3200SDK_1.1.0/cc3200-sdk/inc" --include_path="C:/ti/CC3200SDK_1.1.0/cc3200-sdk/simplelink_extlib/include/" --include_path="C:/ti/CC3200SDK_1.1.0/cc3200-sdk/oslib/" --include_path="C:/ti/CC3200SDK_1.1.0/cc3200-sdk/simplelink/" --include_path="C:/ti/CC3200SDK_1.1.0/cc3200-sdk/simplelink/include/" --include_path="C:/ti/CC3200SDK_1.1.0/cc3200-sdk/simplelink/source/" --gcc --define=cc3200 --display_error_number --diag_warning=225 --diag_wrap=off --preproc_with_compile --preproc_dependency="OtaHttp.pp"  "C:/ti/CC3200SDK_1.1.0/cc3200-sdk/simplelink_extlib/ota/OtaHttp.c"
'Finished building: C:/ti/CC3200SDK_1.1.0/cc3200-sdk/simplelink_extlib/ota/OtaHttp.c'
' '
'Building target: ota.a'
'Invoking: ARM Archiver'
"C:/ti/ccsv6/tools/compiler/ti-cgt-arm_5.2.2/bin/armar" r "ota.a" "./CdnClient.obj" "./LogClient.obj" "./OtaApp.obj" "./OtaClient.obj" "./OtaHttp.obj"  
  ==>  new archive 'ota.a'
  ==>  building archive 'ota.a'
'Finished building target: ota.a'
' '

**** Build Finished ****
