
**** Build of configuration Release for project relocator ****

"C:\\ti\\ccsv6\\utils\\bin\\gmake" -k all 
'Building file: ../main.c'
'Invoking: ARM Compiler'
"C:/ti/ccsv6/tools/compiler/ti-cgt-arm_5.2.2/bin/armcl" -mv7M4 --code_state=16 --abi=eabi -me -O3 --include_path="C:/ti/ccsv6/tools/compiler/ti-cgt-arm_5.2.2/include" -g --gcc --define=cc3200 --define=ccs --display_error_number --diag_warning=225 --diag_wrap=off --gen_func_subsections=on --preproc_with_compile --preproc_dependency="main.pp"  "../main.c"
'Finished building: ../main.c'
' '
'Building file: ../startup_ccs.c'
'Invoking: ARM Compiler'
"C:/ti/ccsv6/tools/compiler/ti-cgt-arm_5.2.2/bin/armcl" -mv7M4 --code_state=16 --abi=eabi -me -O3 --include_path="C:/ti/ccsv6/tools/compiler/ti-cgt-arm_5.2.2/include" -g --gcc --define=cc3200 --define=ccs --display_error_number --diag_warning=225 --diag_wrap=off --gen_func_subsections=on --preproc_with_compile --preproc_dependency="startup_ccs.pp"  "../startup_ccs.c"
'Finished building: ../startup_ccs.c'
' '
'Building target: relocator.out'
'Invoking: ARM Linker'
"C:/ti/ccsv6/tools/compiler/ti-cgt-arm_5.2.2/bin/armcl" -mv7M4 --code_state=16 --abi=eabi -me -O3 -g --gcc --define=cc3200 --define=ccs --display_error_number --diag_warning=225 --diag_wrap=off --gen_func_subsections=on -z -m"relocator.map" --heap_size=0x0 --stack_size=0x4 -i"C:/ti/ccsv6/tools/compiler/ti-cgt-arm_5.2.2/lib" -i"C:/ti/ccsv6/tools/compiler/ti-cgt-arm_5.2.2/include" --reread_libs --disable_auto_rts --warn_sections --display_error_number --diag_wrap=off --xml_link_info="relocator_linkInfo.xml" --entry_point=ResetISR --rom_model --unused_section_elimination=on -o "relocator.out" "./main.obj" "./startup_ccs.obj" "../cc3200v1p32.cmd"  
<Linking>
warning #10063-D: entry-point symbol other than "_c_int00" specified:  "ResetISR"
'Finished building target: relocator.out'
' '
"C:/ti/ccsv6/utils/tiobj2bin/tiobj2bin" "relocator.out" "relocator.bin" "C:/ti/ccsv6/tools/compiler/ti-cgt-arm_5.2.2/bin/armofd" "C:/ti/ccsv6/tools/compiler/ti-cgt-arm_5.2.2/bin/armhex" "C:/ti/ccsv6/utils/tiobj2bin/mkhex4bin"
' '

**** Build Finished ****
