
**** Build of configuration Release for project serial_wifi ****

"C:\\ti\\ccsv6\\utils\\bin\\gmake" -k all 
'Building file: ../conversions.c'
'Invoking: ARM Compiler'
"C:/ti/ccsv6/tools/compiler/ti-cgt-arm_5.2.2/bin/armcl" -mv7M4 --code_state=16 --float_support=vfplib --abi=eabi -me --include_path="C:/ti/ccsv6/tools/compiler/ti-cgt-arm_5.2.2/include" --include_path="C:/ti/CC3200SDK_1.1.0/cc3200-sdk/example/common/" --include_path="C:/ti/CC3200SDK_1.1.0/cc3200-sdk/inc" --include_path="C:/ti/CC3200SDK_1.1.0/cc3200-sdk/driverlib" --include_path="C:/ti/CC3200SDK_1.1.0/cc3200-sdk/oslib" --include_path="C:/ti/CC3200SDK_1.1.0/cc3200-sdk/simplelink/" --include_path="C:/ti/CC3200SDK_1.1.0/cc3200-sdk/simplelink/include" --include_path="C:/ti/CC3200SDK_1.1.0/cc3200-sdk/simplelink/source" -g --gcc --define=__CCS__ --define=ccs --define=USE_FREERTOS --define=SL_PLATFORM_MULTI_THREADED --define=PLATFORM_LP --define=cc3200 --display_error_number --diag_warning=225 --diag_wrap=off --preproc_with_compile --preproc_dependency="conversions.pp"  "../conversions.c"
'Finished building: ../conversions.c'
' '
'Building file: ../main.c'
'Invoking: ARM Compiler'
"C:/ti/ccsv6/tools/compiler/ti-cgt-arm_5.2.2/bin/armcl" -mv7M4 --code_state=16 --float_support=vfplib --abi=eabi -me --include_path="C:/ti/ccsv6/tools/compiler/ti-cgt-arm_5.2.2/include" --include_path="C:/ti/CC3200SDK_1.1.0/cc3200-sdk/example/common/" --include_path="C:/ti/CC3200SDK_1.1.0/cc3200-sdk/inc" --include_path="C:/ti/CC3200SDK_1.1.0/cc3200-sdk/driverlib" --include_path="C:/ti/CC3200SDK_1.1.0/cc3200-sdk/oslib" --include_path="C:/ti/CC3200SDK_1.1.0/cc3200-sdk/simplelink/" --include_path="C:/ti/CC3200SDK_1.1.0/cc3200-sdk/simplelink/include" --include_path="C:/ti/CC3200SDK_1.1.0/cc3200-sdk/simplelink/source" -g --gcc --define=__CCS__ --define=ccs --define=USE_FREERTOS --define=SL_PLATFORM_MULTI_THREADED --define=PLATFORM_LP --define=cc3200 --display_error_number --diag_warning=225 --diag_wrap=off --preproc_with_compile --preproc_dependency="main.pp"  "../main.c"
'Finished building: ../main.c'
' '
'Building file: C:/ti/CC3200SDK_1.1.0/cc3200-sdk/example/common/network_if.c'
'Invoking: ARM Compiler'
"C:/ti/ccsv6/tools/compiler/ti-cgt-arm_5.2.2/bin/armcl" -mv7M4 --code_state=16 --float_support=vfplib --abi=eabi -me --include_path="C:/ti/ccsv6/tools/compiler/ti-cgt-arm_5.2.2/include" --include_path="C:/ti/CC3200SDK_1.1.0/cc3200-sdk/example/common/" --include_path="C:/ti/CC3200SDK_1.1.0/cc3200-sdk/inc" --include_path="C:/ti/CC3200SDK_1.1.0/cc3200-sdk/driverlib" --include_path="C:/ti/CC3200SDK_1.1.0/cc3200-sdk/oslib" --include_path="C:/ti/CC3200SDK_1.1.0/cc3200-sdk/simplelink/" --include_path="C:/ti/CC3200SDK_1.1.0/cc3200-sdk/simplelink/include" --include_path="C:/ti/CC3200SDK_1.1.0/cc3200-sdk/simplelink/source" -g --gcc --define=__CCS__ --define=ccs --define=USE_FREERTOS --define=SL_PLATFORM_MULTI_THREADED --define=PLATFORM_LP --define=cc3200 --display_error_number --diag_warning=225 --diag_wrap=off --preproc_with_compile --preproc_dependency="network_if.pp"  "C:/ti/CC3200SDK_1.1.0/cc3200-sdk/example/common/network_if.c"
'Finished building: C:/ti/CC3200SDK_1.1.0/cc3200-sdk/example/common/network_if.c'
' '
'Building file: ../pinmux.c'
'Invoking: ARM Compiler'
"C:/ti/ccsv6/tools/compiler/ti-cgt-arm_5.2.2/bin/armcl" -mv7M4 --code_state=16 --float_support=vfplib --abi=eabi -me --include_path="C:/ti/ccsv6/tools/compiler/ti-cgt-arm_5.2.2/include" --include_path="C:/ti/CC3200SDK_1.1.0/cc3200-sdk/example/common/" --include_path="C:/ti/CC3200SDK_1.1.0/cc3200-sdk/inc" --include_path="C:/ti/CC3200SDK_1.1.0/cc3200-sdk/driverlib" --include_path="C:/ti/CC3200SDK_1.1.0/cc3200-sdk/oslib" --include_path="C:/ti/CC3200SDK_1.1.0/cc3200-sdk/simplelink/" --include_path="C:/ti/CC3200SDK_1.1.0/cc3200-sdk/simplelink/include" --include_path="C:/ti/CC3200SDK_1.1.0/cc3200-sdk/simplelink/source" -g --gcc --define=__CCS__ --define=ccs --define=USE_FREERTOS --define=SL_PLATFORM_MULTI_THREADED --define=PLATFORM_LP --define=cc3200 --display_error_number --diag_warning=225 --diag_wrap=off --preproc_with_compile --preproc_dependency="pinmux.pp"  "../pinmux.c"
'Finished building: ../pinmux.c'
' '
'Building file: ../serial_wifi.c'
'Invoking: ARM Compiler'
"C:/ti/ccsv6/tools/compiler/ti-cgt-arm_5.2.2/bin/armcl" -mv7M4 --code_state=16 --float_support=vfplib --abi=eabi -me --include_path="C:/ti/ccsv6/tools/compiler/ti-cgt-arm_5.2.2/include" --include_path="C:/ti/CC3200SDK_1.1.0/cc3200-sdk/example/common/" --include_path="C:/ti/CC3200SDK_1.1.0/cc3200-sdk/inc" --include_path="C:/ti/CC3200SDK_1.1.0/cc3200-sdk/driverlib" --include_path="C:/ti/CC3200SDK_1.1.0/cc3200-sdk/oslib" --include_path="C:/ti/CC3200SDK_1.1.0/cc3200-sdk/simplelink/" --include_path="C:/ti/CC3200SDK_1.1.0/cc3200-sdk/simplelink/include" --include_path="C:/ti/CC3200SDK_1.1.0/cc3200-sdk/simplelink/source" -g --gcc --define=__CCS__ --define=ccs --define=USE_FREERTOS --define=SL_PLATFORM_MULTI_THREADED --define=PLATFORM_LP --define=cc3200 --display_error_number --diag_warning=225 --diag_wrap=off --preproc_with_compile --preproc_dependency="serial_wifi.pp"  "../serial_wifi.c"
'Finished building: ../serial_wifi.c'
' '
'Building file: C:/ti/CC3200SDK_1.1.0/cc3200-sdk/example/common/startup_ccs.c'
'Invoking: ARM Compiler'
"C:/ti/ccsv6/tools/compiler/ti-cgt-arm_5.2.2/bin/armcl" -mv7M4 --code_state=16 --float_support=vfplib --abi=eabi -me --include_path="C:/ti/ccsv6/tools/compiler/ti-cgt-arm_5.2.2/include" --include_path="C:/ti/CC3200SDK_1.1.0/cc3200-sdk/example/common/" --include_path="C:/ti/CC3200SDK_1.1.0/cc3200-sdk/inc" --include_path="C:/ti/CC3200SDK_1.1.0/cc3200-sdk/driverlib" --include_path="C:/ti/CC3200SDK_1.1.0/cc3200-sdk/oslib" --include_path="C:/ti/CC3200SDK_1.1.0/cc3200-sdk/simplelink/" --include_path="C:/ti/CC3200SDK_1.1.0/cc3200-sdk/simplelink/include" --include_path="C:/ti/CC3200SDK_1.1.0/cc3200-sdk/simplelink/source" -g --gcc --define=__CCS__ --define=ccs --define=USE_FREERTOS --define=SL_PLATFORM_MULTI_THREADED --define=PLATFORM_LP --define=cc3200 --display_error_number --diag_warning=225 --diag_wrap=off --preproc_with_compile --preproc_dependency="startup_ccs.pp"  "C:/ti/CC3200SDK_1.1.0/cc3200-sdk/example/common/startup_ccs.c"
'Finished building: C:/ti/CC3200SDK_1.1.0/cc3200-sdk/example/common/startup_ccs.c'
' '
'Building file: ../uart_config.c'
'Invoking: ARM Compiler'
"C:/ti/ccsv6/tools/compiler/ti-cgt-arm_5.2.2/bin/armcl" -mv7M4 --code_state=16 --float_support=vfplib --abi=eabi -me --include_path="C:/ti/ccsv6/tools/compiler/ti-cgt-arm_5.2.2/include" --include_path="C:/ti/CC3200SDK_1.1.0/cc3200-sdk/example/common/" --include_path="C:/ti/CC3200SDK_1.1.0/cc3200-sdk/inc" --include_path="C:/ti/CC3200SDK_1.1.0/cc3200-sdk/driverlib" --include_path="C:/ti/CC3200SDK_1.1.0/cc3200-sdk/oslib" --include_path="C:/ti/CC3200SDK_1.1.0/cc3200-sdk/simplelink/" --include_path="C:/ti/CC3200SDK_1.1.0/cc3200-sdk/simplelink/include" --include_path="C:/ti/CC3200SDK_1.1.0/cc3200-sdk/simplelink/source" -g --gcc --define=__CCS__ --define=ccs --define=USE_FREERTOS --define=SL_PLATFORM_MULTI_THREADED --define=PLATFORM_LP --define=cc3200 --display_error_number --diag_warning=225 --diag_wrap=off --preproc_with_compile --preproc_dependency="uart_config.pp"  "../uart_config.c"
'Finished building: ../uart_config.c'
' '
'Building file: C:/ti/CC3200SDK_1.1.0/cc3200-sdk/example/common/uart_if.c'
'Invoking: ARM Compiler'
"C:/ti/ccsv6/tools/compiler/ti-cgt-arm_5.2.2/bin/armcl" -mv7M4 --code_state=16 --float_support=vfplib --abi=eabi -me --include_path="C:/ti/ccsv6/tools/compiler/ti-cgt-arm_5.2.2/include" --include_path="C:/ti/CC3200SDK_1.1.0/cc3200-sdk/example/common/" --include_path="C:/ti/CC3200SDK_1.1.0/cc3200-sdk/inc" --include_path="C:/ti/CC3200SDK_1.1.0/cc3200-sdk/driverlib" --include_path="C:/ti/CC3200SDK_1.1.0/cc3200-sdk/oslib" --include_path="C:/ti/CC3200SDK_1.1.0/cc3200-sdk/simplelink/" --include_path="C:/ti/CC3200SDK_1.1.0/cc3200-sdk/simplelink/include" --include_path="C:/ti/CC3200SDK_1.1.0/cc3200-sdk/simplelink/source" -g --gcc --define=__CCS__ --define=ccs --define=USE_FREERTOS --define=SL_PLATFORM_MULTI_THREADED --define=PLATFORM_LP --define=cc3200 --display_error_number --diag_warning=225 --diag_wrap=off --preproc_with_compile --preproc_dependency="uart_if.pp"  "C:/ti/CC3200SDK_1.1.0/cc3200-sdk/example/common/uart_if.c"
'Finished building: C:/ti/CC3200SDK_1.1.0/cc3200-sdk/example/common/uart_if.c'
' '
'Building target: serial_wifi.out'
'Invoking: ARM Linker'
"C:/ti/ccsv6/tools/compiler/ti-cgt-arm_5.2.2/bin/armcl" -mv7M4 --code_state=16 --float_support=vfplib --abi=eabi -me -g --gcc --define=__CCS__ --define=ccs --define=USE_FREERTOS --define=SL_PLATFORM_MULTI_THREADED --define=PLATFORM_LP --define=cc3200 --display_error_number --diag_warning=225 --diag_wrap=off -z -m"serial_wifi.map" --heap_size=0x00008000 --stack_size=0x00001000 -i"C:/ti/ccsv6/tools/compiler/ti-cgt-arm_5.2.2/lib" -i"C:/ti/ccsv6/tools/compiler/ti-cgt-arm_5.2.2/include" --reread_libs --priority --warn_sections --display_error_number --diag_wrap=off --xml_link_info="serial_wifi_linkInfo.xml" --rom_model -o "serial_wifi.out" "./conversions.obj" "./main.obj" "./network_if.obj" "./pinmux.obj" "./serial_wifi.obj" "./startup_ccs.obj" "./uart_config.obj" "./uart_if.obj" "../cc3200v1p32.cmd"  -l"libc.a" -l"C:/ti/CC3200SDK_1.1.0/cc3200-sdk/example/serial_wifi/ccs/../../../oslib/ccs/free_rtos/free_rtos.a" -l"C:/ti/CC3200SDK_1.1.0/cc3200-sdk/example/serial_wifi/ccs/../../../simplelink/ccs/OS/simplelink.a" -l"C:/ti/CC3200SDK_1.1.0/cc3200-sdk/example/serial_wifi/ccs/../../../driverlib/ccs/Release/driverlib.a" 
<Linking>
'Finished building target: serial_wifi.out'
' '
'Converting to bin'
"C:/ti/ccsv6/utils/tiobj2bin/tiobj2bin" "serial_wifi.out" "serial_wifi.bin" "C:/ti/ccsv6/tools/compiler/ti-cgt-arm_5.2.2/bin/armofd" "C:/ti/ccsv6/tools/compiler/ti-cgt-arm_5.2.2/bin/armhex" "C:/ti/ccsv6/utils/tiobj2bin/mkhex4bin"
' '

**** Build Finished ****
