
**** Build of configuration Release for project tftplib ****

"C:\\ti\\ccsv6\\utils\\bin\\gmake" -k all 
'Building file: C:/ti/CC3200SDK_1.1.0/cc3200-sdk/netapps/tftp/client/tftp.c'
'Invoking: ARM Compiler'
"C:/ti/ccsv6/tools/compiler/ti-cgt-arm_5.2.2/bin/armcl" -mv7M4 --code_state=16 --float_support=vfplib --abi=eabi -me --include_path="C:/ti/ccsv6/tools/compiler/ti-cgt-arm_5.2.2/include" --include_path="C:/ti/CC3200SDK_1.1.0/cc3200-sdk/driverlib" --include_path="C:/ti/CC3200SDK_1.1.0/cc3200-sdk/inc" --include_path="C:/ti/CC3200SDK_1.1.0/cc3200-sdk/oslib" --include_path="C:/ti/CC3200SDK_1.1.0/cc3200-sdk/simplelink" --include_path="C:/ti/CC3200SDK_1.1.0/cc3200-sdk/simplelink/include" --include_path="C:/ti/CC3200SDK_1.1.0/cc3200-sdk/simplelink/source" -g --gcc --define=ccs --define=SL_PLATFORM_MULTI_THREADED --define=cc3200 --display_error_number --diag_warning=225 --diag_wrap=off --preproc_with_compile --preproc_dependency="tftp.pp"  "C:/ti/CC3200SDK_1.1.0/cc3200-sdk/netapps/tftp/client/tftp.c"
'Finished building: C:/ti/CC3200SDK_1.1.0/cc3200-sdk/netapps/tftp/client/tftp.c'
' '
'Building file: C:/ti/CC3200SDK_1.1.0/cc3200-sdk/netapps/tftp/client/tftp6.c'
'Invoking: ARM Compiler'
"C:/ti/ccsv6/tools/compiler/ti-cgt-arm_5.2.2/bin/armcl" -mv7M4 --code_state=16 --float_support=vfplib --abi=eabi -me --include_path="C:/ti/ccsv6/tools/compiler/ti-cgt-arm_5.2.2/include" --include_path="C:/ti/CC3200SDK_1.1.0/cc3200-sdk/driverlib" --include_path="C:/ti/CC3200SDK_1.1.0/cc3200-sdk/inc" --include_path="C:/ti/CC3200SDK_1.1.0/cc3200-sdk/oslib" --include_path="C:/ti/CC3200SDK_1.1.0/cc3200-sdk/simplelink" --include_path="C:/ti/CC3200SDK_1.1.0/cc3200-sdk/simplelink/include" --include_path="C:/ti/CC3200SDK_1.1.0/cc3200-sdk/simplelink/source" -g --gcc --define=ccs --define=SL_PLATFORM_MULTI_THREADED --define=cc3200 --display_error_number --diag_warning=225 --diag_wrap=off --preproc_with_compile --preproc_dependency="tftp6.pp"  "C:/ti/CC3200SDK_1.1.0/cc3200-sdk/netapps/tftp/client/tftp6.c"
'Finished building: C:/ti/CC3200SDK_1.1.0/cc3200-sdk/netapps/tftp/client/tftp6.c'
' '
'Building target: tftplib.a'
'Invoking: ARM Archiver'
"C:/ti/ccsv6/tools/compiler/ti-cgt-arm_5.2.2/bin/armar" r "tftplib.a" "./tftp.obj" "./tftp6.obj"  
  ==>  new archive 'tftplib.a'
  ==>  building archive 'tftplib.a'
'Finished building target: tftplib.a'
' '

**** Build Finished ****
