
**** Build of configuration HTTPClientMinLib for project webclient ****

"C:\\ti\\ccsv6\\utils\\bin\\gmake" -k all 
'Building file: C:/ti/CC3200SDK_1.1.0/cc3200-sdk/netapps/http/client/httpcli.c'
'Invoking: ARM Compiler'
"C:/ti/ccsv6/tools/compiler/ti-cgt-arm_5.2.2/bin/armcl" -mv7M4 --code_state=16 --float_support=vfplib --abi=eabi -me --include_path="C:/ti/ccsv6/tools/compiler/ti-cgt-arm_5.2.2/include" --include_path="C:/ti/CC3200SDK_1.1.0/cc3200-sdk/driverlib" --include_path="C:/ti/CC3200SDK_1.1.0/cc3200-sdk/inc" --include_path="C:/ti/CC3200SDK_1.1.0/cc3200-sdk/oslib" --include_path="C:/ti/CC3200SDK_1.1.0/cc3200-sdk/simplelink" --include_path="C:/ti/CC3200SDK_1.1.0/cc3200-sdk/netapps" --include_path="C:/ti/CC3200SDK_1.1.0/cc3200-sdk/simplelink/include" --include_path="C:/ti/CC3200SDK_1.1.0/cc3200-sdk/simplelink/source" -g --gcc --define=HTTPCli_LIBTYPE_MIN --define=__SL__ --define=__CCS__ --define=cc3200 --display_error_number --diag_warning=225 --diag_wrap=off --preproc_with_compile --preproc_dependency="httpcli.pp"  "C:/ti/CC3200SDK_1.1.0/cc3200-sdk/netapps/http/client/httpcli.c"
'Finished building: C:/ti/CC3200SDK_1.1.0/cc3200-sdk/netapps/http/client/httpcli.c'
' '
'Building file: C:/ti/CC3200SDK_1.1.0/cc3200-sdk/netapps/http/client/httpstr.c'
'Invoking: ARM Compiler'
"C:/ti/ccsv6/tools/compiler/ti-cgt-arm_5.2.2/bin/armcl" -mv7M4 --code_state=16 --float_support=vfplib --abi=eabi -me --include_path="C:/ti/ccsv6/tools/compiler/ti-cgt-arm_5.2.2/include" --include_path="C:/ti/CC3200SDK_1.1.0/cc3200-sdk/driverlib" --include_path="C:/ti/CC3200SDK_1.1.0/cc3200-sdk/inc" --include_path="C:/ti/CC3200SDK_1.1.0/cc3200-sdk/oslib" --include_path="C:/ti/CC3200SDK_1.1.0/cc3200-sdk/simplelink" --include_path="C:/ti/CC3200SDK_1.1.0/cc3200-sdk/netapps" --include_path="C:/ti/CC3200SDK_1.1.0/cc3200-sdk/simplelink/include" --include_path="C:/ti/CC3200SDK_1.1.0/cc3200-sdk/simplelink/source" -g --gcc --define=HTTPCli_LIBTYPE_MIN --define=__SL__ --define=__CCS__ --define=cc3200 --display_error_number --diag_warning=225 --diag_wrap=off --preproc_with_compile --preproc_dependency="httpstr.pp"  "C:/ti/CC3200SDK_1.1.0/cc3200-sdk/netapps/http/client/httpstr.c"
'Finished building: C:/ti/CC3200SDK_1.1.0/cc3200-sdk/netapps/http/client/httpstr.c'
' '
'Building file: C:/ti/CC3200SDK_1.1.0/cc3200-sdk/netapps/http/client/lookup.c'
'Invoking: ARM Compiler'
"C:/ti/ccsv6/tools/compiler/ti-cgt-arm_5.2.2/bin/armcl" -mv7M4 --code_state=16 --float_support=vfplib --abi=eabi -me --include_path="C:/ti/ccsv6/tools/compiler/ti-cgt-arm_5.2.2/include" --include_path="C:/ti/CC3200SDK_1.1.0/cc3200-sdk/driverlib" --include_path="C:/ti/CC3200SDK_1.1.0/cc3200-sdk/inc" --include_path="C:/ti/CC3200SDK_1.1.0/cc3200-sdk/oslib" --include_path="C:/ti/CC3200SDK_1.1.0/cc3200-sdk/simplelink" --include_path="C:/ti/CC3200SDK_1.1.0/cc3200-sdk/netapps" --include_path="C:/ti/CC3200SDK_1.1.0/cc3200-sdk/simplelink/include" --include_path="C:/ti/CC3200SDK_1.1.0/cc3200-sdk/simplelink/source" -g --gcc --define=HTTPCli_LIBTYPE_MIN --define=__SL__ --define=__CCS__ --define=cc3200 --display_error_number --diag_warning=225 --diag_wrap=off --preproc_with_compile --preproc_dependency="lookup.pp"  "C:/ti/CC3200SDK_1.1.0/cc3200-sdk/netapps/http/client/lookup.c"
'Finished building: C:/ti/CC3200SDK_1.1.0/cc3200-sdk/netapps/http/client/lookup.c'
' '
'Building file: C:/ti/CC3200SDK_1.1.0/cc3200-sdk/netapps/http/client/ssock.c'
'Invoking: ARM Compiler'
"C:/ti/ccsv6/tools/compiler/ti-cgt-arm_5.2.2/bin/armcl" -mv7M4 --code_state=16 --float_support=vfplib --abi=eabi -me --include_path="C:/ti/ccsv6/tools/compiler/ti-cgt-arm_5.2.2/include" --include_path="C:/ti/CC3200SDK_1.1.0/cc3200-sdk/driverlib" --include_path="C:/ti/CC3200SDK_1.1.0/cc3200-sdk/inc" --include_path="C:/ti/CC3200SDK_1.1.0/cc3200-sdk/oslib" --include_path="C:/ti/CC3200SDK_1.1.0/cc3200-sdk/simplelink" --include_path="C:/ti/CC3200SDK_1.1.0/cc3200-sdk/netapps" --include_path="C:/ti/CC3200SDK_1.1.0/cc3200-sdk/simplelink/include" --include_path="C:/ti/CC3200SDK_1.1.0/cc3200-sdk/simplelink/source" -g --gcc --define=HTTPCli_LIBTYPE_MIN --define=__SL__ --define=__CCS__ --define=cc3200 --display_error_number --diag_warning=225 --diag_wrap=off --preproc_with_compile --preproc_dependency="ssock.pp"  "C:/ti/CC3200SDK_1.1.0/cc3200-sdk/netapps/http/client/ssock.c"
'Finished building: C:/ti/CC3200SDK_1.1.0/cc3200-sdk/netapps/http/client/ssock.c'
' '
'Building target: webclient.a'
'Invoking: ARM Archiver'
"C:/ti/ccsv6/tools/compiler/ti-cgt-arm_5.2.2/bin/armar" r "webclient.a" "./httpcli.obj" "./httpstr.obj" "./lookup.obj" "./ssock.obj"   
  ==>  new archive 'webclient.a'
  ==>  building archive 'webclient.a'
'Finished building target: webclient.a'
' '

**** Build Finished ****
