
**** Build of configuration Release for project websock_camera ****

"C:\\ti\\ccsv6\\utils\\bin\\gmake" -k all 
'Building file: ../camera_app.c'
'Invoking: ARM Compiler'
"C:/ti/ccsv6/tools/compiler/ti-cgt-arm_5.2.2/bin/armcl" -mv7M4 --code_state=16 --float_support=vfplib --abi=eabi -me -Ooff --include_path="C:/ti/ccsv6/tools/compiler/ti-cgt-arm_5.2.2/include" --include_path="C:/ti/CC3200SDK_1.1.0/cc3200-sdk/driverlib" --include_path="C:/ti/CC3200SDK_1.1.0/cc3200-sdk/oslib" --include_path="C:/ti/CC3200SDK_1.1.0/cc3200-sdk/inc" --include_path="C:/ti/CC3200SDK_1.1.0/cc3200-sdk/netapps/http/server/" --include_path="C:/ti/CC3200SDK_1.1.0/cc3200-sdk/simplelink" --include_path="C:/ti/CC3200SDK_1.1.0/cc3200-sdk/simplelink/source" --include_path="C:/ti/CC3200SDK_1.1.0/cc3200-sdk/simplelink/include" --include_path="C:/ti/CC3200SDK_1.1.0/cc3200-sdk/example/common" -g --gcc --define=SL_PLATFORM_MULTI_THREADED --define=NOTERM --define=VGA_FRAME --define=ENABLE_JPEG --define=USE_FREERTOS --define=cc3200 --define=ccs --display_error_number --diag_warning=225 --diag_wrap=off --preproc_with_compile --preproc_dependency="camera_app.pp"  "../camera_app.c"
'Finished building: ../camera_app.c'
' '
'Building file: ../httpserverapp.c'
'Invoking: ARM Compiler'
"C:/ti/ccsv6/tools/compiler/ti-cgt-arm_5.2.2/bin/armcl" -mv7M4 --code_state=16 --float_support=vfplib --abi=eabi -me -Ooff --include_path="C:/ti/ccsv6/tools/compiler/ti-cgt-arm_5.2.2/include" --include_path="C:/ti/CC3200SDK_1.1.0/cc3200-sdk/driverlib" --include_path="C:/ti/CC3200SDK_1.1.0/cc3200-sdk/oslib" --include_path="C:/ti/CC3200SDK_1.1.0/cc3200-sdk/inc" --include_path="C:/ti/CC3200SDK_1.1.0/cc3200-sdk/netapps/http/server/" --include_path="C:/ti/CC3200SDK_1.1.0/cc3200-sdk/simplelink" --include_path="C:/ti/CC3200SDK_1.1.0/cc3200-sdk/simplelink/source" --include_path="C:/ti/CC3200SDK_1.1.0/cc3200-sdk/simplelink/include" --include_path="C:/ti/CC3200SDK_1.1.0/cc3200-sdk/example/common" -g --gcc --define=SL_PLATFORM_MULTI_THREADED --define=NOTERM --define=VGA_FRAME --define=ENABLE_JPEG --define=USE_FREERTOS --define=cc3200 --define=ccs --display_error_number --diag_warning=225 --diag_wrap=off --preproc_with_compile --preproc_dependency="httpserverapp.pp"  "../httpserverapp.c"
'Finished building: ../httpserverapp.c'
' '
'Building file: ../i2cconfig.c'
'Invoking: ARM Compiler'
"C:/ti/ccsv6/tools/compiler/ti-cgt-arm_5.2.2/bin/armcl" -mv7M4 --code_state=16 --float_support=vfplib --abi=eabi -me -Ooff --include_path="C:/ti/ccsv6/tools/compiler/ti-cgt-arm_5.2.2/include" --include_path="C:/ti/CC3200SDK_1.1.0/cc3200-sdk/driverlib" --include_path="C:/ti/CC3200SDK_1.1.0/cc3200-sdk/oslib" --include_path="C:/ti/CC3200SDK_1.1.0/cc3200-sdk/inc" --include_path="C:/ti/CC3200SDK_1.1.0/cc3200-sdk/netapps/http/server/" --include_path="C:/ti/CC3200SDK_1.1.0/cc3200-sdk/simplelink" --include_path="C:/ti/CC3200SDK_1.1.0/cc3200-sdk/simplelink/source" --include_path="C:/ti/CC3200SDK_1.1.0/cc3200-sdk/simplelink/include" --include_path="C:/ti/CC3200SDK_1.1.0/cc3200-sdk/example/common" -g --gcc --define=SL_PLATFORM_MULTI_THREADED --define=NOTERM --define=VGA_FRAME --define=ENABLE_JPEG --define=USE_FREERTOS --define=cc3200 --define=ccs --display_error_number --diag_warning=225 --diag_wrap=off --preproc_with_compile --preproc_dependency="i2cconfig.pp"  "../i2cconfig.c"
'Finished building: ../i2cconfig.c'
' '
'Building file: ../main.c'
'Invoking: ARM Compiler'
"C:/ti/ccsv6/tools/compiler/ti-cgt-arm_5.2.2/bin/armcl" -mv7M4 --code_state=16 --float_support=vfplib --abi=eabi -me -Ooff --include_path="C:/ti/ccsv6/tools/compiler/ti-cgt-arm_5.2.2/include" --include_path="C:/ti/CC3200SDK_1.1.0/cc3200-sdk/driverlib" --include_path="C:/ti/CC3200SDK_1.1.0/cc3200-sdk/oslib" --include_path="C:/ti/CC3200SDK_1.1.0/cc3200-sdk/inc" --include_path="C:/ti/CC3200SDK_1.1.0/cc3200-sdk/netapps/http/server/" --include_path="C:/ti/CC3200SDK_1.1.0/cc3200-sdk/simplelink" --include_path="C:/ti/CC3200SDK_1.1.0/cc3200-sdk/simplelink/source" --include_path="C:/ti/CC3200SDK_1.1.0/cc3200-sdk/simplelink/include" --include_path="C:/ti/CC3200SDK_1.1.0/cc3200-sdk/example/common" -g --gcc --define=SL_PLATFORM_MULTI_THREADED --define=NOTERM --define=VGA_FRAME --define=ENABLE_JPEG --define=USE_FREERTOS --define=cc3200 --define=ccs --display_error_number --diag_warning=225 --diag_wrap=off --preproc_with_compile --preproc_dependency="main.pp"  "../main.c"
'Finished building: ../main.c'
' '
'Building file: ../mt9d111.c'
'Invoking: ARM Compiler'
"C:/ti/ccsv6/tools/compiler/ti-cgt-arm_5.2.2/bin/armcl" -mv7M4 --code_state=16 --float_support=vfplib --abi=eabi -me -Ooff --include_path="C:/ti/ccsv6/tools/compiler/ti-cgt-arm_5.2.2/include" --include_path="C:/ti/CC3200SDK_1.1.0/cc3200-sdk/driverlib" --include_path="C:/ti/CC3200SDK_1.1.0/cc3200-sdk/oslib" --include_path="C:/ti/CC3200SDK_1.1.0/cc3200-sdk/inc" --include_path="C:/ti/CC3200SDK_1.1.0/cc3200-sdk/netapps/http/server/" --include_path="C:/ti/CC3200SDK_1.1.0/cc3200-sdk/simplelink" --include_path="C:/ti/CC3200SDK_1.1.0/cc3200-sdk/simplelink/source" --include_path="C:/ti/CC3200SDK_1.1.0/cc3200-sdk/simplelink/include" --include_path="C:/ti/CC3200SDK_1.1.0/cc3200-sdk/example/common" -g --gcc --define=SL_PLATFORM_MULTI_THREADED --define=NOTERM --define=VGA_FRAME --define=ENABLE_JPEG --define=USE_FREERTOS --define=cc3200 --define=ccs --display_error_number --diag_warning=225 --diag_wrap=off --preproc_with_compile --preproc_dependency="mt9d111.pp"  "../mt9d111.c"
'Finished building: ../mt9d111.c'
' '
'Building file: C:/ti/CC3200SDK_1.1.0/cc3200-sdk/example/common/network_if.c'
'Invoking: ARM Compiler'
"C:/ti/ccsv6/tools/compiler/ti-cgt-arm_5.2.2/bin/armcl" -mv7M4 --code_state=16 --float_support=vfplib --abi=eabi -me -Ooff --include_path="C:/ti/ccsv6/tools/compiler/ti-cgt-arm_5.2.2/include" --include_path="C:/ti/CC3200SDK_1.1.0/cc3200-sdk/driverlib" --include_path="C:/ti/CC3200SDK_1.1.0/cc3200-sdk/oslib" --include_path="C:/ti/CC3200SDK_1.1.0/cc3200-sdk/inc" --include_path="C:/ti/CC3200SDK_1.1.0/cc3200-sdk/netapps/http/server/" --include_path="C:/ti/CC3200SDK_1.1.0/cc3200-sdk/simplelink" --include_path="C:/ti/CC3200SDK_1.1.0/cc3200-sdk/simplelink/source" --include_path="C:/ti/CC3200SDK_1.1.0/cc3200-sdk/simplelink/include" --include_path="C:/ti/CC3200SDK_1.1.0/cc3200-sdk/example/common" -g --gcc --define=SL_PLATFORM_MULTI_THREADED --define=NOTERM --define=VGA_FRAME --define=ENABLE_JPEG --define=USE_FREERTOS --define=cc3200 --define=ccs --display_error_number --diag_warning=225 --diag_wrap=off --preproc_with_compile --preproc_dependency="network_if.pp"  "C:/ti/CC3200SDK_1.1.0/cc3200-sdk/example/common/network_if.c"
'Finished building: C:/ti/CC3200SDK_1.1.0/cc3200-sdk/example/common/network_if.c'
' '
'Building file: ../pinmux.c'
'Invoking: ARM Compiler'
"C:/ti/ccsv6/tools/compiler/ti-cgt-arm_5.2.2/bin/armcl" -mv7M4 --code_state=16 --float_support=vfplib --abi=eabi -me -Ooff --include_path="C:/ti/ccsv6/tools/compiler/ti-cgt-arm_5.2.2/include" --include_path="C:/ti/CC3200SDK_1.1.0/cc3200-sdk/driverlib" --include_path="C:/ti/CC3200SDK_1.1.0/cc3200-sdk/oslib" --include_path="C:/ti/CC3200SDK_1.1.0/cc3200-sdk/inc" --include_path="C:/ti/CC3200SDK_1.1.0/cc3200-sdk/netapps/http/server/" --include_path="C:/ti/CC3200SDK_1.1.0/cc3200-sdk/simplelink" --include_path="C:/ti/CC3200SDK_1.1.0/cc3200-sdk/simplelink/source" --include_path="C:/ti/CC3200SDK_1.1.0/cc3200-sdk/simplelink/include" --include_path="C:/ti/CC3200SDK_1.1.0/cc3200-sdk/example/common" -g --gcc --define=SL_PLATFORM_MULTI_THREADED --define=NOTERM --define=VGA_FRAME --define=ENABLE_JPEG --define=USE_FREERTOS --define=cc3200 --define=ccs --display_error_number --diag_warning=225 --diag_wrap=off --preproc_with_compile --preproc_dependency="pinmux.pp"  "../pinmux.c"
'Finished building: ../pinmux.c'
' '
'Building file: C:/ti/CC3200SDK_1.1.0/cc3200-sdk/example/common/startup_ccs.c'
'Invoking: ARM Compiler'
"C:/ti/ccsv6/tools/compiler/ti-cgt-arm_5.2.2/bin/armcl" -mv7M4 --code_state=16 --float_support=vfplib --abi=eabi -me -Ooff --include_path="C:/ti/ccsv6/tools/compiler/ti-cgt-arm_5.2.2/include" --include_path="C:/ti/CC3200SDK_1.1.0/cc3200-sdk/driverlib" --include_path="C:/ti/CC3200SDK_1.1.0/cc3200-sdk/oslib" --include_path="C:/ti/CC3200SDK_1.1.0/cc3200-sdk/inc" --include_path="C:/ti/CC3200SDK_1.1.0/cc3200-sdk/netapps/http/server/" --include_path="C:/ti/CC3200SDK_1.1.0/cc3200-sdk/simplelink" --include_path="C:/ti/CC3200SDK_1.1.0/cc3200-sdk/simplelink/source" --include_path="C:/ti/CC3200SDK_1.1.0/cc3200-sdk/simplelink/include" --include_path="C:/ti/CC3200SDK_1.1.0/cc3200-sdk/example/common" -g --gcc --define=SL_PLATFORM_MULTI_THREADED --define=NOTERM --define=VGA_FRAME --define=ENABLE_JPEG --define=USE_FREERTOS --define=cc3200 --define=ccs --display_error_number --diag_warning=225 --diag_wrap=off --preproc_with_compile --preproc_dependency="startup_ccs.pp"  "C:/ti/CC3200SDK_1.1.0/cc3200-sdk/example/common/startup_ccs.c"
'Finished building: C:/ti/CC3200SDK_1.1.0/cc3200-sdk/example/common/startup_ccs.c'
' '
'Building file: C:/ti/CC3200SDK_1.1.0/cc3200-sdk/example/common/udma_if.c'
'Invoking: ARM Compiler'
"C:/ti/ccsv6/tools/compiler/ti-cgt-arm_5.2.2/bin/armcl" -mv7M4 --code_state=16 --float_support=vfplib --abi=eabi -me -Ooff --include_path="C:/ti/ccsv6/tools/compiler/ti-cgt-arm_5.2.2/include" --include_path="C:/ti/CC3200SDK_1.1.0/cc3200-sdk/driverlib" --include_path="C:/ti/CC3200SDK_1.1.0/cc3200-sdk/oslib" --include_path="C:/ti/CC3200SDK_1.1.0/cc3200-sdk/inc" --include_path="C:/ti/CC3200SDK_1.1.0/cc3200-sdk/netapps/http/server/" --include_path="C:/ti/CC3200SDK_1.1.0/cc3200-sdk/simplelink" --include_path="C:/ti/CC3200SDK_1.1.0/cc3200-sdk/simplelink/source" --include_path="C:/ti/CC3200SDK_1.1.0/cc3200-sdk/simplelink/include" --include_path="C:/ti/CC3200SDK_1.1.0/cc3200-sdk/example/common" -g --gcc --define=SL_PLATFORM_MULTI_THREADED --define=NOTERM --define=VGA_FRAME --define=ENABLE_JPEG --define=USE_FREERTOS --define=cc3200 --define=ccs --display_error_number --diag_warning=225 --diag_wrap=off --preproc_with_compile --preproc_dependency="udma_if.pp"  "C:/ti/CC3200SDK_1.1.0/cc3200-sdk/example/common/udma_if.c"
'Finished building: C:/ti/CC3200SDK_1.1.0/cc3200-sdk/example/common/udma_if.c'
' '
'Building target: websock_camera.out'
'Invoking: ARM Linker'
"C:/ti/ccsv6/tools/compiler/ti-cgt-arm_5.2.2/bin/armcl" -mv7M4 --code_state=16 --float_support=vfplib --abi=eabi -me -Ooff -g --gcc --define=SL_PLATFORM_MULTI_THREADED --define=NOTERM --define=VGA_FRAME --define=ENABLE_JPEG --define=USE_FREERTOS --define=cc3200 --define=ccs --display_error_number --diag_warning=225 --diag_wrap=off -z -m"websock_camera.map" --heap_size=0x55B4 --stack_size=0xF00 -i"C:/ti/ccsv6/tools/compiler/ti-cgt-arm_5.2.2/lib" -i"C:/ti/CC3200SDK_1.1.0/cc3200-sdk/driverlib/ccs/Release" -i"C:/ti/CC3200SDK_1.1.0/cc3200-sdk/oslib/ccs/free_rtos" -i"C:/ti/CC3200SDK_1.1.0/cc3200-sdk/simplelink/ccs/OS" -i"C:/ti/CC3200SDK_1.1.0/cc3200-sdk/netapps/http/server/ccs/Release" -i"C:/ti/ccsv6/tools/compiler/ti-cgt-arm_5.2.2/include" --reread_libs --warn_sections --display_error_number --diag_wrap=off --xml_link_info="websock_camera_linkInfo.xml" --rom_model -o "websock_camera.out" "./camera_app.obj" "./httpserverapp.obj" "./i2cconfig.obj" "./main.obj" "./mt9d111.obj" "./network_if.obj" "./pinmux.obj" "./startup_ccs.obj" "./udma_if.obj" "../cc3200v1p32.cmd"  -l"libc.a" -ldriverlib.a -lfree_rtos.a -lwebserver.a -lsimplelink.a 
<Linking>
'Finished building target: websock_camera.out'
' '
"C:/ti/ccsv6/utils/tiobj2bin/tiobj2bin" "websock_camera.out" "websock_camera.bin" "C:/ti/ccsv6/tools/compiler/ti-cgt-arm_5.2.2/bin/armofd" "C:/ti/ccsv6/tools/compiler/ti-cgt-arm_5.2.2/bin/armhex" "C:/ti/ccsv6/utils/tiobj2bin/mkhex4bin"
' '

**** Build Finished ****
