
**** Build of configuration UniCast for project wifi_audio_app ****

"C:\\ti\\ccsv6\\utils\\bin\\gmake" -k all 
'Building file: ../audiocodec.c'
'Invoking: ARM Compiler'
"C:/ti/ccsv6/tools/compiler/ti-cgt-arm_5.2.2/bin/armcl" -mv7M4 --code_state=16 --float_support=vfplib --abi=eabi -me --include_path="C:/ti/ccsv6/tools/compiler/ti-cgt-arm_5.2.2/include" --include_path="C:/ti/CC3200SDK_1.1.0/cc3200-sdk/simplelink/" --include_path="C:/ti/CC3200SDK_1.1.0/cc3200-sdk/simplelink/include" --include_path="C:/ti/CC3200SDK_1.1.0/cc3200-sdk/simplelink/source" --include_path="C:/ti/CC3200SDK_1.1.0/cc3200-sdk/example/common" --include_path="C:/ti/CC3200SDK_1.1.0/cc3200-sdk/oslib" --include_path="C:/ti/CC3200SDK_1.1.0/cc3200-sdk/driverlib" --include_path="C:/ti/CC3200SDK_1.1.0/cc3200-sdk/inc" -g --gcc --define=ccs --define=NOTERM --define=USE_FREERTOS --define=SL_PLATFORM_MULTI_THREADED --define=cc3200 --display_error_number --diag_warning=225 --diag_wrap=off --preproc_with_compile --preproc_dependency="audiocodec.pp"  "../audiocodec.c"
'Finished building: ../audiocodec.c'
' '
'Building file: ../circ_buff.c'
'Invoking: ARM Compiler'
"C:/ti/ccsv6/tools/compiler/ti-cgt-arm_5.2.2/bin/armcl" -mv7M4 --code_state=16 --float_support=vfplib --abi=eabi -me --include_path="C:/ti/ccsv6/tools/compiler/ti-cgt-arm_5.2.2/include" --include_path="C:/ti/CC3200SDK_1.1.0/cc3200-sdk/simplelink/" --include_path="C:/ti/CC3200SDK_1.1.0/cc3200-sdk/simplelink/include" --include_path="C:/ti/CC3200SDK_1.1.0/cc3200-sdk/simplelink/source" --include_path="C:/ti/CC3200SDK_1.1.0/cc3200-sdk/example/common" --include_path="C:/ti/CC3200SDK_1.1.0/cc3200-sdk/oslib" --include_path="C:/ti/CC3200SDK_1.1.0/cc3200-sdk/driverlib" --include_path="C:/ti/CC3200SDK_1.1.0/cc3200-sdk/inc" -g --gcc --define=ccs --define=NOTERM --define=USE_FREERTOS --define=SL_PLATFORM_MULTI_THREADED --define=cc3200 --display_error_number --diag_warning=225 --diag_wrap=off --preproc_with_compile --preproc_dependency="circ_buff.pp"  "../circ_buff.c"
'Finished building: ../circ_buff.c'
' '
'Building file: ../control.c'
'Invoking: ARM Compiler'
"C:/ti/ccsv6/tools/compiler/ti-cgt-arm_5.2.2/bin/armcl" -mv7M4 --code_state=16 --float_support=vfplib --abi=eabi -me --include_path="C:/ti/ccsv6/tools/compiler/ti-cgt-arm_5.2.2/include" --include_path="C:/ti/CC3200SDK_1.1.0/cc3200-sdk/simplelink/" --include_path="C:/ti/CC3200SDK_1.1.0/cc3200-sdk/simplelink/include" --include_path="C:/ti/CC3200SDK_1.1.0/cc3200-sdk/simplelink/source" --include_path="C:/ti/CC3200SDK_1.1.0/cc3200-sdk/example/common" --include_path="C:/ti/CC3200SDK_1.1.0/cc3200-sdk/oslib" --include_path="C:/ti/CC3200SDK_1.1.0/cc3200-sdk/driverlib" --include_path="C:/ti/CC3200SDK_1.1.0/cc3200-sdk/inc" -g --gcc --define=ccs --define=NOTERM --define=USE_FREERTOS --define=SL_PLATFORM_MULTI_THREADED --define=cc3200 --display_error_number --diag_warning=225 --diag_wrap=off --preproc_with_compile --preproc_dependency="control.pp"  "../control.c"
'Finished building: ../control.c'
' '
'Building file: C:/ti/CC3200SDK_1.1.0/cc3200-sdk/example/common/gpio_if.c'
'Invoking: ARM Compiler'
"C:/ti/ccsv6/tools/compiler/ti-cgt-arm_5.2.2/bin/armcl" -mv7M4 --code_state=16 --float_support=vfplib --abi=eabi -me --include_path="C:/ti/ccsv6/tools/compiler/ti-cgt-arm_5.2.2/include" --include_path="C:/ti/CC3200SDK_1.1.0/cc3200-sdk/simplelink/" --include_path="C:/ti/CC3200SDK_1.1.0/cc3200-sdk/simplelink/include" --include_path="C:/ti/CC3200SDK_1.1.0/cc3200-sdk/simplelink/source" --include_path="C:/ti/CC3200SDK_1.1.0/cc3200-sdk/example/common" --include_path="C:/ti/CC3200SDK_1.1.0/cc3200-sdk/oslib" --include_path="C:/ti/CC3200SDK_1.1.0/cc3200-sdk/driverlib" --include_path="C:/ti/CC3200SDK_1.1.0/cc3200-sdk/inc" -g --gcc --define=ccs --define=NOTERM --define=USE_FREERTOS --define=SL_PLATFORM_MULTI_THREADED --define=cc3200 --display_error_number --diag_warning=225 --diag_wrap=off --preproc_with_compile --preproc_dependency="gpio_if.pp"  "C:/ti/CC3200SDK_1.1.0/cc3200-sdk/example/common/gpio_if.c"
'Finished building: C:/ti/CC3200SDK_1.1.0/cc3200-sdk/example/common/gpio_if.c'
' '
'Building file: C:/ti/CC3200SDK_1.1.0/cc3200-sdk/example/common/i2c_if.c'
'Invoking: ARM Compiler'
"C:/ti/ccsv6/tools/compiler/ti-cgt-arm_5.2.2/bin/armcl" -mv7M4 --code_state=16 --float_support=vfplib --abi=eabi -me --include_path="C:/ti/ccsv6/tools/compiler/ti-cgt-arm_5.2.2/include" --include_path="C:/ti/CC3200SDK_1.1.0/cc3200-sdk/simplelink/" --include_path="C:/ti/CC3200SDK_1.1.0/cc3200-sdk/simplelink/include" --include_path="C:/ti/CC3200SDK_1.1.0/cc3200-sdk/simplelink/source" --include_path="C:/ti/CC3200SDK_1.1.0/cc3200-sdk/example/common" --include_path="C:/ti/CC3200SDK_1.1.0/cc3200-sdk/oslib" --include_path="C:/ti/CC3200SDK_1.1.0/cc3200-sdk/driverlib" --include_path="C:/ti/CC3200SDK_1.1.0/cc3200-sdk/inc" -g --gcc --define=ccs --define=NOTERM --define=USE_FREERTOS --define=SL_PLATFORM_MULTI_THREADED --define=cc3200 --display_error_number --diag_warning=225 --diag_wrap=off --preproc_with_compile --preproc_dependency="i2c_if.pp"  "C:/ti/CC3200SDK_1.1.0/cc3200-sdk/example/common/i2c_if.c"
'Finished building: C:/ti/CC3200SDK_1.1.0/cc3200-sdk/example/common/i2c_if.c'
' '
'Building file: C:/ti/CC3200SDK_1.1.0/cc3200-sdk/example/common/i2s_if.c'
'Invoking: ARM Compiler'
"C:/ti/ccsv6/tools/compiler/ti-cgt-arm_5.2.2/bin/armcl" -mv7M4 --code_state=16 --float_support=vfplib --abi=eabi -me --include_path="C:/ti/ccsv6/tools/compiler/ti-cgt-arm_5.2.2/include" --include_path="C:/ti/CC3200SDK_1.1.0/cc3200-sdk/simplelink/" --include_path="C:/ti/CC3200SDK_1.1.0/cc3200-sdk/simplelink/include" --include_path="C:/ti/CC3200SDK_1.1.0/cc3200-sdk/simplelink/source" --include_path="C:/ti/CC3200SDK_1.1.0/cc3200-sdk/example/common" --include_path="C:/ti/CC3200SDK_1.1.0/cc3200-sdk/oslib" --include_path="C:/ti/CC3200SDK_1.1.0/cc3200-sdk/driverlib" --include_path="C:/ti/CC3200SDK_1.1.0/cc3200-sdk/inc" -g --gcc --define=ccs --define=NOTERM --define=USE_FREERTOS --define=SL_PLATFORM_MULTI_THREADED --define=cc3200 --display_error_number --diag_warning=225 --diag_wrap=off --preproc_with_compile --preproc_dependency="i2s_if.pp"  "C:/ti/CC3200SDK_1.1.0/cc3200-sdk/example/common/i2s_if.c"
'Finished building: C:/ti/CC3200SDK_1.1.0/cc3200-sdk/example/common/i2s_if.c'
' '
'Building file: ../main.c'
'Invoking: ARM Compiler'
"C:/ti/ccsv6/tools/compiler/ti-cgt-arm_5.2.2/bin/armcl" -mv7M4 --code_state=16 --float_support=vfplib --abi=eabi -me --include_path="C:/ti/ccsv6/tools/compiler/ti-cgt-arm_5.2.2/include" --include_path="C:/ti/CC3200SDK_1.1.0/cc3200-sdk/simplelink/" --include_path="C:/ti/CC3200SDK_1.1.0/cc3200-sdk/simplelink/include" --include_path="C:/ti/CC3200SDK_1.1.0/cc3200-sdk/simplelink/source" --include_path="C:/ti/CC3200SDK_1.1.0/cc3200-sdk/example/common" --include_path="C:/ti/CC3200SDK_1.1.0/cc3200-sdk/oslib" --include_path="C:/ti/CC3200SDK_1.1.0/cc3200-sdk/driverlib" --include_path="C:/ti/CC3200SDK_1.1.0/cc3200-sdk/inc" -g --gcc --define=ccs --define=NOTERM --define=USE_FREERTOS --define=SL_PLATFORM_MULTI_THREADED --define=cc3200 --display_error_number --diag_warning=225 --diag_wrap=off --preproc_with_compile --preproc_dependency="main.pp"  "../main.c"
'Finished building: ../main.c'
' '
'Building file: ../microphone.c'
'Invoking: ARM Compiler'
"C:/ti/ccsv6/tools/compiler/ti-cgt-arm_5.2.2/bin/armcl" -mv7M4 --code_state=16 --float_support=vfplib --abi=eabi -me --include_path="C:/ti/ccsv6/tools/compiler/ti-cgt-arm_5.2.2/include" --include_path="C:/ti/CC3200SDK_1.1.0/cc3200-sdk/simplelink/" --include_path="C:/ti/CC3200SDK_1.1.0/cc3200-sdk/simplelink/include" --include_path="C:/ti/CC3200SDK_1.1.0/cc3200-sdk/simplelink/source" --include_path="C:/ti/CC3200SDK_1.1.0/cc3200-sdk/example/common" --include_path="C:/ti/CC3200SDK_1.1.0/cc3200-sdk/oslib" --include_path="C:/ti/CC3200SDK_1.1.0/cc3200-sdk/driverlib" --include_path="C:/ti/CC3200SDK_1.1.0/cc3200-sdk/inc" -g --gcc --define=ccs --define=NOTERM --define=USE_FREERTOS --define=SL_PLATFORM_MULTI_THREADED --define=cc3200 --display_error_number --diag_warning=225 --diag_wrap=off --preproc_with_compile --preproc_dependency="microphone.pp"  "../microphone.c"
'Finished building: ../microphone.c'
' '
'Building file: ../network.c'
'Invoking: ARM Compiler'
"C:/ti/ccsv6/tools/compiler/ti-cgt-arm_5.2.2/bin/armcl" -mv7M4 --code_state=16 --float_support=vfplib --abi=eabi -me --include_path="C:/ti/ccsv6/tools/compiler/ti-cgt-arm_5.2.2/include" --include_path="C:/ti/CC3200SDK_1.1.0/cc3200-sdk/simplelink/" --include_path="C:/ti/CC3200SDK_1.1.0/cc3200-sdk/simplelink/include" --include_path="C:/ti/CC3200SDK_1.1.0/cc3200-sdk/simplelink/source" --include_path="C:/ti/CC3200SDK_1.1.0/cc3200-sdk/example/common" --include_path="C:/ti/CC3200SDK_1.1.0/cc3200-sdk/oslib" --include_path="C:/ti/CC3200SDK_1.1.0/cc3200-sdk/driverlib" --include_path="C:/ti/CC3200SDK_1.1.0/cc3200-sdk/inc" -g --gcc --define=ccs --define=NOTERM --define=USE_FREERTOS --define=SL_PLATFORM_MULTI_THREADED --define=cc3200 --display_error_number --diag_warning=225 --diag_wrap=off --preproc_with_compile --preproc_dependency="network.pp"  "../network.c"
'Finished building: ../network.c'
' '
'Building file: ../pcm_handler.c'
'Invoking: ARM Compiler'
"C:/ti/ccsv6/tools/compiler/ti-cgt-arm_5.2.2/bin/armcl" -mv7M4 --code_state=16 --float_support=vfplib --abi=eabi -me --include_path="C:/ti/ccsv6/tools/compiler/ti-cgt-arm_5.2.2/include" --include_path="C:/ti/CC3200SDK_1.1.0/cc3200-sdk/simplelink/" --include_path="C:/ti/CC3200SDK_1.1.0/cc3200-sdk/simplelink/include" --include_path="C:/ti/CC3200SDK_1.1.0/cc3200-sdk/simplelink/source" --include_path="C:/ti/CC3200SDK_1.1.0/cc3200-sdk/example/common" --include_path="C:/ti/CC3200SDK_1.1.0/cc3200-sdk/oslib" --include_path="C:/ti/CC3200SDK_1.1.0/cc3200-sdk/driverlib" --include_path="C:/ti/CC3200SDK_1.1.0/cc3200-sdk/inc" -g --gcc --define=ccs --define=NOTERM --define=USE_FREERTOS --define=SL_PLATFORM_MULTI_THREADED --define=cc3200 --display_error_number --diag_warning=225 --diag_wrap=off --preproc_with_compile --preproc_dependency="pcm_handler.pp"  "../pcm_handler.c"
'Finished building: ../pcm_handler.c'
' '
'Building file: ../pinmux.c'
'Invoking: ARM Compiler'
"C:/ti/ccsv6/tools/compiler/ti-cgt-arm_5.2.2/bin/armcl" -mv7M4 --code_state=16 --float_support=vfplib --abi=eabi -me --include_path="C:/ti/ccsv6/tools/compiler/ti-cgt-arm_5.2.2/include" --include_path="C:/ti/CC3200SDK_1.1.0/cc3200-sdk/simplelink/" --include_path="C:/ti/CC3200SDK_1.1.0/cc3200-sdk/simplelink/include" --include_path="C:/ti/CC3200SDK_1.1.0/cc3200-sdk/simplelink/source" --include_path="C:/ti/CC3200SDK_1.1.0/cc3200-sdk/example/common" --include_path="C:/ti/CC3200SDK_1.1.0/cc3200-sdk/oslib" --include_path="C:/ti/CC3200SDK_1.1.0/cc3200-sdk/driverlib" --include_path="C:/ti/CC3200SDK_1.1.0/cc3200-sdk/inc" -g --gcc --define=ccs --define=NOTERM --define=USE_FREERTOS --define=SL_PLATFORM_MULTI_THREADED --define=cc3200 --display_error_number --diag_warning=225 --diag_wrap=off --preproc_with_compile --preproc_dependency="pinmux.pp"  "../pinmux.c"
'Finished building: ../pinmux.c'
' '
'Building file: ../smartconfig.c'
'Invoking: ARM Compiler'
"C:/ti/ccsv6/tools/compiler/ti-cgt-arm_5.2.2/bin/armcl" -mv7M4 --code_state=16 --float_support=vfplib --abi=eabi -me --include_path="C:/ti/ccsv6/tools/compiler/ti-cgt-arm_5.2.2/include" --include_path="C:/ti/CC3200SDK_1.1.0/cc3200-sdk/simplelink/" --include_path="C:/ti/CC3200SDK_1.1.0/cc3200-sdk/simplelink/include" --include_path="C:/ti/CC3200SDK_1.1.0/cc3200-sdk/simplelink/source" --include_path="C:/ti/CC3200SDK_1.1.0/cc3200-sdk/example/common" --include_path="C:/ti/CC3200SDK_1.1.0/cc3200-sdk/oslib" --include_path="C:/ti/CC3200SDK_1.1.0/cc3200-sdk/driverlib" --include_path="C:/ti/CC3200SDK_1.1.0/cc3200-sdk/inc" -g --gcc --define=ccs --define=NOTERM --define=USE_FREERTOS --define=SL_PLATFORM_MULTI_THREADED --define=cc3200 --display_error_number --diag_warning=225 --diag_wrap=off --preproc_with_compile --preproc_dependency="smartconfig.pp"  "../smartconfig.c"
'Finished building: ../smartconfig.c'
' '
'Building file: ../speaker.c'
'Invoking: ARM Compiler'
"C:/ti/ccsv6/tools/compiler/ti-cgt-arm_5.2.2/bin/armcl" -mv7M4 --code_state=16 --float_support=vfplib --abi=eabi -me --include_path="C:/ti/ccsv6/tools/compiler/ti-cgt-arm_5.2.2/include" --include_path="C:/ti/CC3200SDK_1.1.0/cc3200-sdk/simplelink/" --include_path="C:/ti/CC3200SDK_1.1.0/cc3200-sdk/simplelink/include" --include_path="C:/ti/CC3200SDK_1.1.0/cc3200-sdk/simplelink/source" --include_path="C:/ti/CC3200SDK_1.1.0/cc3200-sdk/example/common" --include_path="C:/ti/CC3200SDK_1.1.0/cc3200-sdk/oslib" --include_path="C:/ti/CC3200SDK_1.1.0/cc3200-sdk/driverlib" --include_path="C:/ti/CC3200SDK_1.1.0/cc3200-sdk/inc" -g --gcc --define=ccs --define=NOTERM --define=USE_FREERTOS --define=SL_PLATFORM_MULTI_THREADED --define=cc3200 --display_error_number --diag_warning=225 --diag_wrap=off --preproc_with_compile --preproc_dependency="speaker.pp"  "../speaker.c"
'Finished building: ../speaker.c'
' '
'Building file: C:/ti/CC3200SDK_1.1.0/cc3200-sdk/example/common/startup_ccs.c'
'Invoking: ARM Compiler'
"C:/ti/ccsv6/tools/compiler/ti-cgt-arm_5.2.2/bin/armcl" -mv7M4 --code_state=16 --float_support=vfplib --abi=eabi -me --include_path="C:/ti/ccsv6/tools/compiler/ti-cgt-arm_5.2.2/include" --include_path="C:/ti/CC3200SDK_1.1.0/cc3200-sdk/simplelink/" --include_path="C:/ti/CC3200SDK_1.1.0/cc3200-sdk/simplelink/include" --include_path="C:/ti/CC3200SDK_1.1.0/cc3200-sdk/simplelink/source" --include_path="C:/ti/CC3200SDK_1.1.0/cc3200-sdk/example/common" --include_path="C:/ti/CC3200SDK_1.1.0/cc3200-sdk/oslib" --include_path="C:/ti/CC3200SDK_1.1.0/cc3200-sdk/driverlib" --include_path="C:/ti/CC3200SDK_1.1.0/cc3200-sdk/inc" -g --gcc --define=ccs --define=NOTERM --define=USE_FREERTOS --define=SL_PLATFORM_MULTI_THREADED --define=cc3200 --display_error_number --diag_warning=225 --diag_wrap=off --preproc_with_compile --preproc_dependency="startup_ccs.pp"  "C:/ti/CC3200SDK_1.1.0/cc3200-sdk/example/common/startup_ccs.c"
'Finished building: C:/ti/CC3200SDK_1.1.0/cc3200-sdk/example/common/startup_ccs.c'
' '
'Building file: C:/ti/CC3200SDK_1.1.0/cc3200-sdk/example/common/timer_if.c'
'Invoking: ARM Compiler'
"C:/ti/ccsv6/tools/compiler/ti-cgt-arm_5.2.2/bin/armcl" -mv7M4 --code_state=16 --float_support=vfplib --abi=eabi -me --include_path="C:/ti/ccsv6/tools/compiler/ti-cgt-arm_5.2.2/include" --include_path="C:/ti/CC3200SDK_1.1.0/cc3200-sdk/simplelink/" --include_path="C:/ti/CC3200SDK_1.1.0/cc3200-sdk/simplelink/include" --include_path="C:/ti/CC3200SDK_1.1.0/cc3200-sdk/simplelink/source" --include_path="C:/ti/CC3200SDK_1.1.0/cc3200-sdk/example/common" --include_path="C:/ti/CC3200SDK_1.1.0/cc3200-sdk/oslib" --include_path="C:/ti/CC3200SDK_1.1.0/cc3200-sdk/driverlib" --include_path="C:/ti/CC3200SDK_1.1.0/cc3200-sdk/inc" -g --gcc --define=ccs --define=NOTERM --define=USE_FREERTOS --define=SL_PLATFORM_MULTI_THREADED --define=cc3200 --display_error_number --diag_warning=225 --diag_wrap=off --preproc_with_compile --preproc_dependency="timer_if.pp"  "C:/ti/CC3200SDK_1.1.0/cc3200-sdk/example/common/timer_if.c"
'Finished building: C:/ti/CC3200SDK_1.1.0/cc3200-sdk/example/common/timer_if.c'
' '
'Building file: C:/ti/CC3200SDK_1.1.0/cc3200-sdk/example/common/uart_if.c'
'Invoking: ARM Compiler'
"C:/ti/ccsv6/tools/compiler/ti-cgt-arm_5.2.2/bin/armcl" -mv7M4 --code_state=16 --float_support=vfplib --abi=eabi -me --include_path="C:/ti/ccsv6/tools/compiler/ti-cgt-arm_5.2.2/include" --include_path="C:/ti/CC3200SDK_1.1.0/cc3200-sdk/simplelink/" --include_path="C:/ti/CC3200SDK_1.1.0/cc3200-sdk/simplelink/include" --include_path="C:/ti/CC3200SDK_1.1.0/cc3200-sdk/simplelink/source" --include_path="C:/ti/CC3200SDK_1.1.0/cc3200-sdk/example/common" --include_path="C:/ti/CC3200SDK_1.1.0/cc3200-sdk/oslib" --include_path="C:/ti/CC3200SDK_1.1.0/cc3200-sdk/driverlib" --include_path="C:/ti/CC3200SDK_1.1.0/cc3200-sdk/inc" -g --gcc --define=ccs --define=NOTERM --define=USE_FREERTOS --define=SL_PLATFORM_MULTI_THREADED --define=cc3200 --display_error_number --diag_warning=225 --diag_wrap=off --preproc_with_compile --preproc_dependency="uart_if.pp"  "C:/ti/CC3200SDK_1.1.0/cc3200-sdk/example/common/uart_if.c"
'Finished building: C:/ti/CC3200SDK_1.1.0/cc3200-sdk/example/common/uart_if.c'
' '
'Building file: C:/ti/CC3200SDK_1.1.0/cc3200-sdk/example/common/udma_if.c'
'Invoking: ARM Compiler'
"C:/ti/ccsv6/tools/compiler/ti-cgt-arm_5.2.2/bin/armcl" -mv7M4 --code_state=16 --float_support=vfplib --abi=eabi -me --include_path="C:/ti/ccsv6/tools/compiler/ti-cgt-arm_5.2.2/include" --include_path="C:/ti/CC3200SDK_1.1.0/cc3200-sdk/simplelink/" --include_path="C:/ti/CC3200SDK_1.1.0/cc3200-sdk/simplelink/include" --include_path="C:/ti/CC3200SDK_1.1.0/cc3200-sdk/simplelink/source" --include_path="C:/ti/CC3200SDK_1.1.0/cc3200-sdk/example/common" --include_path="C:/ti/CC3200SDK_1.1.0/cc3200-sdk/oslib" --include_path="C:/ti/CC3200SDK_1.1.0/cc3200-sdk/driverlib" --include_path="C:/ti/CC3200SDK_1.1.0/cc3200-sdk/inc" -g --gcc --define=ccs --define=NOTERM --define=USE_FREERTOS --define=SL_PLATFORM_MULTI_THREADED --define=cc3200 --display_error_number --diag_warning=225 --diag_wrap=off --preproc_with_compile --preproc_dependency="udma_if.pp"  "C:/ti/CC3200SDK_1.1.0/cc3200-sdk/example/common/udma_if.c"
'Finished building: C:/ti/CC3200SDK_1.1.0/cc3200-sdk/example/common/udma_if.c'
' '
'Building file: C:/ti/CC3200SDK_1.1.0/cc3200-sdk/example/common/wdt_if.c'
'Invoking: ARM Compiler'
"C:/ti/ccsv6/tools/compiler/ti-cgt-arm_5.2.2/bin/armcl" -mv7M4 --code_state=16 --float_support=vfplib --abi=eabi -me --include_path="C:/ti/ccsv6/tools/compiler/ti-cgt-arm_5.2.2/include" --include_path="C:/ti/CC3200SDK_1.1.0/cc3200-sdk/simplelink/" --include_path="C:/ti/CC3200SDK_1.1.0/cc3200-sdk/simplelink/include" --include_path="C:/ti/CC3200SDK_1.1.0/cc3200-sdk/simplelink/source" --include_path="C:/ti/CC3200SDK_1.1.0/cc3200-sdk/example/common" --include_path="C:/ti/CC3200SDK_1.1.0/cc3200-sdk/oslib" --include_path="C:/ti/CC3200SDK_1.1.0/cc3200-sdk/driverlib" --include_path="C:/ti/CC3200SDK_1.1.0/cc3200-sdk/inc" -g --gcc --define=ccs --define=NOTERM --define=USE_FREERTOS --define=SL_PLATFORM_MULTI_THREADED --define=cc3200 --display_error_number --diag_warning=225 --diag_wrap=off --preproc_with_compile --preproc_dependency="wdt_if.pp"  "C:/ti/CC3200SDK_1.1.0/cc3200-sdk/example/common/wdt_if.c"
'Finished building: C:/ti/CC3200SDK_1.1.0/cc3200-sdk/example/common/wdt_if.c'
' '
'Building target: wifi_audio_app.out'
'Invoking: ARM Linker'
"C:/ti/ccsv6/tools/compiler/ti-cgt-arm_5.2.2/bin/armcl" -mv7M4 --code_state=16 --float_support=vfplib --abi=eabi -me -g --gcc --define=ccs --define=NOTERM --define=USE_FREERTOS --define=SL_PLATFORM_MULTI_THREADED --define=cc3200 --display_error_number --diag_warning=225 --diag_wrap=off -z -m"wifi_audio_app.map" --heap_size=0x17000 --stack_size=0x500 -i"C:/ti/ccsv6/tools/compiler/ti-cgt-arm_5.2.2/lib" -i"C:/ti/ccsv6/tools/compiler/ti-cgt-arm_5.2.2/include" --reread_libs --warn_sections --display_error_number --diag_wrap=off --xml_link_info="wifi_audio_app_linkInfo.xml" --rom_model -o "wifi_audio_app.out" "./audiocodec.obj" "./circ_buff.obj" "./control.obj" "./gpio_if.obj" "./i2c_if.obj" "./i2s_if.obj" "./main.obj" "./microphone.obj" "./network.obj" "./pcm_handler.obj" "./pinmux.obj" "./smartconfig.obj" "./speaker.obj" "./startup_ccs.obj" "./timer_if.obj" "./uart_if.obj" "./udma_if.obj" "./wdt_if.obj" "../cc3200v1p32.cmd"  -l"libc.a" -l"C:/ti/CC3200SDK_1.1.0/cc3200-sdk/example/wifi_audio_app/ccs/../../../driverlib/ccs/Release/driverlib.a" -l"C:/ti/CC3200SDK_1.1.0/cc3200-sdk/example/wifi_audio_app/ccs/../../../simplelink/ccs/OS/simplelink.a" -l"C:/ti/CC3200SDK_1.1.0/cc3200-sdk/example/wifi_audio_app/ccs/../../../oslib/ccs/free_rtos/free_rtos.a" 
<Linking>
'Finished building target: wifi_audio_app.out'
' '
'convert to bin file'
"C:/ti/ccsv6/utils/tiobj2bin/tiobj2bin" "wifi_audio_app.out" "wifi_audio_app.bin" "C:/ti/ccsv6/tools/compiler/ti-cgt-arm_5.2.2/bin/armofd" "C:/ti/ccsv6/tools/compiler/ti-cgt-arm_5.2.2/bin/armhex" "C:/ti/ccsv6/utils/tiobj2bin/mkhex4bin"
' '

**** Build Finished ****
